
===========================================================================
 report_power
============================================================================
======================= Fastest Corner ===================================

Group                  Internal  Switching    Leakage      Total
                          Power      Power      Power      Power (Watts)
----------------------------------------------------------------
Sequential             1.62e-04   7.67e-06   4.80e-10   1.69e-04  45.0%
Combinational          2.51e-05   2.13e-05   1.58e-09   4.65e-05  12.3%
Clock                  1.02e-04   5.86e-05   5.56e-10   1.61e-04  42.7%
Macro                  0.00e+00   0.00e+00   0.00e+00   0.00e+00   0.0%
Pad                    0.00e+00   0.00e+00   0.00e+00   0.00e+00   0.0%
----------------------------------------------------------------
Total                  2.89e-04   8.76e-05   2.61e-09   3.76e-04 100.0%
                          76.7%      23.3%       0.0%

======================= Slowest Corner ===================================

Group                  Internal  Switching    Leakage      Total
                          Power      Power      Power      Power (Watts)
----------------------------------------------------------------
Sequential             1.08e-04   4.98e-06   4.57e-07   1.14e-04  44.3%
Combinational          1.83e-05   1.40e-05   7.12e-07   3.30e-05  12.8%
Clock                  7.27e-05   3.75e-05   1.04e-07   1.10e-04  42.9%
Macro                  0.00e+00   0.00e+00   0.00e+00   0.00e+00   0.0%
Pad                    0.00e+00   0.00e+00   0.00e+00   0.00e+00   0.0%
----------------------------------------------------------------
Total                  1.99e-04   5.65e-05   1.27e-06   2.57e-04 100.0%
                          77.5%      22.0%       0.5%

======================= Typical Corner ===================================

Group                  Internal  Switching    Leakage      Total
                          Power      Power      Power      Power (Watts)
----------------------------------------------------------------
Sequential             1.39e-04   6.40e-06   2.69e-10   1.46e-04  44.9%
Combinational          2.26e-05   1.79e-05   6.17e-10   4.05e-05  12.5%
Clock                  8.93e-05   4.92e-05   2.91e-10   1.38e-04  42.7%
Macro                  0.00e+00   0.00e+00   0.00e+00   0.00e+00   0.0%
Pad                    0.00e+00   0.00e+00   0.00e+00   0.00e+00   0.0%
----------------------------------------------------------------
Total                  2.51e-04   7.35e-05   1.18e-09   3.25e-04 100.0%
                          77.4%      22.6%       0.0%

