OpenROAD b16bda7e82721d10566ff7e2b68f1ff0be9f9e38 
Features included (+) or not (-): +Charts +GPU +GUI +Python
This program is licensed under the BSD-3 license. See the LICENSE file for details.
Components of this program may be licensed under more restrictive licenses which must be honored.
define_corners Typical
read_liberty -corner Typical /openlane/pdks/sky130A/libs.ref/sky130_fd_sc_hd/lib/sky130_fd_sc_hd__tt_025C_1v80.lib
Using 1e-12 for capacitance...
Using 1e+03 for resistance...
Using 1e-09 for time...
Using 1e+00 for voltage...
Using 1e-03 for current...
Using 1e-09 for power...
Using 1e-06 for distance...
[INFO]: Reading ODB at '/workspace/digital/designs/radio/runs/RUN_2025.06.26_09.41.54/tmp/20-radio.odb'…
Reading design constraints file at '/nix/store/xpc7xd67rslanlqh566s6jph53bn830w-openlane1-1.1.1/bin/scripts/base.sdc'…
[INFO]: Setting output delay to: 2.0
[INFO]: Setting input delay to: 2.0
[INFO]: Setting load to: 0.0
[INFO]: Setting clock uncertainty to: 0.25
[INFO]: Setting clock transition to: 0.15
[INFO]: Setting timing derate to: 5.0 %
[INFO]: Setting signal min routing layer to: met1 and clock min routing layer to met3. 
[INFO]: Setting signal max routing layer to: met5 and clock max routing layer to met5. 
-congestion_iterations 50 -verbose -congestion_report_file /workspace/digital/designs/radio/runs/RUN_2025.06.26_09.41.54/tmp/routing/groute-congestion.rpt
[INFO GRT-0020] Min routing layer: met1
[INFO GRT-0021] Max routing layer: met5
[INFO GRT-0022] Global adjustment: 30%
[INFO GRT-0023] Grid origin: (0, 0)
[INFO GRT-0043] No OR_DEFAULT vias defined.
[INFO GRT-0088] Layer li1     Track-Pitch = 0.4600  line-2-Via Pitch: 0.3400
[INFO GRT-0088] Layer met1    Track-Pitch = 0.3400  line-2-Via Pitch: 0.3400
[INFO GRT-0088] Layer met2    Track-Pitch = 0.4600  line-2-Via Pitch: 0.3500
[INFO GRT-0088] Layer met3    Track-Pitch = 0.6800  line-2-Via Pitch: 0.6150
[INFO GRT-0088] Layer met4    Track-Pitch = 0.9200  line-2-Via Pitch: 1.0400
[INFO GRT-0088] Layer met5    Track-Pitch = 3.4000  line-2-Via Pitch: 3.1100
[INFO GRT-0019] Found 6 clock nets.
[INFO GRT-0001] Minimum degree: 2
[INFO GRT-0002] Maximum degree: 11
[INFO GRT-0003] Macros: 0
[INFO GRT-0043] No OR_DEFAULT vias defined.
[INFO GRT-0004] Blockages: 462

[INFO GRT-0053] Routing resources analysis:
          Routing      Original      Derated      Resource
Layer     Direction    Resources     Resources    Reduction (%)
---------------------------------------------------------------
li1        Vertical            0             0          0.00%
met1       Horizontal       1915           919          52.01%
met2       Vertical         1385           813          41.30%
met3       Horizontal        953           556          41.66%
met4       Vertical          566           221          60.95%
met5       Horizontal        187            56          70.05%
---------------------------------------------------------------

[INFO GRT-0197] Via related to pin nodes: 888
[INFO GRT-0198] Via related Steiner nodes: 6
[INFO GRT-0199] Via filling finished.
[INFO GRT-0111] Final number of vias: 1105
[INFO GRT-0112] Final usage 3D: 3728

[INFO GRT-0096] Final congestion report:
Layer         Resource        Demand        Usage (%)    Max H / Max V / Total Overflow
---------------------------------------------------------------------------------------
li1                  0             0            0.00%             0 /  0 /  0
met1               919           206           22.42%             0 /  0 /  0
met2               813           186           22.88%             0 /  0 /  0
met3               556            15            2.70%             0 /  0 /  0
met4               221             6            2.71%             0 /  0 /  0
met5                56             0            0.00%             0 /  0 /  0
---------------------------------------------------------------------------------------
Total             2565           413           16.10%             0 /  0 /  0

[INFO GRT-0018] Total wirelength: 5485 um
[INFO GRT-0014] Routed nets: 191
[INFO GRT-0006] Repairing antennas, iteration 1.
[INFO GRT-0043] No OR_DEFAULT vias defined.
[INFO GRT-0012] Found 0 antenna violations.
Placement Analysis
---------------------------------
total displacement          0.0 u
average displacement        0.0 u
max displacement            0.0 u
original HPWL            2498.9 u
legalized HPWL           2721.4 u
delta HPWL                    9 %

[INFO DPL-0020] Mirrored 88 instances
[INFO DPL-0021] HPWL before            2721.4 u
[INFO DPL-0022] HPWL after             2498.9 u
[INFO DPL-0023] HPWL delta               -8.2 %
[INFO]: Setting signal min routing layer to: met1 and clock min routing layer to met3. 
[INFO]: Setting signal max routing layer to: met5 and clock max routing layer to met5. 
-congestion_iterations 50 -verbose -congestion_report_file /workspace/digital/designs/radio/runs/RUN_2025.06.26_09.41.54/tmp/routing/groute-congestion.rpt
[INFO GRT-0020] Min routing layer: met1
[INFO GRT-0021] Max routing layer: met5
[INFO GRT-0022] Global adjustment: 30%
[INFO GRT-0023] Grid origin: (0, 0)
[INFO GRT-0043] No OR_DEFAULT vias defined.
[INFO GRT-0088] Layer li1     Track-Pitch = 0.4600  line-2-Via Pitch: 0.3400
[INFO GRT-0088] Layer met1    Track-Pitch = 0.3400  line-2-Via Pitch: 0.3400
[INFO GRT-0088] Layer met2    Track-Pitch = 0.4600  line-2-Via Pitch: 0.3500
[INFO GRT-0088] Layer met3    Track-Pitch = 0.6800  line-2-Via Pitch: 0.6150
[INFO GRT-0088] Layer met4    Track-Pitch = 0.9200  line-2-Via Pitch: 1.0400
[INFO GRT-0088] Layer met5    Track-Pitch = 3.4000  line-2-Via Pitch: 3.1100
[INFO GRT-0019] Found 6 clock nets.
[INFO GRT-0001] Minimum degree: 2
[INFO GRT-0002] Maximum degree: 11
[INFO GRT-0003] Macros: 0
[INFO GRT-0043] No OR_DEFAULT vias defined.
[INFO GRT-0004] Blockages: 462

[INFO GRT-0053] Routing resources analysis:
          Routing      Original      Derated      Resource
Layer     Direction    Resources     Resources    Reduction (%)
---------------------------------------------------------------
li1        Vertical            0             0          0.00%
met1       Horizontal       1915           919          52.01%
met2       Vertical         1385           813          41.30%
met3       Horizontal        953           556          41.66%
met4       Vertical          566           221          60.95%
met5       Horizontal        187            56          70.05%
---------------------------------------------------------------

[INFO GRT-0197] Via related to pin nodes: 888
[INFO GRT-0198] Via related Steiner nodes: 6
[INFO GRT-0199] Via filling finished.
[INFO GRT-0111] Final number of vias: 1105
[INFO GRT-0112] Final usage 3D: 3728

[INFO GRT-0096] Final congestion report:
Layer         Resource        Demand        Usage (%)    Max H / Max V / Total Overflow
---------------------------------------------------------------------------------------
li1                  0             0            0.00%             0 /  0 /  0
met1               919           206           22.42%             0 /  0 /  0
met2               813           186           22.88%             0 /  0 /  0
met3               556            15            2.70%             0 /  0 /  0
met4               221             6            2.71%             0 /  0 /  0
met5                56             0            0.00%             0 /  0 /  0
---------------------------------------------------------------------------------------
Total             2565           413           16.10%             0 /  0 /  0

[INFO GRT-0018] Total wirelength: 5485 um
[INFO GRT-0014] Routed nets: 191
Setting global connections for newly added cells…
Writing OpenROAD database to '/workspace/digital/designs/radio/runs/RUN_2025.06.26_09.41.54/tmp/routing/22-global.odb'…
Writing layout to '/workspace/digital/designs/radio/runs/RUN_2025.06.26_09.41.54/tmp/routing/22-global.def'…
Writing routing guides to '/workspace/digital/designs/radio/runs/RUN_2025.06.26_09.41.54/tmp/routing/22-global.guide'…
