
63. Printing statistics.

=== radio ===

   Number of wires:                111
   Number of wire bits:            125
   Number of public wires:          33
   Number of public wire bits:      47
   Number of memories:               0
   Number of memory bits:            0
   Number of processes:              0
   Number of cells:                112
     sky130_fd_sc_hd__a21boi_2       1
     sky130_fd_sc_hd__a221o_2        7
     sky130_fd_sc_hd__a22o_2        18
     sky130_fd_sc_hd__a31o_2         1
     sky130_fd_sc_hd__and2_2        22
     sky130_fd_sc_hd__and2b_2        1
     sky130_fd_sc_hd__and3_2         3
     sky130_fd_sc_hd__buf_1          4
     sky130_fd_sc_hd__dfxtp_2       33
     sky130_fd_sc_hd__inv_2          3
     sky130_fd_sc_hd__nand2_2        2
     sky130_fd_sc_hd__nor2_2         2
     sky130_fd_sc_hd__nor2b_2        1
     sky130_fd_sc_hd__o2111a_2       1
     sky130_fd_sc_hd__o211a_2        6
     sky130_fd_sc_hd__o21a_2         2
     sky130_fd_sc_hd__o21ai_2        2
     sky130_fd_sc_hd__o221a_2        1
     sky130_fd_sc_hd__or2_2          1
     sky130_fd_sc_hd__or2b_2         1

   Chip area for module '\radio': 1371.315200

