
===========================================================================
report_checks -path_delay max (Setup)
============================================================================
======================= Typical Corner ===================================

Startpoint: _164_ (rising edge-triggered flip-flop clocked by clk)
Endpoint: busy (output port clocked by clk)
Path Group: clk
Path Type: max

Fanout     Cap    Slew   Delay    Time   Description
-----------------------------------------------------------------------------
                  0.15    0.00    0.00   clock clk (rise edge)
                          0.00    0.00   clock network delay (ideal)
                  0.15    0.00    0.00 ^ _164_/CLK (sky130_fd_sc_hd__dfxtp_2)
     8    0.02    0.06    0.40    0.40 v _164_/Q (sky130_fd_sc_hd__dfxtp_2)
                                         rx_busy (net)
                  0.06    0.00    0.40 v _078_/A (sky130_fd_sc_hd__buf_1)
    10    0.02    0.14    0.20    0.59 v _078_/X (sky130_fd_sc_hd__buf_1)
                                         _062_ (net)
                  0.14    0.00    0.59 v _080_/A (sky130_fd_sc_hd__or2_2)
     1    0.00    0.04    0.32    0.91 v _080_/X (sky130_fd_sc_hd__or2_2)
                                         busy (net)
                  0.04    0.00    0.91 v busy (out)
                                  0.91   data arrival time

                  0.15   10.00   10.00   clock clk (rise edge)
                          0.00   10.00   clock network delay (ideal)
                         -0.25    9.75   clock uncertainty
                          0.00    9.75   clock reconvergence pessimism
                         -2.00    7.75   output external delay
                                  7.75   data required time
-----------------------------------------------------------------------------
                                  7.75   data required time
                                 -0.91   data arrival time
-----------------------------------------------------------------------------
                                  6.84   slack (MET)


Startpoint: send (input port clocked by clk)
Endpoint: _157_ (rising edge-triggered flip-flop clocked by clk)
Path Group: clk
Path Type: max

Fanout     Cap    Slew   Delay    Time   Description
-----------------------------------------------------------------------------
                  0.15    0.00    0.00   clock clk (rise edge)
                          0.00    0.00   clock network delay (ideal)
                          2.00    2.00 v input external delay
     6    0.02    0.04    0.03    2.03 v send (in)
                                         send (net)
                  0.04    0.00    2.03 v _082_/B_N (sky130_fd_sc_hd__nor2b_2)
     8    0.02    0.06    0.19    2.21 v _082_/Y (sky130_fd_sc_hd__nor2b_2)
                                         _065_ (net)
                  0.06    0.00    2.21 v _085_/A2 (sky130_fd_sc_hd__a221o_2)
     1    0.00    0.05    0.39    2.60 v _085_/X (sky130_fd_sc_hd__a221o_2)
                                         _068_ (net)
                  0.05    0.00    2.60 v _086_/B (sky130_fd_sc_hd__and2_2)
     1    0.00    0.03    0.19    2.79 v _086_/X (sky130_fd_sc_hd__and2_2)
                                         _000_ (net)
                  0.03    0.00    2.79 v _157_/D (sky130_fd_sc_hd__dfxtp_2)
                                  2.79   data arrival time

                  0.15   10.00   10.00   clock clk (rise edge)
                          0.00   10.00   clock network delay (ideal)
                         -0.25    9.75   clock uncertainty
                          0.00    9.75   clock reconvergence pessimism
                                  9.75 ^ _157_/CLK (sky130_fd_sc_hd__dfxtp_2)
                         -0.08    9.67   library setup time
                                  9.67   data required time
-----------------------------------------------------------------------------
                                  9.67   data required time
                                 -2.79   data arrival time
-----------------------------------------------------------------------------
                                  6.88   slack (MET)


Startpoint: send (input port clocked by clk)
Endpoint: _158_ (rising edge-triggered flip-flop clocked by clk)
Path Group: clk
Path Type: max

Fanout     Cap    Slew   Delay    Time   Description
-----------------------------------------------------------------------------
                  0.15    0.00    0.00   clock clk (rise edge)
                          0.00    0.00   clock network delay (ideal)
                          2.00    2.00 v input external delay
     6    0.02    0.04    0.03    2.03 v send (in)
                                         send (net)
                  0.04    0.00    2.03 v _082_/B_N (sky130_fd_sc_hd__nor2b_2)
     8    0.02    0.06    0.19    2.21 v _082_/Y (sky130_fd_sc_hd__nor2b_2)
                                         _065_ (net)
                  0.06    0.00    2.21 v _088_/A2 (sky130_fd_sc_hd__a221o_2)
     1    0.00    0.05    0.39    2.60 v _088_/X (sky130_fd_sc_hd__a221o_2)
                                         _070_ (net)
                  0.05    0.00    2.60 v _089_/B (sky130_fd_sc_hd__and2_2)
     1    0.00    0.03    0.19    2.79 v _089_/X (sky130_fd_sc_hd__and2_2)
                                         _001_ (net)
                  0.03    0.00    2.79 v _158_/D (sky130_fd_sc_hd__dfxtp_2)
                                  2.79   data arrival time

                  0.15   10.00   10.00   clock clk (rise edge)
                          0.00   10.00   clock network delay (ideal)
                         -0.25    9.75   clock uncertainty
                          0.00    9.75   clock reconvergence pessimism
                                  9.75 ^ _158_/CLK (sky130_fd_sc_hd__dfxtp_2)
                         -0.08    9.67   library setup time
                                  9.67   data required time
-----------------------------------------------------------------------------
                                  9.67   data required time
                                 -2.79   data arrival time
-----------------------------------------------------------------------------
                                  6.88   slack (MET)


Startpoint: send (input port clocked by clk)
Endpoint: _159_ (rising edge-triggered flip-flop clocked by clk)
Path Group: clk
Path Type: max

Fanout     Cap    Slew   Delay    Time   Description
-----------------------------------------------------------------------------
                  0.15    0.00    0.00   clock clk (rise edge)
                          0.00    0.00   clock network delay (ideal)
                          2.00    2.00 v input external delay
     6    0.02    0.04    0.03    2.03 v send (in)
                                         send (net)
                  0.04    0.00    2.03 v _082_/B_N (sky130_fd_sc_hd__nor2b_2)
     8    0.02    0.06    0.19    2.21 v _082_/Y (sky130_fd_sc_hd__nor2b_2)
                                         _065_ (net)
                  0.06    0.00    2.21 v _091_/A2 (sky130_fd_sc_hd__a221o_2)
     1    0.00    0.05    0.39    2.60 v _091_/X (sky130_fd_sc_hd__a221o_2)
                                         _072_ (net)
                  0.05    0.00    2.60 v _092_/B (sky130_fd_sc_hd__and2_2)
     1    0.00    0.03    0.19    2.79 v _092_/X (sky130_fd_sc_hd__and2_2)
                                         _002_ (net)
                  0.03    0.00    2.79 v _159_/D (sky130_fd_sc_hd__dfxtp_2)
                                  2.79   data arrival time

                  0.15   10.00   10.00   clock clk (rise edge)
                          0.00   10.00   clock network delay (ideal)
                         -0.25    9.75   clock uncertainty
                          0.00    9.75   clock reconvergence pessimism
                                  9.75 ^ _159_/CLK (sky130_fd_sc_hd__dfxtp_2)
                         -0.08    9.67   library setup time
                                  9.67   data required time
-----------------------------------------------------------------------------
                                  9.67   data required time
                                 -2.79   data arrival time
-----------------------------------------------------------------------------
                                  6.88   slack (MET)


Startpoint: send (input port clocked by clk)
Endpoint: _160_ (rising edge-triggered flip-flop clocked by clk)
Path Group: clk
Path Type: max

Fanout     Cap    Slew   Delay    Time   Description
-----------------------------------------------------------------------------
                  0.15    0.00    0.00   clock clk (rise edge)
                          0.00    0.00   clock network delay (ideal)
                          2.00    2.00 v input external delay
     6    0.02    0.04    0.03    2.03 v send (in)
                                         send (net)
                  0.04    0.00    2.03 v _082_/B_N (sky130_fd_sc_hd__nor2b_2)
     8    0.02    0.06    0.19    2.21 v _082_/Y (sky130_fd_sc_hd__nor2b_2)
                                         _065_ (net)
                  0.06    0.00    2.21 v _095_/A2 (sky130_fd_sc_hd__a221o_2)
     1    0.00    0.05    0.39    2.60 v _095_/X (sky130_fd_sc_hd__a221o_2)
                                         _075_ (net)
                  0.05    0.00    2.60 v _096_/B (sky130_fd_sc_hd__and2_2)
     1    0.00    0.03    0.19    2.79 v _096_/X (sky130_fd_sc_hd__and2_2)
                                         _003_ (net)
                  0.03    0.00    2.79 v _160_/D (sky130_fd_sc_hd__dfxtp_2)
                                  2.79   data arrival time

                  0.15   10.00   10.00   clock clk (rise edge)
                          0.00   10.00   clock network delay (ideal)
                         -0.25    9.75   clock uncertainty
                          0.00    9.75   clock reconvergence pessimism
                                  9.75 ^ _160_/CLK (sky130_fd_sc_hd__dfxtp_2)
                         -0.08    9.67   library setup time
                                  9.67   data required time
-----------------------------------------------------------------------------
                                  9.67   data required time
                                 -2.79   data arrival time
-----------------------------------------------------------------------------
                                  6.88   slack (MET)


Startpoint: send (input port clocked by clk)
Endpoint: _161_ (rising edge-triggered flip-flop clocked by clk)
Path Group: clk
Path Type: max

Fanout     Cap    Slew   Delay    Time   Description
-----------------------------------------------------------------------------
                  0.15    0.00    0.00   clock clk (rise edge)
                          0.00    0.00   clock network delay (ideal)
                          2.00    2.00 v input external delay
     6    0.02    0.04    0.03    2.03 v send (in)
                                         send (net)
                  0.04    0.00    2.03 v _082_/B_N (sky130_fd_sc_hd__nor2b_2)
     8    0.02    0.06    0.19    2.21 v _082_/Y (sky130_fd_sc_hd__nor2b_2)
                                         _065_ (net)
                  0.06    0.00    2.21 v _098_/A2 (sky130_fd_sc_hd__a221o_2)
     1    0.00    0.05    0.39    2.60 v _098_/X (sky130_fd_sc_hd__a221o_2)
                                         _077_ (net)
                  0.05    0.00    2.60 v _099_/B (sky130_fd_sc_hd__and2_2)
     1    0.00    0.03    0.19    2.79 v _099_/X (sky130_fd_sc_hd__and2_2)
                                         _004_ (net)
                  0.03    0.00    2.79 v _161_/D (sky130_fd_sc_hd__dfxtp_2)
                                  2.79   data arrival time

                  0.15   10.00   10.00   clock clk (rise edge)
                          0.00   10.00   clock network delay (ideal)
                         -0.25    9.75   clock uncertainty
                          0.00    9.75   clock reconvergence pessimism
                                  9.75 ^ _161_/CLK (sky130_fd_sc_hd__dfxtp_2)
                         -0.08    9.67   library setup time
                                  9.67   data required time
-----------------------------------------------------------------------------
                                  9.67   data required time
                                 -2.79   data arrival time
-----------------------------------------------------------------------------
                                  6.88   slack (MET)


Startpoint: send (input port clocked by clk)
Endpoint: _162_ (rising edge-triggered flip-flop clocked by clk)
Path Group: clk
Path Type: max

Fanout     Cap    Slew   Delay    Time   Description
-----------------------------------------------------------------------------
                  0.15    0.00    0.00   clock clk (rise edge)
                          0.00    0.00   clock network delay (ideal)
                          2.00    2.00 v input external delay
     6    0.02    0.04    0.03    2.03 v send (in)
                                         send (net)
                  0.04    0.00    2.03 v _082_/B_N (sky130_fd_sc_hd__nor2b_2)
     8    0.02    0.06    0.19    2.21 v _082_/Y (sky130_fd_sc_hd__nor2b_2)
                                         _065_ (net)
                  0.06    0.00    2.21 v _101_/A2 (sky130_fd_sc_hd__a221o_2)
     1    0.00    0.05    0.39    2.60 v _101_/X (sky130_fd_sc_hd__a221o_2)
                                         _034_ (net)
                  0.05    0.00    2.60 v _102_/B (sky130_fd_sc_hd__and2_2)
     1    0.00    0.03    0.19    2.79 v _102_/X (sky130_fd_sc_hd__and2_2)
                                         _005_ (net)
                  0.03    0.00    2.79 v _162_/D (sky130_fd_sc_hd__dfxtp_2)
                                  2.79   data arrival time

                  0.15   10.00   10.00   clock clk (rise edge)
                          0.00   10.00   clock network delay (ideal)
                         -0.25    9.75   clock uncertainty
                          0.00    9.75   clock reconvergence pessimism
                                  9.75 ^ _162_/CLK (sky130_fd_sc_hd__dfxtp_2)
                         -0.08    9.67   library setup time
                                  9.67   data required time
-----------------------------------------------------------------------------
                                  9.67   data required time
                                 -2.79   data arrival time
-----------------------------------------------------------------------------
                                  6.88   slack (MET)


Startpoint: send (input port clocked by clk)
Endpoint: _163_ (rising edge-triggered flip-flop clocked by clk)
Path Group: clk
Path Type: max

Fanout     Cap    Slew   Delay    Time   Description
-----------------------------------------------------------------------------
                  0.15    0.00    0.00   clock clk (rise edge)
                          0.00    0.00   clock network delay (ideal)
                          2.00    2.00 v input external delay
     6    0.02    0.04    0.03    2.03 v send (in)
                                         send (net)
                  0.04    0.00    2.03 v _082_/B_N (sky130_fd_sc_hd__nor2b_2)
     8    0.02    0.06    0.19    2.21 v _082_/Y (sky130_fd_sc_hd__nor2b_2)
                                         _065_ (net)
                  0.06    0.00    2.21 v _104_/A2 (sky130_fd_sc_hd__a221o_2)
     1    0.00    0.05    0.39    2.60 v _104_/X (sky130_fd_sc_hd__a221o_2)
                                         _036_ (net)
                  0.05    0.00    2.60 v _105_/B (sky130_fd_sc_hd__and2_2)
     1    0.00    0.03    0.19    2.79 v _105_/X (sky130_fd_sc_hd__and2_2)
                                         _006_ (net)
                  0.03    0.00    2.79 v _163_/D (sky130_fd_sc_hd__dfxtp_2)
                                  2.79   data arrival time

                  0.15   10.00   10.00   clock clk (rise edge)
                          0.00   10.00   clock network delay (ideal)
                         -0.25    9.75   clock uncertainty
                          0.00    9.75   clock reconvergence pessimism
                                  9.75 ^ _163_/CLK (sky130_fd_sc_hd__dfxtp_2)
                         -0.08    9.67   library setup time
                                  9.67   data required time
-----------------------------------------------------------------------------
                                  9.67   data required time
                                 -2.79   data arrival time
-----------------------------------------------------------------------------
                                  6.88   slack (MET)


Startpoint: enable (input port clocked by clk)
Endpoint: _180_ (rising edge-triggered flip-flop clocked by clk)
Path Group: clk
Path Type: max

Fanout     Cap    Slew   Delay    Time   Description
-----------------------------------------------------------------------------
                  0.15    0.00    0.00   clock clk (rise edge)
                          0.00    0.00   clock network delay (ideal)
                          2.00    2.00 ^ input external delay
     7    0.01    0.06    0.04    2.04 ^ enable (in)
                                         enable (net)
                  0.06    0.00    2.04 ^ _108_/B1_N (sky130_fd_sc_hd__a21boi_2)
    10    0.02    0.31    0.32    2.36 ^ _108_/Y (sky130_fd_sc_hd__a21boi_2)
                                         _039_ (net)
                  0.31    0.00    2.36 ^ _139_/B1 (sky130_fd_sc_hd__o211a_2)
     1    0.00    0.04    0.24    2.60 ^ _139_/X (sky130_fd_sc_hd__o211a_2)
                                         _023_ (net)
                  0.04    0.00    2.60 ^ _180_/D (sky130_fd_sc_hd__dfxtp_2)
                                  2.60   data arrival time

                  0.15   10.00   10.00   clock clk (rise edge)
                          0.00   10.00   clock network delay (ideal)
                         -0.25    9.75   clock uncertainty
                          0.00    9.75   clock reconvergence pessimism
                                  9.75 ^ _180_/CLK (sky130_fd_sc_hd__dfxtp_2)
                         -0.04    9.71   library setup time
                                  9.71   data required time
-----------------------------------------------------------------------------
                                  9.71   data required time
                                 -2.60   data arrival time
-----------------------------------------------------------------------------
                                  7.10   slack (MET)


Startpoint: receive (input port clocked by clk)
Endpoint: _179_ (rising edge-triggered flip-flop clocked by clk)
Path Group: clk
Path Type: max

Fanout     Cap    Slew   Delay    Time   Description
-----------------------------------------------------------------------------
                  0.15    0.00    0.00   clock clk (rise edge)
                          0.00    0.00   clock network delay (ideal)
                          2.00    2.00 v input external delay
     3    0.01    0.03    0.02    2.02 v receive (in)
                                         receive (net)
                  0.03    0.00    2.02 v _106_/B (sky130_fd_sc_hd__nor2_2)
    10    0.02    0.28    0.24    2.26 ^ _106_/Y (sky130_fd_sc_hd__nor2_2)
                                         _037_ (net)
                  0.28    0.00    2.26 ^ _135_/B1 (sky130_fd_sc_hd__a22o_2)
     1    0.00    0.04    0.19    2.45 ^ _135_/X (sky130_fd_sc_hd__a22o_2)
                                         _051_ (net)
                  0.04    0.00    2.45 ^ _136_/C1 (sky130_fd_sc_hd__o211a_2)
     1    0.00    0.04    0.15    2.60 ^ _136_/X (sky130_fd_sc_hd__o211a_2)
                                         _022_ (net)
                  0.04    0.00    2.60 ^ _179_/D (sky130_fd_sc_hd__dfxtp_2)
                                  2.60   data arrival time

                  0.15   10.00   10.00   clock clk (rise edge)
                          0.00   10.00   clock network delay (ideal)
                         -0.25    9.75   clock uncertainty
                          0.00    9.75   clock reconvergence pessimism
                                  9.75 ^ _179_/CLK (sky130_fd_sc_hd__dfxtp_2)
                         -0.04    9.71   library setup time
                                  9.71   data required time
-----------------------------------------------------------------------------
                                  9.71   data required time
                                 -2.60   data arrival time
-----------------------------------------------------------------------------
                                  7.11   slack (MET)


Startpoint: send (input port clocked by clk)
Endpoint: _174_ (rising edge-triggered flip-flop clocked by clk)
Path Group: clk
Path Type: max

Fanout     Cap    Slew   Delay    Time   Description
-----------------------------------------------------------------------------
                  0.15    0.00    0.00   clock clk (rise edge)
                          0.00    0.00   clock network delay (ideal)
                          2.00    2.00 v input external delay
     6    0.02    0.04    0.03    2.03 v send (in)
                                         send (net)
                  0.04    0.00    2.03 v _083_/B (sky130_fd_sc_hd__nor2_2)
     9    0.02    0.26    0.22    2.25 ^ _083_/Y (sky130_fd_sc_hd__nor2_2)
                                         _066_ (net)
                  0.26    0.00    2.25 ^ _122_/A2 (sky130_fd_sc_hd__a22o_2)
     1    0.00    0.04    0.20    2.45 ^ _122_/X (sky130_fd_sc_hd__a22o_2)
                                         _043_ (net)
                  0.04    0.00    2.45 ^ _123_/C1 (sky130_fd_sc_hd__o211a_2)
     1    0.00    0.04    0.15    2.60 ^ _123_/X (sky130_fd_sc_hd__o211a_2)
                                         _017_ (net)
                  0.04    0.00    2.60 ^ _174_/D (sky130_fd_sc_hd__dfxtp_2)
                                  2.60   data arrival time

                  0.15   10.00   10.00   clock clk (rise edge)
                          0.00   10.00   clock network delay (ideal)
                         -0.25    9.75   clock uncertainty
                          0.00    9.75   clock reconvergence pessimism
                                  9.75 ^ _174_/CLK (sky130_fd_sc_hd__dfxtp_2)
                         -0.04    9.71   library setup time
                                  9.71   data required time
-----------------------------------------------------------------------------
                                  9.71   data required time
                                 -2.60   data arrival time
-----------------------------------------------------------------------------
                                  7.11   slack (MET)


Startpoint: send (input port clocked by clk)
Endpoint: _175_ (rising edge-triggered flip-flop clocked by clk)
Path Group: clk
Path Type: max

Fanout     Cap    Slew   Delay    Time   Description
-----------------------------------------------------------------------------
                  0.15    0.00    0.00   clock clk (rise edge)
                          0.00    0.00   clock network delay (ideal)
                          2.00    2.00 v input external delay
     6    0.02    0.04    0.03    2.03 v send (in)
                                         send (net)
                  0.04    0.00    2.03 v _124_/A2 (sky130_fd_sc_hd__o211a_2)
     1    0.00    0.04    0.24    2.26 v _124_/X (sky130_fd_sc_hd__o211a_2)
                                         _044_ (net)
                  0.04    0.00    2.26 v _127_/A2 (sky130_fd_sc_hd__o221a_2)
     1    0.00    0.04    0.26    2.52 v _127_/X (sky130_fd_sc_hd__o221a_2)
                                         _018_ (net)
                  0.04    0.00    2.52 v _175_/D (sky130_fd_sc_hd__dfxtp_2)
                                  2.52   data arrival time

                  0.15   10.00   10.00   clock clk (rise edge)
                          0.00   10.00   clock network delay (ideal)
                         -0.25    9.75   clock uncertainty
                          0.00    9.75   clock reconvergence pessimism
                                  9.75 ^ _175_/CLK (sky130_fd_sc_hd__dfxtp_2)
                         -0.09    9.66   library setup time
                                  9.66   data required time
-----------------------------------------------------------------------------
                                  9.66   data required time
                                 -2.52   data arrival time
-----------------------------------------------------------------------------
                                  7.14   slack (MET)


Startpoint: receive (input port clocked by clk)
Endpoint: _181_ (rising edge-triggered flip-flop clocked by clk)
Path Group: clk
Path Type: max

Fanout     Cap    Slew   Delay    Time   Description
-----------------------------------------------------------------------------
                  0.15    0.00    0.00   clock clk (rise edge)
                          0.00    0.00   clock network delay (ideal)
                          2.00    2.00 v input external delay
     3    0.01    0.03    0.02    2.02 v receive (in)
                                         receive (net)
                  0.03    0.00    2.02 v _106_/B (sky130_fd_sc_hd__nor2_2)
    10    0.02    0.28    0.24    2.26 ^ _106_/Y (sky130_fd_sc_hd__nor2_2)
                                         _037_ (net)
                  0.28    0.00    2.26 ^ _140_/B1 (sky130_fd_sc_hd__a22o_2)
     1    0.00    0.03    0.19    2.44 ^ _140_/X (sky130_fd_sc_hd__a22o_2)
                                         _054_ (net)
                  0.03    0.00    2.44 ^ _141_/B (sky130_fd_sc_hd__and2_2)
     1    0.00    0.03    0.12    2.57 ^ _141_/X (sky130_fd_sc_hd__and2_2)
                                         _024_ (net)
                  0.03    0.00    2.57 ^ _181_/D (sky130_fd_sc_hd__dfxtp_2)
                                  2.57   data arrival time

                  0.15   10.00   10.00   clock clk (rise edge)
                          0.00   10.00   clock network delay (ideal)
                         -0.25    9.75   clock uncertainty
                          0.00    9.75   clock reconvergence pessimism
                                  9.75 ^ _181_/CLK (sky130_fd_sc_hd__dfxtp_2)
                         -0.04    9.71   library setup time
                                  9.71   data required time
-----------------------------------------------------------------------------
                                  9.71   data required time
                                 -2.57   data arrival time
-----------------------------------------------------------------------------
                                  7.14   slack (MET)


Startpoint: receive (input port clocked by clk)
Endpoint: _182_ (rising edge-triggered flip-flop clocked by clk)
Path Group: clk
Path Type: max

Fanout     Cap    Slew   Delay    Time   Description
-----------------------------------------------------------------------------
                  0.15    0.00    0.00   clock clk (rise edge)
                          0.00    0.00   clock network delay (ideal)
                          2.00    2.00 v input external delay
     3    0.01    0.03    0.02    2.02 v receive (in)
                                         receive (net)
                  0.03    0.00    2.02 v _106_/B (sky130_fd_sc_hd__nor2_2)
    10    0.02    0.28    0.24    2.26 ^ _106_/Y (sky130_fd_sc_hd__nor2_2)
                                         _037_ (net)
                  0.28    0.00    2.26 ^ _142_/B1 (sky130_fd_sc_hd__a22o_2)
     1    0.00    0.03    0.19    2.44 ^ _142_/X (sky130_fd_sc_hd__a22o_2)
                                         _055_ (net)
                  0.03    0.00    2.44 ^ _143_/B (sky130_fd_sc_hd__and2_2)
     1    0.00    0.03    0.12    2.57 ^ _143_/X (sky130_fd_sc_hd__and2_2)
                                         _025_ (net)
                  0.03    0.00    2.57 ^ _182_/D (sky130_fd_sc_hd__dfxtp_2)
                                  2.57   data arrival time

                  0.15   10.00   10.00   clock clk (rise edge)
                          0.00   10.00   clock network delay (ideal)
                         -0.25    9.75   clock uncertainty
                          0.00    9.75   clock reconvergence pessimism
                                  9.75 ^ _182_/CLK (sky130_fd_sc_hd__dfxtp_2)
                         -0.04    9.71   library setup time
                                  9.71   data required time
-----------------------------------------------------------------------------
                                  9.71   data required time
                                 -2.57   data arrival time
-----------------------------------------------------------------------------
                                  7.14   slack (MET)


Startpoint: receive (input port clocked by clk)
Endpoint: _183_ (rising edge-triggered flip-flop clocked by clk)
Path Group: clk
Path Type: max

Fanout     Cap    Slew   Delay    Time   Description
-----------------------------------------------------------------------------
                  0.15    0.00    0.00   clock clk (rise edge)
                          0.00    0.00   clock network delay (ideal)
                          2.00    2.00 v input external delay
     3    0.01    0.03    0.02    2.02 v receive (in)
                                         receive (net)
                  0.03    0.00    2.02 v _106_/B (sky130_fd_sc_hd__nor2_2)
    10    0.02    0.28    0.24    2.26 ^ _106_/Y (sky130_fd_sc_hd__nor2_2)
                                         _037_ (net)
                  0.28    0.00    2.26 ^ _144_/B1 (sky130_fd_sc_hd__a22o_2)
     1    0.00    0.03    0.19    2.44 ^ _144_/X (sky130_fd_sc_hd__a22o_2)
                                         _056_ (net)
                  0.03    0.00    2.44 ^ _145_/B (sky130_fd_sc_hd__and2_2)
     1    0.00    0.03    0.12    2.57 ^ _145_/X (sky130_fd_sc_hd__and2_2)
                                         _026_ (net)
                  0.03    0.00    2.57 ^ _183_/D (sky130_fd_sc_hd__dfxtp_2)
                                  2.57   data arrival time

                  0.15   10.00   10.00   clock clk (rise edge)
                          0.00   10.00   clock network delay (ideal)
                         -0.25    9.75   clock uncertainty
                          0.00    9.75   clock reconvergence pessimism
                                  9.75 ^ _183_/CLK (sky130_fd_sc_hd__dfxtp_2)
                         -0.04    9.71   library setup time
                                  9.71   data required time
-----------------------------------------------------------------------------
                                  9.71   data required time
                                 -2.57   data arrival time
-----------------------------------------------------------------------------
                                  7.14   slack (MET)


Startpoint: receive (input port clocked by clk)
Endpoint: _184_ (rising edge-triggered flip-flop clocked by clk)
Path Group: clk
Path Type: max

Fanout     Cap    Slew   Delay    Time   Description
-----------------------------------------------------------------------------
                  0.15    0.00    0.00   clock clk (rise edge)
                          0.00    0.00   clock network delay (ideal)
                          2.00    2.00 v input external delay
     3    0.01    0.03    0.02    2.02 v receive (in)
                                         receive (net)
                  0.03    0.00    2.02 v _106_/B (sky130_fd_sc_hd__nor2_2)
    10    0.02    0.28    0.24    2.26 ^ _106_/Y (sky130_fd_sc_hd__nor2_2)
                                         _037_ (net)
                  0.28    0.00    2.26 ^ _146_/B1 (sky130_fd_sc_hd__a22o_2)
     1    0.00    0.03    0.19    2.44 ^ _146_/X (sky130_fd_sc_hd__a22o_2)
                                         _057_ (net)
                  0.03    0.00    2.44 ^ _147_/B (sky130_fd_sc_hd__and2_2)
     1    0.00    0.03    0.12    2.57 ^ _147_/X (sky130_fd_sc_hd__and2_2)
                                         _027_ (net)
                  0.03    0.00    2.57 ^ _184_/D (sky130_fd_sc_hd__dfxtp_2)
                                  2.57   data arrival time

                  0.15   10.00   10.00   clock clk (rise edge)
                          0.00   10.00   clock network delay (ideal)
                         -0.25    9.75   clock uncertainty
                          0.00    9.75   clock reconvergence pessimism
                                  9.75 ^ _184_/CLK (sky130_fd_sc_hd__dfxtp_2)
                         -0.04    9.71   library setup time
                                  9.71   data required time
-----------------------------------------------------------------------------
                                  9.71   data required time
                                 -2.57   data arrival time
-----------------------------------------------------------------------------
                                  7.14   slack (MET)


Startpoint: receive (input port clocked by clk)
Endpoint: _185_ (rising edge-triggered flip-flop clocked by clk)
Path Group: clk
Path Type: max

Fanout     Cap    Slew   Delay    Time   Description
-----------------------------------------------------------------------------
                  0.15    0.00    0.00   clock clk (rise edge)
                          0.00    0.00   clock network delay (ideal)
                          2.00    2.00 v input external delay
     3    0.01    0.03    0.02    2.02 v receive (in)
                                         receive (net)
                  0.03    0.00    2.02 v _106_/B (sky130_fd_sc_hd__nor2_2)
    10    0.02    0.28    0.24    2.26 ^ _106_/Y (sky130_fd_sc_hd__nor2_2)
                                         _037_ (net)
                  0.28    0.00    2.26 ^ _148_/B1 (sky130_fd_sc_hd__a22o_2)
     1    0.00    0.03    0.19    2.44 ^ _148_/X (sky130_fd_sc_hd__a22o_2)
                                         _058_ (net)
                  0.03    0.00    2.44 ^ _149_/B (sky130_fd_sc_hd__and2_2)
     1    0.00    0.03    0.12    2.57 ^ _149_/X (sky130_fd_sc_hd__and2_2)
                                         _028_ (net)
                  0.03    0.00    2.57 ^ _185_/D (sky130_fd_sc_hd__dfxtp_2)
                                  2.57   data arrival time

                  0.15   10.00   10.00   clock clk (rise edge)
                          0.00   10.00   clock network delay (ideal)
                         -0.25    9.75   clock uncertainty
                          0.00    9.75   clock reconvergence pessimism
                                  9.75 ^ _185_/CLK (sky130_fd_sc_hd__dfxtp_2)
                         -0.04    9.71   library setup time
                                  9.71   data required time
-----------------------------------------------------------------------------
                                  9.71   data required time
                                 -2.57   data arrival time
-----------------------------------------------------------------------------
                                  7.14   slack (MET)


Startpoint: receive (input port clocked by clk)
Endpoint: _186_ (rising edge-triggered flip-flop clocked by clk)
Path Group: clk
Path Type: max

Fanout     Cap    Slew   Delay    Time   Description
-----------------------------------------------------------------------------
                  0.15    0.00    0.00   clock clk (rise edge)
                          0.00    0.00   clock network delay (ideal)
                          2.00    2.00 v input external delay
     3    0.01    0.03    0.02    2.02 v receive (in)
                                         receive (net)
                  0.03    0.00    2.02 v _106_/B (sky130_fd_sc_hd__nor2_2)
    10    0.02    0.28    0.24    2.26 ^ _106_/Y (sky130_fd_sc_hd__nor2_2)
                                         _037_ (net)
                  0.28    0.00    2.26 ^ _150_/B1 (sky130_fd_sc_hd__a22o_2)
     1    0.00    0.03    0.19    2.44 ^ _150_/X (sky130_fd_sc_hd__a22o_2)
                                         _059_ (net)
                  0.03    0.00    2.44 ^ _151_/B (sky130_fd_sc_hd__and2_2)
     1    0.00    0.03    0.12    2.57 ^ _151_/X (sky130_fd_sc_hd__and2_2)
                                         _029_ (net)
                  0.03    0.00    2.57 ^ _186_/D (sky130_fd_sc_hd__dfxtp_2)
                                  2.57   data arrival time

                  0.15   10.00   10.00   clock clk (rise edge)
                          0.00   10.00   clock network delay (ideal)
                         -0.25    9.75   clock uncertainty
                          0.00    9.75   clock reconvergence pessimism
                                  9.75 ^ _186_/CLK (sky130_fd_sc_hd__dfxtp_2)
                         -0.04    9.71   library setup time
                                  9.71   data required time
-----------------------------------------------------------------------------
                                  9.71   data required time
                                 -2.57   data arrival time
-----------------------------------------------------------------------------
                                  7.14   slack (MET)


Startpoint: receive (input port clocked by clk)
Endpoint: _188_ (rising edge-triggered flip-flop clocked by clk)
Path Group: clk
Path Type: max

Fanout     Cap    Slew   Delay    Time   Description
-----------------------------------------------------------------------------
                  0.15    0.00    0.00   clock clk (rise edge)
                          0.00    0.00   clock network delay (ideal)
                          2.00    2.00 v input external delay
     3    0.01    0.03    0.02    2.02 v receive (in)
                                         receive (net)
                  0.03    0.00    2.02 v _106_/B (sky130_fd_sc_hd__nor2_2)
    10    0.02    0.28    0.24    2.26 ^ _106_/Y (sky130_fd_sc_hd__nor2_2)
                                         _037_ (net)
                  0.28    0.00    2.26 ^ _154_/B1 (sky130_fd_sc_hd__a22o_2)
     1    0.00    0.03    0.19    2.44 ^ _154_/X (sky130_fd_sc_hd__a22o_2)
                                         _061_ (net)
                  0.03    0.00    2.44 ^ _155_/B (sky130_fd_sc_hd__and2_2)
     1    0.00    0.03    0.12    2.57 ^ _155_/X (sky130_fd_sc_hd__and2_2)
                                         _031_ (net)
                  0.03    0.00    2.57 ^ _188_/D (sky130_fd_sc_hd__dfxtp_2)
                                  2.57   data arrival time

                  0.15   10.00   10.00   clock clk (rise edge)
                          0.00   10.00   clock network delay (ideal)
                         -0.25    9.75   clock uncertainty
                          0.00    9.75   clock reconvergence pessimism
                                  9.75 ^ _188_/CLK (sky130_fd_sc_hd__dfxtp_2)
                         -0.04    9.71   library setup time
                                  9.71   data required time
-----------------------------------------------------------------------------
                                  9.71   data required time
                                 -2.57   data arrival time
-----------------------------------------------------------------------------
                                  7.14   slack (MET)


Startpoint: enable (input port clocked by clk)
Endpoint: _165_ (rising edge-triggered flip-flop clocked by clk)
Path Group: clk
Path Type: max

Fanout     Cap    Slew   Delay    Time   Description
-----------------------------------------------------------------------------
                  0.15    0.00    0.00   clock clk (rise edge)
                          0.00    0.00   clock network delay (ideal)
                          2.00    2.00 ^ input external delay
     7    0.01    0.06    0.04    2.04 ^ enable (in)
                                         enable (net)
                  0.06    0.00    2.04 ^ _108_/B1_N (sky130_fd_sc_hd__a21boi_2)
    10    0.02    0.31    0.32    2.36 ^ _108_/Y (sky130_fd_sc_hd__a21boi_2)
                                         _039_ (net)
                  0.31    0.00    2.36 ^ _111_/A2 (sky130_fd_sc_hd__a22o_2)
     1    0.00    0.03    0.20    2.57 ^ _111_/X (sky130_fd_sc_hd__a22o_2)
                                         _008_ (net)
                  0.03    0.00    2.57 ^ _165_/D (sky130_fd_sc_hd__dfxtp_2)
                                  2.57   data arrival time

                  0.15   10.00   10.00   clock clk (rise edge)
                          0.00   10.00   clock network delay (ideal)
                         -0.25    9.75   clock uncertainty
                          0.00    9.75   clock reconvergence pessimism
                                  9.75 ^ _165_/CLK (sky130_fd_sc_hd__dfxtp_2)
                         -0.04    9.71   library setup time
                                  9.71   data required time
-----------------------------------------------------------------------------
                                  9.71   data required time
                                 -2.57   data arrival time
-----------------------------------------------------------------------------
                                  7.14   slack (MET)


Startpoint: enable (input port clocked by clk)
Endpoint: _166_ (rising edge-triggered flip-flop clocked by clk)
Path Group: clk
Path Type: max

Fanout     Cap    Slew   Delay    Time   Description
-----------------------------------------------------------------------------
                  0.15    0.00    0.00   clock clk (rise edge)
                          0.00    0.00   clock network delay (ideal)
                          2.00    2.00 ^ input external delay
     7    0.01    0.06    0.04    2.04 ^ enable (in)
                                         enable (net)
                  0.06    0.00    2.04 ^ _108_/B1_N (sky130_fd_sc_hd__a21boi_2)
    10    0.02    0.31    0.32    2.36 ^ _108_/Y (sky130_fd_sc_hd__a21boi_2)
                                         _039_ (net)
                  0.31    0.00    2.36 ^ _112_/A2 (sky130_fd_sc_hd__a22o_2)
     1    0.00    0.03    0.20    2.57 ^ _112_/X (sky130_fd_sc_hd__a22o_2)
                                         _009_ (net)
                  0.03    0.00    2.57 ^ _166_/D (sky130_fd_sc_hd__dfxtp_2)
                                  2.57   data arrival time

                  0.15   10.00   10.00   clock clk (rise edge)
                          0.00   10.00   clock network delay (ideal)
                         -0.25    9.75   clock uncertainty
                          0.00    9.75   clock reconvergence pessimism
                                  9.75 ^ _166_/CLK (sky130_fd_sc_hd__dfxtp_2)
                         -0.04    9.71   library setup time
                                  9.71   data required time
-----------------------------------------------------------------------------
                                  9.71   data required time
                                 -2.57   data arrival time
-----------------------------------------------------------------------------
                                  7.14   slack (MET)


Startpoint: enable (input port clocked by clk)
Endpoint: _167_ (rising edge-triggered flip-flop clocked by clk)
Path Group: clk
Path Type: max

Fanout     Cap    Slew   Delay    Time   Description
-----------------------------------------------------------------------------
                  0.15    0.00    0.00   clock clk (rise edge)
                          0.00    0.00   clock network delay (ideal)
                          2.00    2.00 ^ input external delay
     7    0.01    0.06    0.04    2.04 ^ enable (in)
                                         enable (net)
                  0.06    0.00    2.04 ^ _108_/B1_N (sky130_fd_sc_hd__a21boi_2)
    10    0.02    0.31    0.32    2.36 ^ _108_/Y (sky130_fd_sc_hd__a21boi_2)
                                         _039_ (net)
                  0.31    0.00    2.36 ^ _113_/A2 (sky130_fd_sc_hd__a22o_2)
     1    0.00    0.03    0.20    2.57 ^ _113_/X (sky130_fd_sc_hd__a22o_2)
                                         _010_ (net)
                  0.03    0.00    2.57 ^ _167_/D (sky130_fd_sc_hd__dfxtp_2)
                                  2.57   data arrival time

                  0.15   10.00   10.00   clock clk (rise edge)
                          0.00   10.00   clock network delay (ideal)
                         -0.25    9.75   clock uncertainty
                          0.00    9.75   clock reconvergence pessimism
                                  9.75 ^ _167_/CLK (sky130_fd_sc_hd__dfxtp_2)
                         -0.04    9.71   library setup time
                                  9.71   data required time
-----------------------------------------------------------------------------
                                  9.71   data required time
                                 -2.57   data arrival time
-----------------------------------------------------------------------------
                                  7.14   slack (MET)


Startpoint: enable (input port clocked by clk)
Endpoint: _168_ (rising edge-triggered flip-flop clocked by clk)
Path Group: clk
Path Type: max

Fanout     Cap    Slew   Delay    Time   Description
-----------------------------------------------------------------------------
                  0.15    0.00    0.00   clock clk (rise edge)
                          0.00    0.00   clock network delay (ideal)
                          2.00    2.00 ^ input external delay
     7    0.01    0.06    0.04    2.04 ^ enable (in)
                                         enable (net)
                  0.06    0.00    2.04 ^ _108_/B1_N (sky130_fd_sc_hd__a21boi_2)
    10    0.02    0.31    0.32    2.36 ^ _108_/Y (sky130_fd_sc_hd__a21boi_2)
                                         _039_ (net)
                  0.31    0.00    2.36 ^ _114_/A2 (sky130_fd_sc_hd__a22o_2)
     1    0.00    0.03    0.20    2.57 ^ _114_/X (sky130_fd_sc_hd__a22o_2)
                                         _011_ (net)
                  0.03    0.00    2.57 ^ _168_/D (sky130_fd_sc_hd__dfxtp_2)
                                  2.57   data arrival time

                  0.15   10.00   10.00   clock clk (rise edge)
                          0.00   10.00   clock network delay (ideal)
                         -0.25    9.75   clock uncertainty
                          0.00    9.75   clock reconvergence pessimism
                                  9.75 ^ _168_/CLK (sky130_fd_sc_hd__dfxtp_2)
                         -0.04    9.71   library setup time
                                  9.71   data required time
-----------------------------------------------------------------------------
                                  9.71   data required time
                                 -2.57   data arrival time
-----------------------------------------------------------------------------
                                  7.14   slack (MET)


Startpoint: enable (input port clocked by clk)
Endpoint: _169_ (rising edge-triggered flip-flop clocked by clk)
Path Group: clk
Path Type: max

Fanout     Cap    Slew   Delay    Time   Description
-----------------------------------------------------------------------------
                  0.15    0.00    0.00   clock clk (rise edge)
                          0.00    0.00   clock network delay (ideal)
                          2.00    2.00 ^ input external delay
     7    0.01    0.06    0.04    2.04 ^ enable (in)
                                         enable (net)
                  0.06    0.00    2.04 ^ _108_/B1_N (sky130_fd_sc_hd__a21boi_2)
    10    0.02    0.31    0.32    2.36 ^ _108_/Y (sky130_fd_sc_hd__a21boi_2)
                                         _039_ (net)
                  0.31    0.00    2.36 ^ _115_/A2 (sky130_fd_sc_hd__a22o_2)
     1    0.00    0.03    0.20    2.57 ^ _115_/X (sky130_fd_sc_hd__a22o_2)
                                         _012_ (net)
                  0.03    0.00    2.57 ^ _169_/D (sky130_fd_sc_hd__dfxtp_2)
                                  2.57   data arrival time

                  0.15   10.00   10.00   clock clk (rise edge)
                          0.00   10.00   clock network delay (ideal)
                         -0.25    9.75   clock uncertainty
                          0.00    9.75   clock reconvergence pessimism
                                  9.75 ^ _169_/CLK (sky130_fd_sc_hd__dfxtp_2)
                         -0.04    9.71   library setup time
                                  9.71   data required time
-----------------------------------------------------------------------------
                                  9.71   data required time
                                 -2.57   data arrival time
-----------------------------------------------------------------------------
                                  7.14   slack (MET)


Startpoint: enable (input port clocked by clk)
Endpoint: _170_ (rising edge-triggered flip-flop clocked by clk)
Path Group: clk
Path Type: max

Fanout     Cap    Slew   Delay    Time   Description
-----------------------------------------------------------------------------
                  0.15    0.00    0.00   clock clk (rise edge)
                          0.00    0.00   clock network delay (ideal)
                          2.00    2.00 ^ input external delay
     7    0.01    0.06    0.04    2.04 ^ enable (in)
                                         enable (net)
                  0.06    0.00    2.04 ^ _108_/B1_N (sky130_fd_sc_hd__a21boi_2)
    10    0.02    0.31    0.32    2.36 ^ _108_/Y (sky130_fd_sc_hd__a21boi_2)
                                         _039_ (net)
                  0.31    0.00    2.36 ^ _116_/A2 (sky130_fd_sc_hd__a22o_2)
     1    0.00    0.03    0.20    2.57 ^ _116_/X (sky130_fd_sc_hd__a22o_2)
                                         _013_ (net)
                  0.03    0.00    2.57 ^ _170_/D (sky130_fd_sc_hd__dfxtp_2)
                                  2.57   data arrival time

                  0.15   10.00   10.00   clock clk (rise edge)
                          0.00   10.00   clock network delay (ideal)
                         -0.25    9.75   clock uncertainty
                          0.00    9.75   clock reconvergence pessimism
                                  9.75 ^ _170_/CLK (sky130_fd_sc_hd__dfxtp_2)
                         -0.04    9.71   library setup time
                                  9.71   data required time
-----------------------------------------------------------------------------
                                  9.71   data required time
                                 -2.57   data arrival time
-----------------------------------------------------------------------------
                                  7.14   slack (MET)


Startpoint: enable (input port clocked by clk)
Endpoint: _171_ (rising edge-triggered flip-flop clocked by clk)
Path Group: clk
Path Type: max

Fanout     Cap    Slew   Delay    Time   Description
-----------------------------------------------------------------------------
                  0.15    0.00    0.00   clock clk (rise edge)
                          0.00    0.00   clock network delay (ideal)
                          2.00    2.00 ^ input external delay
     7    0.01    0.06    0.04    2.04 ^ enable (in)
                                         enable (net)
                  0.06    0.00    2.04 ^ _108_/B1_N (sky130_fd_sc_hd__a21boi_2)
    10    0.02    0.31    0.32    2.36 ^ _108_/Y (sky130_fd_sc_hd__a21boi_2)
                                         _039_ (net)
                  0.31    0.00    2.36 ^ _117_/A2 (sky130_fd_sc_hd__a22o_2)
     1    0.00    0.03    0.20    2.57 ^ _117_/X (sky130_fd_sc_hd__a22o_2)
                                         _014_ (net)
                  0.03    0.00    2.57 ^ _171_/D (sky130_fd_sc_hd__dfxtp_2)
                                  2.57   data arrival time

                  0.15   10.00   10.00   clock clk (rise edge)
                          0.00   10.00   clock network delay (ideal)
                         -0.25    9.75   clock uncertainty
                          0.00    9.75   clock reconvergence pessimism
                                  9.75 ^ _171_/CLK (sky130_fd_sc_hd__dfxtp_2)
                         -0.04    9.71   library setup time
                                  9.71   data required time
-----------------------------------------------------------------------------
                                  9.71   data required time
                                 -2.57   data arrival time
-----------------------------------------------------------------------------
                                  7.14   slack (MET)


Startpoint: enable (input port clocked by clk)
Endpoint: _172_ (rising edge-triggered flip-flop clocked by clk)
Path Group: clk
Path Type: max

Fanout     Cap    Slew   Delay    Time   Description
-----------------------------------------------------------------------------
                  0.15    0.00    0.00   clock clk (rise edge)
                          0.00    0.00   clock network delay (ideal)
                          2.00    2.00 ^ input external delay
     7    0.01    0.06    0.04    2.04 ^ enable (in)
                                         enable (net)
                  0.06    0.00    2.04 ^ _108_/B1_N (sky130_fd_sc_hd__a21boi_2)
    10    0.02    0.31    0.32    2.36 ^ _108_/Y (sky130_fd_sc_hd__a21boi_2)
                                         _039_ (net)
                  0.31    0.00    2.36 ^ _118_/A2 (sky130_fd_sc_hd__a22o_2)
     1    0.00    0.03    0.20    2.57 ^ _118_/X (sky130_fd_sc_hd__a22o_2)
                                         _015_ (net)
                  0.03    0.00    2.57 ^ _172_/D (sky130_fd_sc_hd__dfxtp_2)
                                  2.57   data arrival time

                  0.15   10.00   10.00   clock clk (rise edge)
                          0.00   10.00   clock network delay (ideal)
                         -0.25    9.75   clock uncertainty
                          0.00    9.75   clock reconvergence pessimism
                                  9.75 ^ _172_/CLK (sky130_fd_sc_hd__dfxtp_2)
                         -0.04    9.71   library setup time
                                  9.71   data required time
-----------------------------------------------------------------------------
                                  9.71   data required time
                                 -2.57   data arrival time
-----------------------------------------------------------------------------
                                  7.14   slack (MET)


Startpoint: receive (input port clocked by clk)
Endpoint: _187_ (rising edge-triggered flip-flop clocked by clk)
Path Group: clk
Path Type: max

Fanout     Cap    Slew   Delay    Time   Description
-----------------------------------------------------------------------------
                  0.15    0.00    0.00   clock clk (rise edge)
                          0.00    0.00   clock network delay (ideal)
                          2.00    2.00 v input external delay
     3    0.01    0.03    0.02    2.02 v receive (in)
                                         receive (net)
                  0.03    0.00    2.02 v _106_/B (sky130_fd_sc_hd__nor2_2)
    10    0.02    0.28    0.24    2.26 ^ _106_/Y (sky130_fd_sc_hd__nor2_2)
                                         _037_ (net)
                  0.28    0.00    2.26 ^ _152_/B1 (sky130_fd_sc_hd__a22o_2)
     1    0.00    0.03    0.19    2.44 ^ _152_/X (sky130_fd_sc_hd__a22o_2)
                                         _060_ (net)
                  0.03    0.00    2.44 ^ _153_/B (sky130_fd_sc_hd__and2_2)
     1    0.00    0.03    0.12    2.57 ^ _153_/X (sky130_fd_sc_hd__and2_2)
                                         _030_ (net)
                  0.03    0.00    2.57 ^ _187_/D (sky130_fd_sc_hd__dfxtp_2)
                                  2.57   data arrival time

                  0.15   10.00   10.00   clock clk (rise edge)
                          0.00   10.00   clock network delay (ideal)
                         -0.25    9.75   clock uncertainty
                          0.00    9.75   clock reconvergence pessimism
                                  9.75 ^ _187_/CLK (sky130_fd_sc_hd__dfxtp_2)
                         -0.04    9.71   library setup time
                                  9.71   data required time
-----------------------------------------------------------------------------
                                  9.71   data required time
                                 -2.57   data arrival time
-----------------------------------------------------------------------------
                                  7.14   slack (MET)


Startpoint: send (input port clocked by clk)
Endpoint: _176_ (rising edge-triggered flip-flop clocked by clk)
Path Group: clk
Path Type: max

Fanout     Cap    Slew   Delay    Time   Description
-----------------------------------------------------------------------------
                  0.15    0.00    0.00   clock clk (rise edge)
                          0.00    0.00   clock network delay (ideal)
                          2.00    2.00 ^ input external delay
     6    0.02    0.09    0.06    2.06 ^ send (in)
                                         send (net)
                  0.09    0.00    2.06 ^ _128_/B_N (sky130_fd_sc_hd__or2b_2)
     1    0.00    0.05    0.30    2.36 v _128_/X (sky130_fd_sc_hd__or2b_2)
                                         _047_ (net)
                  0.05    0.00    2.36 v _130_/B1 (sky130_fd_sc_hd__o2111a_2)
     1    0.00    0.04    0.15    2.52 v _130_/X (sky130_fd_sc_hd__o2111a_2)
                                         _019_ (net)
                  0.04    0.00    2.52 v _176_/D (sky130_fd_sc_hd__dfxtp_2)
                                  2.52   data arrival time

                  0.15   10.00   10.00   clock clk (rise edge)
                          0.00   10.00   clock network delay (ideal)
                         -0.25    9.75   clock uncertainty
                          0.00    9.75   clock reconvergence pessimism
                                  9.75 ^ _176_/CLK (sky130_fd_sc_hd__dfxtp_2)
                         -0.08    9.67   library setup time
                                  9.67   data required time
-----------------------------------------------------------------------------
                                  9.67   data required time
                                 -2.52   data arrival time
-----------------------------------------------------------------------------
                                  7.15   slack (MET)


Startpoint: enable (input port clocked by clk)
Endpoint: _164_ (rising edge-triggered flip-flop clocked by clk)
Path Group: clk
Path Type: max

Fanout     Cap    Slew   Delay    Time   Description
-----------------------------------------------------------------------------
                  0.15    0.00    0.00   clock clk (rise edge)
                          0.00    0.00   clock network delay (ideal)
                          2.00    2.00 ^ input external delay
     7    0.01    0.06    0.04    2.04 ^ enable (in)
                                         enable (net)
                  0.06    0.00    2.04 ^ _108_/B1_N (sky130_fd_sc_hd__a21boi_2)
    10    0.02    0.31    0.32    2.36 ^ _108_/Y (sky130_fd_sc_hd__a21boi_2)
                                         _039_ (net)
                  0.31    0.00    2.36 ^ _109_/B (sky130_fd_sc_hd__and2b_2)
     1    0.00    0.03    0.19    2.56 ^ _109_/X (sky130_fd_sc_hd__and2b_2)
                                         _007_ (net)
                  0.03    0.00    2.56 ^ _164_/D (sky130_fd_sc_hd__dfxtp_2)
                                  2.56   data arrival time

                  0.15   10.00   10.00   clock clk (rise edge)
                          0.00   10.00   clock network delay (ideal)
                         -0.25    9.75   clock uncertainty
                          0.00    9.75   clock reconvergence pessimism
                                  9.75 ^ _164_/CLK (sky130_fd_sc_hd__dfxtp_2)
                         -0.04    9.71   library setup time
                                  9.71   data required time
-----------------------------------------------------------------------------
                                  9.71   data required time
                                 -2.56   data arrival time
-----------------------------------------------------------------------------
                                  7.15   slack (MET)


Startpoint: enable (input port clocked by clk)
Endpoint: _173_ (rising edge-triggered flip-flop clocked by clk)
Path Group: clk
Path Type: max

Fanout     Cap    Slew   Delay    Time   Description
-----------------------------------------------------------------------------
                  0.15    0.00    0.00   clock clk (rise edge)
                          0.00    0.00   clock network delay (ideal)
                          2.00    2.00 ^ input external delay
     7    0.01    0.06    0.04    2.04 ^ enable (in)
                                         enable (net)
                  0.06    0.00    2.04 ^ _081_/A (sky130_fd_sc_hd__buf_1)
    10    0.02    0.26    0.25    2.29 ^ _081_/X (sky130_fd_sc_hd__buf_1)
                                         _064_ (net)
                  0.26    0.00    2.29 ^ _120_/B1 (sky130_fd_sc_hd__o211a_2)
     1    0.00    0.04    0.23    2.51 ^ _120_/X (sky130_fd_sc_hd__o211a_2)
                                         _016_ (net)
                  0.04    0.00    2.51 ^ _173_/D (sky130_fd_sc_hd__dfxtp_2)
                                  2.51   data arrival time

                  0.15   10.00   10.00   clock clk (rise edge)
                          0.00   10.00   clock network delay (ideal)
                         -0.25    9.75   clock uncertainty
                          0.00    9.75   clock reconvergence pessimism
                                  9.75 ^ _173_/CLK (sky130_fd_sc_hd__dfxtp_2)
                         -0.04    9.71   library setup time
                                  9.71   data required time
-----------------------------------------------------------------------------
                                  9.71   data required time
                                 -2.51   data arrival time
-----------------------------------------------------------------------------
                                  7.19   slack (MET)


Startpoint: enable (input port clocked by clk)
Endpoint: _178_ (rising edge-triggered flip-flop clocked by clk)
Path Group: clk
Path Type: max

Fanout     Cap    Slew   Delay    Time   Description
-----------------------------------------------------------------------------
                  0.15    0.00    0.00   clock clk (rise edge)
                          0.00    0.00   clock network delay (ideal)
                          2.00    2.00 ^ input external delay
     7    0.01    0.06    0.04    2.04 ^ enable (in)
                                         enable (net)
                  0.06    0.00    2.04 ^ _081_/A (sky130_fd_sc_hd__buf_1)
    10    0.02    0.26    0.25    2.29 ^ _081_/X (sky130_fd_sc_hd__buf_1)
                                         _064_ (net)
                  0.26    0.00    2.29 ^ _133_/B1 (sky130_fd_sc_hd__o211a_2)
     1    0.00    0.04    0.23    2.51 ^ _133_/X (sky130_fd_sc_hd__o211a_2)
                                         _021_ (net)
                  0.04    0.00    2.51 ^ _178_/D (sky130_fd_sc_hd__dfxtp_2)
                                  2.51   data arrival time

                  0.15   10.00   10.00   clock clk (rise edge)
                          0.00   10.00   clock network delay (ideal)
                         -0.25    9.75   clock uncertainty
                          0.00    9.75   clock reconvergence pessimism
                                  9.75 ^ _178_/CLK (sky130_fd_sc_hd__dfxtp_2)
                         -0.04    9.71   library setup time
                                  9.71   data required time
-----------------------------------------------------------------------------
                                  9.71   data required time
                                 -2.51   data arrival time
-----------------------------------------------------------------------------
                                  7.19   slack (MET)


Startpoint: send (input port clocked by clk)
Endpoint: _189_ (rising edge-triggered flip-flop clocked by clk)
Path Group: clk
Path Type: max

Fanout     Cap    Slew   Delay    Time   Description
-----------------------------------------------------------------------------
                  0.15    0.00    0.00   clock clk (rise edge)
                          0.00    0.00   clock network delay (ideal)
                          2.00    2.00 ^ input external delay
     6    0.02    0.09    0.06    2.06 ^ send (in)
                                         send (net)
                  0.09    0.00    2.06 ^ _082_/B_N (sky130_fd_sc_hd__nor2b_2)
     8    0.02    0.24    0.28    2.34 ^ _082_/Y (sky130_fd_sc_hd__nor2b_2)
                                         _065_ (net)
                  0.24    0.00    2.34 ^ _156_/A1 (sky130_fd_sc_hd__o21a_2)
     1    0.00    0.03    0.17    2.51 ^ _156_/X (sky130_fd_sc_hd__o21a_2)
                                         _032_ (net)
                  0.03    0.00    2.51 ^ _189_/D (sky130_fd_sc_hd__dfxtp_2)
                                  2.51   data arrival time

                  0.15   10.00   10.00   clock clk (rise edge)
                          0.00   10.00   clock network delay (ideal)
                         -0.25    9.75   clock uncertainty
                          0.00    9.75   clock reconvergence pessimism
                                  9.75 ^ _189_/CLK (sky130_fd_sc_hd__dfxtp_2)
                         -0.04    9.71   library setup time
                                  9.71   data required time
-----------------------------------------------------------------------------
                                  9.71   data required time
                                 -2.51   data arrival time
-----------------------------------------------------------------------------
                                  7.20   slack (MET)


Startpoint: _165_ (rising edge-triggered flip-flop clocked by clk)
Endpoint: rx_data[0] (output port clocked by clk)
Path Group: clk
Path Type: max

Fanout     Cap    Slew   Delay    Time   Description
-----------------------------------------------------------------------------
                  0.15    0.00    0.00   clock clk (rise edge)
                          0.00    0.00   clock network delay (ideal)
                  0.15    0.00    0.00 ^ _165_/CLK (sky130_fd_sc_hd__dfxtp_2)
     2    0.00    0.03    0.36    0.36 ^ _165_/Q (sky130_fd_sc_hd__dfxtp_2)
                                         rx_data[0] (net)
                  0.03    0.00    0.36 ^ rx_data[0] (out)
                                  0.36   data arrival time

                  0.15   10.00   10.00   clock clk (rise edge)
                          0.00   10.00   clock network delay (ideal)
                         -0.25    9.75   clock uncertainty
                          0.00    9.75   clock reconvergence pessimism
                         -2.00    7.75   output external delay
                                  7.75   data required time
-----------------------------------------------------------------------------
                                  7.75   data required time
                                 -0.36   data arrival time
-----------------------------------------------------------------------------
                                  7.39   slack (MET)


Startpoint: _166_ (rising edge-triggered flip-flop clocked by clk)
Endpoint: rx_data[1] (output port clocked by clk)
Path Group: clk
Path Type: max

Fanout     Cap    Slew   Delay    Time   Description
-----------------------------------------------------------------------------
                  0.15    0.00    0.00   clock clk (rise edge)
                          0.00    0.00   clock network delay (ideal)
                  0.15    0.00    0.00 ^ _166_/CLK (sky130_fd_sc_hd__dfxtp_2)
     2    0.00    0.03    0.36    0.36 ^ _166_/Q (sky130_fd_sc_hd__dfxtp_2)
                                         rx_data[1] (net)
                  0.03    0.00    0.36 ^ rx_data[1] (out)
                                  0.36   data arrival time

                  0.15   10.00   10.00   clock clk (rise edge)
                          0.00   10.00   clock network delay (ideal)
                         -0.25    9.75   clock uncertainty
                          0.00    9.75   clock reconvergence pessimism
                         -2.00    7.75   output external delay
                                  7.75   data required time
-----------------------------------------------------------------------------
                                  7.75   data required time
                                 -0.36   data arrival time
-----------------------------------------------------------------------------
                                  7.39   slack (MET)


Startpoint: _167_ (rising edge-triggered flip-flop clocked by clk)
Endpoint: rx_data[2] (output port clocked by clk)
Path Group: clk
Path Type: max

Fanout     Cap    Slew   Delay    Time   Description
-----------------------------------------------------------------------------
                  0.15    0.00    0.00   clock clk (rise edge)
                          0.00    0.00   clock network delay (ideal)
                  0.15    0.00    0.00 ^ _167_/CLK (sky130_fd_sc_hd__dfxtp_2)
     2    0.00    0.03    0.36    0.36 ^ _167_/Q (sky130_fd_sc_hd__dfxtp_2)
                                         rx_data[2] (net)
                  0.03    0.00    0.36 ^ rx_data[2] (out)
                                  0.36   data arrival time

                  0.15   10.00   10.00   clock clk (rise edge)
                          0.00   10.00   clock network delay (ideal)
                         -0.25    9.75   clock uncertainty
                          0.00    9.75   clock reconvergence pessimism
                         -2.00    7.75   output external delay
                                  7.75   data required time
-----------------------------------------------------------------------------
                                  7.75   data required time
                                 -0.36   data arrival time
-----------------------------------------------------------------------------
                                  7.39   slack (MET)


Startpoint: _168_ (rising edge-triggered flip-flop clocked by clk)
Endpoint: rx_data[3] (output port clocked by clk)
Path Group: clk
Path Type: max

Fanout     Cap    Slew   Delay    Time   Description
-----------------------------------------------------------------------------
                  0.15    0.00    0.00   clock clk (rise edge)
                          0.00    0.00   clock network delay (ideal)
                  0.15    0.00    0.00 ^ _168_/CLK (sky130_fd_sc_hd__dfxtp_2)
     2    0.00    0.03    0.36    0.36 ^ _168_/Q (sky130_fd_sc_hd__dfxtp_2)
                                         rx_data[3] (net)
                  0.03    0.00    0.36 ^ rx_data[3] (out)
                                  0.36   data arrival time

                  0.15   10.00   10.00   clock clk (rise edge)
                          0.00   10.00   clock network delay (ideal)
                         -0.25    9.75   clock uncertainty
                          0.00    9.75   clock reconvergence pessimism
                         -2.00    7.75   output external delay
                                  7.75   data required time
-----------------------------------------------------------------------------
                                  7.75   data required time
                                 -0.36   data arrival time
-----------------------------------------------------------------------------
                                  7.39   slack (MET)


Startpoint: _169_ (rising edge-triggered flip-flop clocked by clk)
Endpoint: rx_data[4] (output port clocked by clk)
Path Group: clk
Path Type: max

Fanout     Cap    Slew   Delay    Time   Description
-----------------------------------------------------------------------------
                  0.15    0.00    0.00   clock clk (rise edge)
                          0.00    0.00   clock network delay (ideal)
                  0.15    0.00    0.00 ^ _169_/CLK (sky130_fd_sc_hd__dfxtp_2)
     2    0.00    0.03    0.36    0.36 ^ _169_/Q (sky130_fd_sc_hd__dfxtp_2)
                                         rx_data[4] (net)
                  0.03    0.00    0.36 ^ rx_data[4] (out)
                                  0.36   data arrival time

                  0.15   10.00   10.00   clock clk (rise edge)
                          0.00   10.00   clock network delay (ideal)
                         -0.25    9.75   clock uncertainty
                          0.00    9.75   clock reconvergence pessimism
                         -2.00    7.75   output external delay
                                  7.75   data required time
-----------------------------------------------------------------------------
                                  7.75   data required time
                                 -0.36   data arrival time
-----------------------------------------------------------------------------
                                  7.39   slack (MET)


Startpoint: _170_ (rising edge-triggered flip-flop clocked by clk)
Endpoint: rx_data[5] (output port clocked by clk)
Path Group: clk
Path Type: max

Fanout     Cap    Slew   Delay    Time   Description
-----------------------------------------------------------------------------
                  0.15    0.00    0.00   clock clk (rise edge)
                          0.00    0.00   clock network delay (ideal)
                  0.15    0.00    0.00 ^ _170_/CLK (sky130_fd_sc_hd__dfxtp_2)
     2    0.00    0.03    0.36    0.36 ^ _170_/Q (sky130_fd_sc_hd__dfxtp_2)
                                         rx_data[5] (net)
                  0.03    0.00    0.36 ^ rx_data[5] (out)
                                  0.36   data arrival time

                  0.15   10.00   10.00   clock clk (rise edge)
                          0.00   10.00   clock network delay (ideal)
                         -0.25    9.75   clock uncertainty
                          0.00    9.75   clock reconvergence pessimism
                         -2.00    7.75   output external delay
                                  7.75   data required time
-----------------------------------------------------------------------------
                                  7.75   data required time
                                 -0.36   data arrival time
-----------------------------------------------------------------------------
                                  7.39   slack (MET)


Startpoint: _171_ (rising edge-triggered flip-flop clocked by clk)
Endpoint: rx_data[6] (output port clocked by clk)
Path Group: clk
Path Type: max

Fanout     Cap    Slew   Delay    Time   Description
-----------------------------------------------------------------------------
                  0.15    0.00    0.00   clock clk (rise edge)
                          0.00    0.00   clock network delay (ideal)
                  0.15    0.00    0.00 ^ _171_/CLK (sky130_fd_sc_hd__dfxtp_2)
     2    0.00    0.03    0.36    0.36 ^ _171_/Q (sky130_fd_sc_hd__dfxtp_2)
                                         rx_data[6] (net)
                  0.03    0.00    0.36 ^ rx_data[6] (out)
                                  0.36   data arrival time

                  0.15   10.00   10.00   clock clk (rise edge)
                          0.00   10.00   clock network delay (ideal)
                         -0.25    9.75   clock uncertainty
                          0.00    9.75   clock reconvergence pessimism
                         -2.00    7.75   output external delay
                                  7.75   data required time
-----------------------------------------------------------------------------
                                  7.75   data required time
                                 -0.36   data arrival time
-----------------------------------------------------------------------------
                                  7.39   slack (MET)


Startpoint: _172_ (rising edge-triggered flip-flop clocked by clk)
Endpoint: rx_data[7] (output port clocked by clk)
Path Group: clk
Path Type: max

Fanout     Cap    Slew   Delay    Time   Description
-----------------------------------------------------------------------------
                  0.15    0.00    0.00   clock clk (rise edge)
                          0.00    0.00   clock network delay (ideal)
                  0.15    0.00    0.00 ^ _172_/CLK (sky130_fd_sc_hd__dfxtp_2)
     2    0.00    0.03    0.36    0.36 ^ _172_/Q (sky130_fd_sc_hd__dfxtp_2)
                                         rx_data[7] (net)
                  0.03    0.00    0.36 ^ rx_data[7] (out)
                                  0.36   data arrival time

                  0.15   10.00   10.00   clock clk (rise edge)
                          0.00   10.00   clock network delay (ideal)
                         -0.25    9.75   clock uncertainty
                          0.00    9.75   clock reconvergence pessimism
                         -2.00    7.75   output external delay
                                  7.75   data required time
-----------------------------------------------------------------------------
                                  7.75   data required time
                                 -0.36   data arrival time
-----------------------------------------------------------------------------
                                  7.39   slack (MET)


Startpoint: _177_ (rising edge-triggered flip-flop clocked by clk)
Endpoint: Tx (output port clocked by clk)
Path Group: clk
Path Type: max

Fanout     Cap    Slew   Delay    Time   Description
-----------------------------------------------------------------------------
                  0.15    0.00    0.00   clock clk (rise edge)
                          0.00    0.00   clock network delay (ideal)
                  0.15    0.00    0.00 ^ _177_/CLK (sky130_fd_sc_hd__dfxtp_2)
     1    0.00    0.02    0.34    0.34 v _177_/Q (sky130_fd_sc_hd__dfxtp_2)
                                         Tx (net)
                  0.02    0.00    0.34 v Tx (out)
                                  0.34   data arrival time

                  0.15   10.00   10.00   clock clk (rise edge)
                          0.00   10.00   clock network delay (ideal)
                         -0.25    9.75   clock uncertainty
                          0.00    9.75   clock reconvergence pessimism
                         -2.00    7.75   output external delay
                                  7.75   data required time
-----------------------------------------------------------------------------
                                  7.75   data required time
                                 -0.34   data arrival time
-----------------------------------------------------------------------------
                                  7.41   slack (MET)


Startpoint: enable (input port clocked by clk)
Endpoint: _177_ (rising edge-triggered flip-flop clocked by clk)
Path Group: clk
Path Type: max

Fanout     Cap    Slew   Delay    Time   Description
-----------------------------------------------------------------------------
                  0.15    0.00    0.00   clock clk (rise edge)
                          0.00    0.00   clock network delay (ideal)
                          2.00    2.00 v input external delay
     7    0.01    0.03    0.02    2.02 v enable (in)
                                         enable (net)
                  0.03    0.00    2.02 v _131_/C (sky130_fd_sc_hd__and3_2)
     1    0.00    0.03    0.20    2.22 v _131_/X (sky130_fd_sc_hd__and3_2)
                                         _020_ (net)
                  0.03    0.00    2.22 v _177_/D (sky130_fd_sc_hd__dfxtp_2)
                                  2.22   data arrival time

                  0.15   10.00   10.00   clock clk (rise edge)
                          0.00   10.00   clock network delay (ideal)
                         -0.25    9.75   clock uncertainty
                          0.00    9.75   clock reconvergence pessimism
                                  9.75 ^ _177_/CLK (sky130_fd_sc_hd__dfxtp_2)
                         -0.08    9.67   library setup time
                                  9.67   data required time
-----------------------------------------------------------------------------
                                  9.67   data required time
                                 -2.22   data arrival time
-----------------------------------------------------------------------------
                                  7.45   slack (MET)



worst slack corner Typical: 6.8386
