
===========================================================================
 report_power
============================================================================
======================= Fastest Corner ===================================

Group                  Internal  Switching    Leakage      Total
                          Power      Power      Power      Power (Watts)
----------------------------------------------------------------
Sequential             1.62e-04   7.92e-06   4.80e-10   1.70e-04  44.7%
Combinational          2.52e-05   2.21e-05   1.58e-09   4.73e-05  12.5%
Clock                  1.02e-04   6.05e-05   5.56e-10   1.63e-04  42.8%
Macro                  0.00e+00   0.00e+00   0.00e+00   0.00e+00   0.0%
Pad                    0.00e+00   0.00e+00   0.00e+00   0.00e+00   0.0%
----------------------------------------------------------------
Total                  2.89e-04   9.06e-05   2.61e-09   3.79e-04 100.0%
                          76.1%      23.9%       0.0%

======================= Slowest Corner ===================================

Group                  Internal  Switching    Leakage      Total
                          Power      Power      Power      Power (Watts)
----------------------------------------------------------------
Sequential             1.08e-04   5.15e-06   4.57e-07   1.14e-04  44.0%
Combinational          1.83e-05   1.46e-05   7.12e-07   3.35e-05  12.9%
Clock                  7.28e-05   3.87e-05   1.04e-07   1.12e-04  43.1%
Macro                  0.00e+00   0.00e+00   0.00e+00   0.00e+00   0.0%
Pad                    0.00e+00   0.00e+00   0.00e+00   0.00e+00   0.0%
----------------------------------------------------------------
Total                  1.99e-04   5.85e-05   1.27e-06   2.59e-04 100.0%
                          77.0%      22.6%       0.5%

======================= Typical Corner ===================================

Group                  Internal  Switching    Leakage      Total
                          Power      Power      Power      Power (Watts)
----------------------------------------------------------------
Sequential             1.39e-04   6.62e-06   2.69e-10   1.46e-04  44.6%
Combinational          2.26e-05   1.86e-05   6.17e-10   4.12e-05  12.6%
Clock                  8.93e-05   5.08e-05   2.91e-10   1.40e-04  42.8%
Macro                  0.00e+00   0.00e+00   0.00e+00   0.00e+00   0.0%
Pad                    0.00e+00   0.00e+00   0.00e+00   0.00e+00   0.0%
----------------------------------------------------------------
Total                  2.51e-04   7.60e-05   1.18e-09   3.27e-04 100.0%
                          76.8%      23.2%       0.0%

