Instance,Terminal,Layer,X location,Y location,Voltage
FILLER_0_18_109,VGND,li1,55.8900,59.8400,0.000002
FILLER_0_18_97,VGND,li1,52.9000,59.8400,0.000002
FILLER_0_18_85,VGND,li1,47.3800,59.8400,0.000003
FILLER_0_18_83,VGND,li1,43.9300,59.8400,0.000004
FILLER_0_18_71,VGND,li1,38.6400,59.8400,0.000005
FILLER_0_18_46,VGND,li1,26.9100,59.8400,0.000005
FILLER_0_18_34,VGND,li1,23.9200,59.8400,0.000006
FILLER_0_18_29,VGND,li1,19.3200,59.8400,0.000006
FILLER_0_18_27,VGND,li1,18.1700,59.8400,0.000007
FILLER_0_18_15,VGND,li1,15.1800,59.8400,0.000005
FILLER_0_18_3,VGND,li1,9.6600,59.8400,0.000005
FILLER_0_17_107,VGND,li1,55.4300,59.8400,0.000002
FILLER_0_17_99,VGND,li1,52.9000,59.8400,0.000002
FILLER_0_17_65,VGND,li1,36.1100,59.8400,0.000005
FILLER_0_17_55,VGND,li1,31.0500,59.8400,0.000005
FILLER_0_17_42,VGND,li1,25.7600,59.8400,0.000005
FILLER_0_17_15,VGND,li1,13.1100,59.8400,0.000005
FILLER_0_17_3,VGND,li1,9.6600,59.8400,0.000005
FILLER_0_16_109,VGND,li1,55.8900,54.4000,0.000012
FILLER_0_16_58,VGND,li1,32.6600,54.4000,0.000017
FILLER_0_16_3,VGND,li1,9.6600,54.4000,0.000013
FILLER_0_15_107,VGND,li1,55.4300,54.4000,0.000012
FILLER_0_15_54,VGND,li1,30.8200,54.4000,0.000017
FILLER_0_15_35,VGND,li1,22.3100,54.4000,0.000013
FILLER_0_15_10,VGND,li1,10.3500,54.4000,0.000013
FILLER_0_15_6,VGND,li1,9.2000,54.4000,0.000013
FILLER_0_14_105,VGND,li1,54.2800,48.9600,0.000021
FILLER_0_14_75,VGND,li1,41.4000,48.9600,0.000015
FILLER_0_14_68,VGND,li1,37.0300,48.9600,0.000013
FILLER_0_14_56,VGND,li1,34.0400,48.9600,0.000012
FILLER_0_14_49,VGND,li1,28.2900,48.9600,0.000008
FILLER_0_14_6,VGND,li1,11.0400,48.9600,0.000005
FILLER_0_13_93,VGND,li1,49.6800,48.9600,0.000032
FILLER_0_13_81,VGND,li1,45.5400,48.9600,0.000025
FILLER_0_13_69,VGND,li1,40.0200,48.9600,0.000015
FILLER_0_13_57,VGND,li1,34.5000,48.9600,0.000012
FILLER_0_13_54,VGND,li1,30.8200,48.9600,0.000010
FILLER_0_13_43,VGND,li1,25.7600,48.9600,0.000008
FILLER_0_13_11,VGND,li1,10.8100,48.9600,0.000005
FILLER_0_13_3,VGND,li1,8.7400,48.9600,0.000005
FILLER_0_12_109,VGND,li1,55.8900,43.5200,0.000012
FILLER_0_12_83,VGND,li1,43.9300,43.5200,0.000013
FILLER_0_12_75,VGND,li1,41.8600,43.5200,0.000012
FILLER_0_12_69,VGND,li1,37.7200,43.5200,0.000014
FILLER_0_12_58,VGND,li1,32.8900,43.5200,0.000013
FILLER_0_12_33,VGND,li1,20.9300,43.5200,0.000014
FILLER_0_12_6,VGND,li1,8.5100,43.5200,0.000016
FILLER_0_11_109,VGND,li1,55.8900,43.5200,0.000012
FILLER_0_11_57,VGND,li1,32.6600,43.5200,0.000013
FILLER_0_11_50,VGND,li1,28.7500,43.5200,0.000012
FILLER_0_11_30,VGND,li1,20.2400,43.5200,0.000014
FILLER_0_11_6,VGND,li1,10.1200,43.5200,0.000016
FILLER_0_10_108,VGND,li1,55.6600,38.0800,0.000013
FILLER_0_10_76,VGND,li1,40.7100,38.0800,0.000020
FILLER_0_10_70,VGND,li1,37.9500,38.0800,0.000029
FILLER_0_10_46,VGND,li1,27.6000,38.0800,0.000020
FILLER_0_10_29,VGND,li1,19.0900,38.0800,0.000011
FILLER_0_10_25,VGND,li1,17.7100,38.0800,0.000011
FILLER_0_10_19,VGND,li1,14.4900,38.0800,0.000009
FILLER_0_10_15,VGND,li1,13.3400,38.0800,0.000009
FILLER_0_10_3,VGND,li1,9.6600,38.0800,0.000009
FILLER_0_9_99,VGND,li1,51.2900,38.0800,0.000016
FILLER_0_9_90,VGND,li1,47.1500,38.0800,0.000018
FILLER_0_9_53,VGND,li1,30.5900,38.0800,0.000028
FILLER_0_9_46,VGND,li1,26.9100,38.0800,0.000018
FILLER_0_9_38,VGND,li1,23.6900,38.0800,0.000017
FILLER_0_9_15,VGND,li1,14.2600,38.0800,0.000009
FILLER_0_9_3,VGND,li1,9.6600,38.0800,0.000009
FILLER_0_8_108,VGND,li1,55.6600,32.6400,0.000008
FILLER_0_8_45,VGND,li1,26.4500,32.6400,0.000014
FILLER_0_8_20,VGND,li1,14.9500,32.6400,0.000012
FILLER_0_8_3,VGND,li1,9.6600,32.6400,0.000013
FILLER_0_7_6,VGND,li1,8.7400,32.6400,0.000013
FILLER_0_6_105,VGND,li1,54.2800,27.2000,0.000021
FILLER_0_6_93,VGND,li1,49.2200,27.2000,0.000031
FILLER_0_6_60,VGND,li1,33.3500,27.2000,0.000028
FILLER_0_6_25,VGND,li1,17.7100,27.2000,0.000029
FILLER_0_6_3,VGND,li1,8.2800,27.2000,0.000026
FILLER_0_5_109,VGND,li1,55.8900,27.2000,0.000021
FILLER_0_5_64,VGND,li1,35.1900,27.2000,0.000029
FILLER_0_5_50,VGND,li1,28.7500,27.2000,0.000026
FILLER_0_5_9,VGND,li1,9.8900,27.2000,0.000026
FILLER_0_5_3,VGND,li1,8.2800,27.2000,0.000026
FILLER_0_4_90,VGND,li1,47.1500,21.7600,0.000005
FILLER_0_4_75,VGND,li1,40.4800,21.7600,0.000003
FILLER_0_4_64,VGND,li1,35.8800,21.7600,0.000003
FILLER_0_4_46,VGND,li1,27.1400,21.7600,0.000003
FILLER_0_4_37,VGND,li1,22.7700,21.7600,0.000004
FILLER_0_4_9,VGND,li1,9.8900,21.7600,0.000004
FILLER_0_4_3,VGND,li1,8.2800,21.7600,0.000004
FILLER_0_3_109,VGND,li1,55.8900,21.7600,0.000004
FILLER_0_3_100,VGND,li1,51.7500,21.7600,0.000004
FILLER_0_3_57,VGND,li1,32.4300,21.7600,0.000003
FILLER_0_3_11,VGND,li1,11.0400,21.7600,0.000004
FILLER_0_3_3,VGND,li1,8.7400,21.7600,0.000004
FILLER_0_2_109,VGND,li1,55.8900,16.3200,0.000009
FILLER_0_2_83,VGND,li1,43.9300,16.3200,0.000014
FILLER_0_2_48,VGND,li1,28.2900,16.3200,0.000012
FILLER_0_2_29,VGND,li1,19.5500,16.3200,0.000011
FILLER_0_2_15,VGND,li1,13.8000,16.3200,0.000007
FILLER_0_2_3,VGND,li1,9.6600,16.3200,0.000007
FILLER_0_1_44,VGND,li1,25.9900,16.3200,0.000013
FILLER_0_1_27,VGND,li1,18.1700,16.3200,0.000009
FILLER_0_1_15,VGND,li1,15.1800,16.3200,0.000007
FILLER_0_1_3,VGND,li1,9.6600,16.3200,0.000007
FILLER_0_0_104,VGND,li1,54.7400,10.8800,0.000000
FILLER_0_0_92,VGND,li1,50.6000,10.8800,0.000000
FILLER_0_0_81,VGND,li1,43.4700,10.8800,0.000000
FILLER_0_0_72,VGND,li1,38.8700,10.8800,0.000000
FILLER_0_0_42,VGND,li1,25.0700,10.8800,0.000000
FILLER_0_0_29,VGND,li1,19.3200,10.8800,0.000000
FILLER_0_0_27,VGND,li1,18.1700,10.8800,0.000000
FILLER_0_0_15,VGND,li1,15.1800,10.8800,0.000000
FILLER_0_0_3,VGND,li1,9.6600,10.8800,0.000000
hold39,VGND,li1,20.7000,32.6400,0.000014
hold38,VGND,li1,17.4800,27.2000,0.000029
hold37,VGND,li1,33.1200,21.7600,0.000003
hold36,VGND,li1,42.3200,21.7600,0.000004
hold35,VGND,li1,46.4600,27.2000,0.000037
hold34,VGND,li1,38.6400,21.7600,0.000003
hold33,VGND,li1,29.4400,21.7600,0.000003
hold32,VGND,li1,34.9600,21.7600,0.000003
hold31,VGND,li1,33.5800,38.0800,0.000035
hold30,VGND,li1,20.7000,54.4000,0.000013
hold29,VGND,li1,19.7800,48.9600,0.000006
hold28,VGND,li1,21.1600,38.0800,0.000014
hold27,VGND,li1,26.6800,43.5200,0.000012
hold26,VGND,li1,23.0000,59.8400,0.000006
hold25,VGND,li1,53.8200,43.5200,0.000012
hold24,VGND,li1,51.9800,32.6400,0.000010
hold23,VGND,li1,54.2800,48.9600,0.000021
hold22,VGND,li1,53.8200,54.4000,0.000012
hold21,VGND,li1,46.4600,54.4000,0.000018
hold20,VGND,li1,51.9800,27.2000,0.000025
hold19,VGND,li1,46.4600,59.8400,0.000003
hold18,VGND,li1,33.5800,59.8400,0.000005
hold17,VGND,li1,42.7800,43.5200,0.000012
hold16,VGND,li1,31.2800,27.2000,0.000027
hold15,VGND,li1,24.8400,21.7600,0.000003
hold14,VGND,li1,46.0000,21.7600,0.000004
hold13,VGND,li1,53.8200,16.3200,0.000009
hold12,VGND,li1,23.0000,10.8800,0.000000
hold11,VGND,li1,26.2200,21.7600,0.000003
hold10,VGND,li1,49.6800,21.7600,0.000005
hold9,VGND,li1,51.5200,16.3200,0.000011
hold8,VGND,li1,24.3800,32.6400,0.000014
hold7,VGND,li1,21.1600,38.0800,0.000014
hold6,VGND,li1,53.8200,27.2000,0.000021
hold5,VGND,li1,53.8200,21.7600,0.000004
hold4,VGND,li1,29.4400,16.3200,0.000012
hold3,VGND,li1,36.8000,10.8800,0.000000
hold2,VGND,li1,16.5600,21.7600,0.000004
hold1,VGND,li1,20.7000,21.7600,0.000004
clkload2,VGND,li1,43.4700,48.9600,0.000021
clkload1,VGND,li1,19.7800,43.5200,0.000014
clkload0,VGND,li1,10.8100,21.7600,0.000004
clkbuf_2_3__f_clk,VGND,li1,49.2200,48.9600,0.000032
clkbuf_2_2__f_clk,VGND,li1,23.4600,48.9600,0.000007
clkbuf_2_1__f_clk,VGND,li1,47.3800,27.2000,0.000037
clkbuf_2_0__f_clk,VGND,li1,23.9200,27.2000,0.000039
clkbuf_0_clk,VGND,li1,33.1200,38.0800,0.000035
output22,VGND,li1,55.4300,21.7600,0.000004
output21,VGND,li1,55.4300,16.3200,0.000009
output20,VGND,li1,54.0500,16.3200,0.000009
output19,VGND,li1,42.0900,10.8800,0.000000
output18,VGND,li1,26.9100,16.3200,0.000013
output17,VGND,li1,28.2900,10.8800,0.000000
output16,VGND,li1,7.5900,32.6400,0.000013
output15,VGND,li1,20.4700,10.8800,0.000000
output14,VGND,li1,51.7500,48.9600,0.000027
output13,VGND,li1,55.4300,48.9600,0.000021
input12,VGND,li1,27.8300,59.8400,0.000005
input11,VGND,li1,20.4700,59.8400,0.000006
input10,VGND,li1,7.5900,54.4000,0.000013
input9,VGND,li1,7.5900,48.9600,0.000005
input8,VGND,li1,7.5900,43.5200,0.000016
input7,VGND,li1,7.5900,43.5200,0.000016
input6,VGND,li1,30.5900,59.8400,0.000005
input5,VGND,li1,37.4900,59.8400,0.000005
input4,VGND,li1,41.4000,59.8400,0.000004
input3,VGND,li1,54.9700,43.5200,0.000012
input2,VGND,li1,53.8200,38.0800,0.000013
input1,VGND,li1,55.4300,27.2000,0.000021
TAP_TAPCELL_ROW_18_68,VGND,li1,44.3900,60.1310,0.000004
TAP_TAPCELL_ROW_18_67,VGND,li1,31.5100,60.1310,0.000005
TAP_TAPCELL_ROW_18_66,VGND,li1,18.6300,60.1310,0.000007
TAP_TAPCELL_ROW_17_65,VGND,li1,31.5100,59.5480,0.000005
TAP_TAPCELL_ROW_16_64,VGND,li1,44.3900,54.6910,0.000018
TAP_TAPCELL_ROW_16_63,VGND,li1,18.6300,54.6910,0.000013
TAP_TAPCELL_ROW_15_62,VGND,li1,31.5100,54.1080,0.000017
TAP_TAPCELL_ROW_14_61,VGND,li1,44.3900,49.2510,0.000021
TAP_TAPCELL_ROW_14_60,VGND,li1,18.6300,49.2510,0.000006
TAP_TAPCELL_ROW_13_59,VGND,li1,31.5100,48.6680,0.000010
TAP_TAPCELL_ROW_12_58,VGND,li1,44.3900,43.8110,0.000013
TAP_TAPCELL_ROW_12_57,VGND,li1,18.6300,43.8110,0.000014
TAP_TAPCELL_ROW_11_56,VGND,li1,31.5100,43.2280,0.000013
TAP_TAPCELL_ROW_10_55,VGND,li1,44.3900,38.3710,0.000020
TAP_TAPCELL_ROW_10_54,VGND,li1,18.6300,38.3710,0.000011
TAP_TAPCELL_ROW_9_53,VGND,li1,31.5100,37.7880,0.000028
TAP_TAPCELL_ROW_8_52,VGND,li1,44.3900,32.9310,0.000011
TAP_TAPCELL_ROW_8_51,VGND,li1,18.6300,32.9310,0.000014
TAP_TAPCELL_ROW_7_50,VGND,li1,31.5100,32.3480,0.000015
TAP_TAPCELL_ROW_6_49,VGND,li1,44.3900,27.4910,0.000033
TAP_TAPCELL_ROW_6_48,VGND,li1,18.6300,27.4910,0.000029
TAP_TAPCELL_ROW_5_47,VGND,li1,31.5100,26.9080,0.000027
TAP_TAPCELL_ROW_4_46,VGND,li1,44.3900,22.0510,0.000004
TAP_TAPCELL_ROW_4_45,VGND,li1,18.6300,22.0510,0.000005
TAP_TAPCELL_ROW_3_44,VGND,li1,31.5100,21.4680,0.000003
TAP_TAPCELL_ROW_2_43,VGND,li1,44.3900,16.6110,0.000014
TAP_TAPCELL_ROW_2_42,VGND,li1,18.6300,16.6110,0.000011
TAP_TAPCELL_ROW_1_41,VGND,li1,31.5100,16.0280,0.000014
TAP_TAPCELL_ROW_0_40,VGND,li1,44.3900,11.1710,0.000000
TAP_TAPCELL_ROW_0_39,VGND,li1,31.5100,11.1710,0.000000
TAP_TAPCELL_ROW_0_38,VGND,li1,18.6300,11.1710,0.000000
PHY_EDGE_ROW_18_Left_37,VGND,li1,6.2100,59.8400,0.000005
PHY_EDGE_ROW_17_Left_36,VGND,li1,6.2100,59.8400,0.000005
PHY_EDGE_ROW_16_Left_35,VGND,li1,6.2100,54.4000,0.000013
PHY_EDGE_ROW_15_Left_34,VGND,li1,6.2100,54.4000,0.000013
PHY_EDGE_ROW_14_Left_33,VGND,li1,6.2100,48.9600,0.000005
PHY_EDGE_ROW_13_Left_32,VGND,li1,6.2100,48.9600,0.000005
PHY_EDGE_ROW_12_Left_31,VGND,li1,6.2100,43.5200,0.000016
PHY_EDGE_ROW_11_Left_30,VGND,li1,6.2100,43.5200,0.000016
PHY_EDGE_ROW_10_Left_29,VGND,li1,6.2100,38.0800,0.000009
PHY_EDGE_ROW_9_Left_28,VGND,li1,6.2100,38.0800,0.000009
PHY_EDGE_ROW_8_Left_27,VGND,li1,6.2100,32.6400,0.000013
PHY_EDGE_ROW_7_Left_26,VGND,li1,6.2100,32.6400,0.000013
PHY_EDGE_ROW_6_Left_25,VGND,li1,6.2100,27.2000,0.000026
PHY_EDGE_ROW_5_Left_24,VGND,li1,6.2100,27.2000,0.000026
PHY_EDGE_ROW_4_Left_23,VGND,li1,6.2100,21.7600,0.000004
PHY_EDGE_ROW_3_Left_22,VGND,li1,6.2100,21.7600,0.000004
PHY_EDGE_ROW_2_Left_21,VGND,li1,6.2100,16.3200,0.000007
PHY_EDGE_ROW_1_Left_20,VGND,li1,6.2100,16.3200,0.000007
PHY_EDGE_ROW_0_Left_19,VGND,li1,6.2100,10.8800,0.000000
PHY_EDGE_ROW_18_Right_18,VGND,li1,56.8100,59.8400,0.000002
PHY_EDGE_ROW_17_Right_17,VGND,li1,56.8100,59.8400,0.000002
PHY_EDGE_ROW_16_Right_16,VGND,li1,56.8100,54.4000,0.000012
PHY_EDGE_ROW_15_Right_15,VGND,li1,56.8100,54.4000,0.000012
PHY_EDGE_ROW_14_Right_14,VGND,li1,56.8100,48.9600,0.000021
PHY_EDGE_ROW_13_Right_13,VGND,li1,56.8100,48.9600,0.000021
PHY_EDGE_ROW_12_Right_12,VGND,li1,56.8100,43.5200,0.000012
PHY_EDGE_ROW_11_Right_11,VGND,li1,56.8100,43.5200,0.000012
PHY_EDGE_ROW_10_Right_10,VGND,li1,56.8100,38.0800,0.000013
PHY_EDGE_ROW_9_Right_9,VGND,li1,56.8100,38.0800,0.000013
PHY_EDGE_ROW_8_Right_8,VGND,li1,56.8100,32.6400,0.000008
PHY_EDGE_ROW_7_Right_7,VGND,li1,56.8100,32.6400,0.000008
PHY_EDGE_ROW_6_Right_6,VGND,li1,56.8100,27.2000,0.000021
PHY_EDGE_ROW_5_Right_5,VGND,li1,56.8100,27.2000,0.000021
PHY_EDGE_ROW_4_Right_4,VGND,li1,56.8100,21.7600,0.000004
PHY_EDGE_ROW_3_Right_3,VGND,li1,56.8100,21.7600,0.000004
PHY_EDGE_ROW_2_Right_2,VGND,li1,56.8100,16.3200,0.000009
PHY_EDGE_ROW_1_Right_1,VGND,li1,56.8100,16.3200,0.000009
PHY_EDGE_ROW_0_Right_0,VGND,li1,56.8100,10.8800,0.000000
_189_,VGND,li1,28.5200,54.4000,0.000016
_188_,VGND,li1,40.4800,27.2000,0.000030
_187_,VGND,li1,39.1000,27.2000,0.000030
_186_,VGND,li1,40.0200,16.3200,0.000013
_185_,VGND,li1,35.4200,16.3200,0.000015
_184_,VGND,li1,23.9200,16.3200,0.000014
_183_,VGND,li1,22.5400,27.2000,0.000039
_182_,VGND,li1,12.8800,32.6400,0.000013
_181_,VGND,li1,13.3400,27.2000,0.000026
_180_,VGND,li1,51.5200,32.6400,0.000010
_179_,VGND,li1,51.5200,38.0800,0.000016
_178_,VGND,li1,50.6000,43.5200,0.000015
_177_,VGND,li1,48.3000,43.5200,0.000015
_176_,VGND,li1,26.6800,54.4000,0.000015
_175_,VGND,li1,40.4800,54.4000,0.000016
_174_,VGND,li1,51.0600,54.4000,0.000016
_173_,VGND,li1,43.7000,54.4000,0.000018
_172_,VGND,li1,51.0600,21.7600,0.000005
_171_,VGND,li1,48.3000,16.3200,0.000014
_170_,VGND,li1,46.0000,16.3200,0.000014
_169_,VGND,li1,32.6600,16.3200,0.000014
_168_,VGND,li1,22.0800,16.3200,0.000013
_167_,VGND,li1,27.6000,32.6400,0.000014
_166_,VGND,li1,20.2400,32.6400,0.000014
_165_,VGND,li1,18.4000,21.7600,0.000005
_164_,VGND,li1,35.6500,32.6400,0.000015
_163_,VGND,li1,17.4800,59.8400,0.000007
_162_,VGND,li1,14.2600,54.4000,0.000013
_161_,VGND,li1,12.4200,43.5200,0.000015
_160_,VGND,li1,15.6400,43.5200,0.000014
_159_,VGND,li1,24.8400,43.5200,0.000013
_158_,VGND,li1,30.3600,32.6400,0.000015
_157_,VGND,li1,37.2600,43.5200,0.000014
_156_,VGND,li1,33.1200,59.8400,0.000005
_155_,VGND,li1,45.7700,21.7600,0.000004
_154_,VGND,li1,42.5500,21.7600,0.000004
_153_,VGND,li1,30.1300,27.2000,0.000027
_152_,VGND,li1,35.1900,27.2000,0.000029
_151_,VGND,li1,40.2500,10.8800,0.000000
_150_,VGND,li1,38.4100,21.7600,0.000003
_149_,VGND,li1,30.1300,10.8800,0.000000
_148_,VGND,li1,29.6700,21.7600,0.000003
_147_,VGND,li1,26.4500,10.8800,0.000000
_146_,VGND,li1,33.3500,27.2000,0.000028
_145_,VGND,li1,23.2300,21.7600,0.000004
_144_,VGND,li1,13.1100,21.7600,0.000004
_143_,VGND,li1,13.5700,32.6400,0.000013
_142_,VGND,li1,17.7100,38.0800,0.000011
_141_,VGND,li1,11.2700,27.2000,0.000026
_140_,VGND,li1,14.0300,27.2000,0.000026
_139_,VGND,li1,48.3000,32.6400,0.000010
_138_,VGND,li1,46.2300,32.6400,0.000010
_137_,VGND,li1,40.2500,38.0800,0.000025
_136_,VGND,li1,49.2200,38.0800,0.000017
_135_,VGND,li1,46.2300,38.0800,0.000019
_134_,VGND,li1,41.6300,38.0800,0.000020
_133_,VGND,li1,45.0800,38.0800,0.000019
_132_,VGND,li1,43.2400,38.0800,0.000020
_131_,VGND,li1,39.3300,38.0800,0.000025
_130_,VGND,li1,28.7500,59.8400,0.000005
_129_,VGND,li1,29.2100,59.8400,0.000005
_128_,VGND,li1,29.9000,48.9600,0.000008
_127_,VGND,li1,38.8700,59.8400,0.000005
_126_,VGND,li1,38.6400,48.9600,0.000013
_125_,VGND,li1,48.9900,59.8400,0.000003
_124_,VGND,li1,34.9600,54.4000,0.000017
_123_,VGND,li1,50.1400,54.4000,0.000016
_122_,VGND,li1,38.4100,54.4000,0.000016
_121_,VGND,li1,50.3700,59.8400,0.000003
_120_,VGND,li1,42.7800,59.8400,0.000004
_119_,VGND,li1,35.8800,54.4000,0.000017
_118_,VGND,li1,42.5500,32.6400,0.000010
_117_,VGND,li1,46.2300,10.8800,0.000000
_116_,VGND,li1,40.7100,16.3200,0.000013
_115_,VGND,li1,33.3500,10.8800,0.000000
_114_,VGND,li1,16.7900,16.3200,0.000009
_113_,VGND,li1,27.8300,27.2000,0.000026
_112_,VGND,li1,16.7900,32.6400,0.000013
_111_,VGND,li1,13.1100,21.7600,0.000004
_110_,VGND,li1,39.5600,32.6400,0.000012
_109_,VGND,li1,28.5200,38.0800,0.000020
_108_,VGND,li1,43.0100,32.6400,0.000011
_107_,VGND,li1,54.9700,32.6400,0.000008
_106_,VGND,li1,42.0900,38.0800,0.000020
_105_,VGND,li1,13.5700,54.4000,0.000013
_104_,VGND,li1,16.5600,54.4000,0.000012
_103_,VGND,li1,23.6900,54.4000,0.000014
_102_,VGND,li1,14.9500,48.9600,0.000005
_101_,VGND,li1,19.7800,54.4000,0.000013
_100_,VGND,li1,17.2500,48.9600,0.000006
_099_,VGND,li1,12.1900,48.9600,0.000005
_098_,VGND,li1,23.4600,48.9600,0.000007
_097_,VGND,li1,14.4900,48.9600,0.000005
_096_,VGND,li1,15.8700,38.0800,0.000009
_095_,VGND,li1,24.8400,38.0800,0.000017
_094_,VGND,li1,17.2500,43.5200,0.000014
_093_,VGND,li1,37.2600,32.6400,0.000014
_092_,VGND,li1,25.5300,38.0800,0.000018
_091_,VGND,li1,23.0000,43.5200,0.000013
_090_,VGND,li1,16.7900,48.9600,0.000006
_089_,VGND,li1,35.1900,32.6400,0.000015
_088_,VGND,li1,30.3600,43.5200,0.000012
_087_,VGND,li1,27.3700,48.9600,0.000008
_086_,VGND,li1,36.5700,38.0800,0.000029
_085_,VGND,li1,35.4200,43.5200,0.000014
_084_,VGND,li1,30.1300,43.5200,0.000012
_083_,VGND,li1,35.6500,59.8400,0.000005
_082_,VGND,li1,33.3500,54.4000,0.000017
_081_,VGND,li1,39.1000,43.5200,0.000013
_080_,VGND,li1,45.7700,43.5200,0.000014
_079_,VGND,li1,29.4400,48.9600,0.000008
_078_,VGND,li1,38.6400,38.0800,0.000025
