Instance,Terminal,Layer,X location,Y location,Voltage
FILLER_0_18_109,VPWR,li1,55.8900,62.5600,1.799999
FILLER_0_18_97,VPWR,li1,52.9000,62.5600,1.799999
FILLER_0_18_85,VPWR,li1,47.3800,62.5600,1.799999
FILLER_0_18_83,VPWR,li1,43.9300,62.5600,1.799998
FILLER_0_18_71,VPWR,li1,38.6400,62.5600,1.799998
FILLER_0_18_46,VPWR,li1,26.9100,62.5600,1.799998
FILLER_0_18_34,VPWR,li1,23.9200,62.5600,1.799999
FILLER_0_18_29,VPWR,li1,19.3200,62.5600,1.799999
FILLER_0_18_27,VPWR,li1,18.1700,62.5600,1.799999
FILLER_0_18_15,VPWR,li1,15.1800,62.5600,1.799999
FILLER_0_18_3,VPWR,li1,9.6600,62.5600,1.799999
FILLER_0_17_107,VPWR,li1,55.4300,57.1200,1.799993
FILLER_0_17_99,VPWR,li1,52.9000,57.1200,1.799993
FILLER_0_17_65,VPWR,li1,36.1100,57.1200,1.799991
FILLER_0_17_55,VPWR,li1,31.0500,57.1200,1.799989
FILLER_0_17_42,VPWR,li1,25.7600,57.1200,1.799991
FILLER_0_17_15,VPWR,li1,13.1100,57.1200,1.799993
FILLER_0_17_3,VPWR,li1,9.6600,57.1200,1.799993
FILLER_0_16_109,VPWR,li1,55.8900,57.1200,1.799993
FILLER_0_16_58,VPWR,li1,32.6600,57.1200,1.799989
FILLER_0_16_3,VPWR,li1,9.6600,57.1200,1.799993
FILLER_0_15_107,VPWR,li1,55.4300,51.6800,1.799964
FILLER_0_15_54,VPWR,li1,30.8200,51.6800,1.799971
FILLER_0_15_35,VPWR,li1,22.3100,51.6800,1.799963
FILLER_0_15_10,VPWR,li1,10.3500,51.6800,1.799980
FILLER_0_15_6,VPWR,li1,9.2000,51.6800,1.799980
FILLER_0_14_105,VPWR,li1,54.2800,51.6800,1.799964
FILLER_0_14_75,VPWR,li1,41.4000,51.6800,1.799968
FILLER_0_14_68,VPWR,li1,37.0300,51.6800,1.799973
FILLER_0_14_56,VPWR,li1,34.0400,51.6800,1.799972
FILLER_0_14_49,VPWR,li1,28.2900,51.6800,1.799971
FILLER_0_14_6,VPWR,li1,11.0400,51.6800,1.799980
FILLER_0_13_93,VPWR,li1,49.6800,46.2400,1.799992
FILLER_0_13_81,VPWR,li1,45.5400,46.2400,1.799993
FILLER_0_13_69,VPWR,li1,40.0200,46.2400,1.799994
FILLER_0_13_57,VPWR,li1,34.5000,46.2400,1.799993
FILLER_0_13_54,VPWR,li1,30.8200,46.2400,1.799992
FILLER_0_13_43,VPWR,li1,25.7600,46.2400,1.799994
FILLER_0_13_11,VPWR,li1,10.8100,46.2400,1.799993
FILLER_0_13_3,VPWR,li1,8.7400,46.2400,1.799993
FILLER_0_12_109,VPWR,li1,55.8900,46.2400,1.799992
FILLER_0_12_83,VPWR,li1,43.9300,46.2400,1.799993
FILLER_0_12_75,VPWR,li1,41.8600,46.2400,1.799993
FILLER_0_12_69,VPWR,li1,37.7200,46.2400,1.799994
FILLER_0_12_58,VPWR,li1,32.8900,46.2400,1.799993
FILLER_0_12_33,VPWR,li1,20.9300,46.2400,1.799993
FILLER_0_12_6,VPWR,li1,8.5100,46.2400,1.799993
FILLER_0_11_109,VPWR,li1,55.8900,40.8000,1.799978
FILLER_0_11_57,VPWR,li1,32.6600,40.8000,1.799962
FILLER_0_11_50,VPWR,li1,28.7500,40.8000,1.799972
FILLER_0_11_30,VPWR,li1,20.2400,40.8000,1.799980
FILLER_0_11_6,VPWR,li1,10.1200,40.8000,1.799987
FILLER_0_10_108,VPWR,li1,55.6600,40.8000,1.799978
FILLER_0_10_76,VPWR,li1,40.7100,40.8000,1.799973
FILLER_0_10_70,VPWR,li1,37.9500,40.8000,1.799973
FILLER_0_10_46,VPWR,li1,27.6000,40.8000,1.799972
FILLER_0_10_29,VPWR,li1,19.0900,40.8000,1.799982
FILLER_0_10_25,VPWR,li1,17.7100,40.8000,1.799982
FILLER_0_10_19,VPWR,li1,14.4900,40.8000,1.799984
FILLER_0_10_15,VPWR,li1,13.3400,40.8000,1.799987
FILLER_0_10_3,VPWR,li1,9.6600,40.8000,1.799987
FILLER_0_9_99,VPWR,li1,51.2900,35.3600,1.799991
FILLER_0_9_90,VPWR,li1,47.1500,35.3600,1.799991
FILLER_0_9_53,VPWR,li1,30.5900,35.3600,1.799991
FILLER_0_9_46,VPWR,li1,26.9100,35.3600,1.799994
FILLER_0_9_38,VPWR,li1,23.6900,35.3600,1.799996
FILLER_0_9_15,VPWR,li1,14.2600,35.3600,1.799997
FILLER_0_9_3,VPWR,li1,9.6600,35.3600,1.799998
FILLER_0_8_108,VPWR,li1,55.6600,35.3600,1.799991
FILLER_0_8_45,VPWR,li1,26.4500,35.3600,1.799994
FILLER_0_8_20,VPWR,li1,14.9500,35.3600,1.799997
FILLER_0_8_3,VPWR,li1,9.6600,35.3600,1.799998
FILLER_0_7_6,VPWR,li1,8.7400,29.9200,1.799986
FILLER_0_6_105,VPWR,li1,54.2800,29.9200,1.799993
FILLER_0_6_93,VPWR,li1,49.2200,29.9200,1.799991
FILLER_0_6_60,VPWR,li1,33.3500,29.9200,1.799985
FILLER_0_6_25,VPWR,li1,17.7100,29.9200,1.799984
FILLER_0_6_3,VPWR,li1,8.2800,29.9200,1.799986
FILLER_0_5_109,VPWR,li1,55.8900,24.4800,1.799971
FILLER_0_5_64,VPWR,li1,35.1900,24.4800,1.799977
FILLER_0_5_50,VPWR,li1,28.7500,24.4800,1.799976
FILLER_0_5_9,VPWR,li1,9.8900,24.4800,1.799986
FILLER_0_5_3,VPWR,li1,8.2800,24.4800,1.799986
FILLER_0_4_90,VPWR,li1,47.1500,24.4800,1.799962
FILLER_0_4_75,VPWR,li1,40.4800,24.4800,1.799973
FILLER_0_4_64,VPWR,li1,35.8800,24.4800,1.799977
FILLER_0_4_46,VPWR,li1,27.1400,24.4800,1.799976
FILLER_0_4_37,VPWR,li1,22.7700,24.4800,1.799971
FILLER_0_4_9,VPWR,li1,9.8900,24.4800,1.799986
FILLER_0_4_3,VPWR,li1,8.2800,24.4800,1.799986
FILLER_0_3_109,VPWR,li1,55.8900,19.0400,1.799993
FILLER_0_3_100,VPWR,li1,51.7500,19.0400,1.799993
FILLER_0_3_57,VPWR,li1,32.4300,19.0400,1.799990
FILLER_0_3_11,VPWR,li1,11.0400,19.0400,1.799994
FILLER_0_3_3,VPWR,li1,8.7400,19.0400,1.799994
FILLER_0_2_109,VPWR,li1,55.8900,19.0400,1.799993
FILLER_0_2_83,VPWR,li1,43.9300,19.0400,1.799991
FILLER_0_2_48,VPWR,li1,28.2900,19.0400,1.799991
FILLER_0_2_29,VPWR,li1,19.5500,19.0400,1.799991
FILLER_0_2_15,VPWR,li1,13.8000,19.0400,1.799993
FILLER_0_2_3,VPWR,li1,9.6600,19.0400,1.799994
FILLER_0_1_44,VPWR,li1,25.9900,13.6000,1.799995
FILLER_0_1_27,VPWR,li1,18.1700,13.6000,1.799995
FILLER_0_1_15,VPWR,li1,15.1800,13.6000,1.799996
FILLER_0_1_3,VPWR,li1,9.6600,13.6000,1.799997
FILLER_0_0_104,VPWR,li1,54.7400,13.6000,1.799996
FILLER_0_0_92,VPWR,li1,50.6000,13.6000,1.799996
FILLER_0_0_81,VPWR,li1,43.4700,13.6000,1.799994
FILLER_0_0_72,VPWR,li1,38.8700,13.6000,1.799994
FILLER_0_0_42,VPWR,li1,25.0700,13.6000,1.799995
FILLER_0_0_29,VPWR,li1,19.3200,13.6000,1.799995
FILLER_0_0_27,VPWR,li1,18.1700,13.6000,1.799995
FILLER_0_0_15,VPWR,li1,15.1800,13.6000,1.799996
FILLER_0_0_3,VPWR,li1,9.6600,13.6000,1.799997
hold39,VPWR,li1,20.7000,35.3600,1.799996
hold38,VPWR,li1,17.4800,24.4800,1.799979
hold37,VPWR,li1,33.1200,24.4800,1.799977
hold36,VPWR,li1,42.3200,19.0400,1.799991
hold35,VPWR,li1,46.4600,29.9200,1.799990
hold34,VPWR,li1,38.6400,19.0400,1.799992
hold33,VPWR,li1,29.4400,24.4800,1.799976
hold32,VPWR,li1,34.9600,19.0400,1.799991
hold31,VPWR,li1,33.5800,35.3600,1.799992
hold30,VPWR,li1,20.7000,57.1200,1.799990
hold29,VPWR,li1,19.7800,46.2400,1.799993
hold28,VPWR,li1,21.1600,40.8000,1.799980
hold27,VPWR,li1,26.6800,46.2400,1.799994
hold26,VPWR,li1,23.0000,57.1200,1.799991
hold25,VPWR,li1,53.8200,46.2400,1.799992
hold24,VPWR,li1,51.9800,29.9200,1.799993
hold23,VPWR,li1,54.2800,46.2400,1.799992
hold22,VPWR,li1,53.8200,57.1200,1.799993
hold21,VPWR,li1,46.4600,57.1200,1.799991
hold20,VPWR,li1,51.9800,29.9200,1.799993
hold19,VPWR,li1,46.4600,57.1200,1.799991
hold18,VPWR,li1,33.5800,57.1200,1.799990
hold17,VPWR,li1,42.7800,40.8000,1.799974
hold16,VPWR,li1,31.2800,29.9200,1.799985
hold15,VPWR,li1,24.8400,24.4800,1.799976
hold14,VPWR,li1,46.0000,19.0400,1.799991
hold13,VPWR,li1,53.8200,19.0400,1.799993
hold12,VPWR,li1,23.0000,13.6000,1.799995
hold11,VPWR,li1,26.2200,19.0400,1.799992
hold10,VPWR,li1,49.6800,19.0400,1.799991
hold9,VPWR,li1,51.5200,13.6000,1.799996
hold8,VPWR,li1,24.3800,35.3600,1.799996
hold7,VPWR,li1,21.1600,35.3600,1.799996
hold6,VPWR,li1,53.8200,24.4800,1.799971
hold5,VPWR,li1,53.8200,19.0400,1.799993
hold4,VPWR,li1,29.4400,13.6000,1.799994
hold3,VPWR,li1,36.8000,13.6000,1.799993
hold2,VPWR,li1,16.5600,24.4800,1.799979
hold1,VPWR,li1,20.7000,24.4800,1.799974
clkload2,VPWR,li1,43.4700,51.6800,1.799964
clkload1,VPWR,li1,19.7800,46.2400,1.799993
clkload0,VPWR,li1,10.8100,24.4800,1.799986
clkbuf_2_3__f_clk,VPWR,li1,49.2200,51.6800,1.799959
clkbuf_2_2__f_clk,VPWR,li1,23.4600,51.6800,1.799963
clkbuf_2_1__f_clk,VPWR,li1,47.3800,24.4800,1.799962
clkbuf_2_0__f_clk,VPWR,li1,23.9200,24.4800,1.799971
clkbuf_0_clk,VPWR,li1,33.1200,40.8000,1.799962
output22,VPWR,li1,55.4300,24.4800,1.799971
output21,VPWR,li1,55.4300,13.6000,1.799996
output20,VPWR,li1,54.0500,13.6000,1.799996
output19,VPWR,li1,42.0900,13.6000,1.799994
output18,VPWR,li1,26.9100,13.6000,1.799995
output17,VPWR,li1,28.2900,13.6000,1.799995
output16,VPWR,li1,7.5900,29.9200,1.799986
output15,VPWR,li1,20.4700,13.6000,1.799994
output14,VPWR,li1,51.7500,46.2400,1.799993
output13,VPWR,li1,55.4300,51.6800,1.799964
input12,VPWR,li1,27.8300,62.5600,1.799998
input11,VPWR,li1,20.4700,62.5600,1.799999
input10,VPWR,li1,7.5900,51.6800,1.799980
input9,VPWR,li1,7.5900,51.6800,1.799980
input8,VPWR,li1,7.5900,40.8000,1.799987
input7,VPWR,li1,7.5900,46.2400,1.799993
input6,VPWR,li1,30.5900,62.5600,1.799998
input5,VPWR,li1,37.4900,62.5600,1.799998
input4,VPWR,li1,41.4000,62.5600,1.799998
input3,VPWR,li1,54.9700,40.8000,1.799978
input2,VPWR,li1,53.8200,35.3600,1.799991
input1,VPWR,li1,55.4300,29.9200,1.799993
TAP_TAPCELL_ROW_18_68,VPWR,li1,44.3900,62.2530,1.799998
TAP_TAPCELL_ROW_18_67,VPWR,li1,31.5100,62.2530,1.799998
TAP_TAPCELL_ROW_18_66,VPWR,li1,18.6300,62.2530,1.799999
TAP_TAPCELL_ROW_17_65,VPWR,li1,31.5100,57.4260,1.799989
TAP_TAPCELL_ROW_16_64,VPWR,li1,44.3900,56.8130,1.799990
TAP_TAPCELL_ROW_16_63,VPWR,li1,18.6300,56.8130,1.799990
TAP_TAPCELL_ROW_15_62,VPWR,li1,31.5100,51.9860,1.799971
TAP_TAPCELL_ROW_14_61,VPWR,li1,44.3900,51.3730,1.799964
TAP_TAPCELL_ROW_14_60,VPWR,li1,18.6300,51.3730,1.799969
TAP_TAPCELL_ROW_13_59,VPWR,li1,31.5100,46.5460,1.799993
TAP_TAPCELL_ROW_12_58,VPWR,li1,44.3900,45.9330,1.799993
TAP_TAPCELL_ROW_12_57,VPWR,li1,18.6300,45.9330,1.799993
TAP_TAPCELL_ROW_11_56,VPWR,li1,31.5100,41.1060,1.799967
TAP_TAPCELL_ROW_10_55,VPWR,li1,44.3900,40.4930,1.799975
TAP_TAPCELL_ROW_10_54,VPWR,li1,18.6300,40.4930,1.799982
TAP_TAPCELL_ROW_9_53,VPWR,li1,31.5100,35.6660,1.799991
TAP_TAPCELL_ROW_8_52,VPWR,li1,44.3900,35.0530,1.799991
TAP_TAPCELL_ROW_8_51,VPWR,li1,18.6300,35.0530,1.799997
TAP_TAPCELL_ROW_7_50,VPWR,li1,31.5100,30.2260,1.799985
TAP_TAPCELL_ROW_6_49,VPWR,li1,44.3900,29.6130,1.799988
TAP_TAPCELL_ROW_6_48,VPWR,li1,18.6300,29.6130,1.799984
TAP_TAPCELL_ROW_5_47,VPWR,li1,31.5100,24.7860,1.799977
TAP_TAPCELL_ROW_4_46,VPWR,li1,44.3900,24.1730,1.799967
TAP_TAPCELL_ROW_4_45,VPWR,li1,18.6300,24.1730,1.799977
TAP_TAPCELL_ROW_3_44,VPWR,li1,31.5100,19.3460,1.799990
TAP_TAPCELL_ROW_2_43,VPWR,li1,44.3900,18.7330,1.799991
TAP_TAPCELL_ROW_2_42,VPWR,li1,18.6300,18.7330,1.799991
TAP_TAPCELL_ROW_1_41,VPWR,li1,31.5100,13.9060,1.799994
TAP_TAPCELL_ROW_0_40,VPWR,li1,44.3900,13.2930,1.799993
TAP_TAPCELL_ROW_0_39,VPWR,li1,31.5100,13.2930,1.799994
TAP_TAPCELL_ROW_0_38,VPWR,li1,18.6300,13.2930,1.799995
PHY_EDGE_ROW_18_Left_37,VPWR,li1,6.2100,62.5600,1.799999
PHY_EDGE_ROW_17_Left_36,VPWR,li1,6.2100,57.1200,1.799993
PHY_EDGE_ROW_16_Left_35,VPWR,li1,6.2100,57.1200,1.799993
PHY_EDGE_ROW_15_Left_34,VPWR,li1,6.2100,51.6800,1.799980
PHY_EDGE_ROW_14_Left_33,VPWR,li1,6.2100,51.6800,1.799980
PHY_EDGE_ROW_13_Left_32,VPWR,li1,6.2100,46.2400,1.799993
PHY_EDGE_ROW_12_Left_31,VPWR,li1,6.2100,46.2400,1.799993
PHY_EDGE_ROW_11_Left_30,VPWR,li1,6.2100,40.8000,1.799987
PHY_EDGE_ROW_10_Left_29,VPWR,li1,6.2100,40.8000,1.799987
PHY_EDGE_ROW_9_Left_28,VPWR,li1,6.2100,35.3600,1.799998
PHY_EDGE_ROW_8_Left_27,VPWR,li1,6.2100,35.3600,1.799998
PHY_EDGE_ROW_7_Left_26,VPWR,li1,6.2100,29.9200,1.799986
PHY_EDGE_ROW_6_Left_25,VPWR,li1,6.2100,29.9200,1.799986
PHY_EDGE_ROW_5_Left_24,VPWR,li1,6.2100,24.4800,1.799986
PHY_EDGE_ROW_4_Left_23,VPWR,li1,6.2100,24.4800,1.799986
PHY_EDGE_ROW_3_Left_22,VPWR,li1,6.2100,19.0400,1.799994
PHY_EDGE_ROW_2_Left_21,VPWR,li1,6.2100,19.0400,1.799994
PHY_EDGE_ROW_1_Left_20,VPWR,li1,6.2100,13.6000,1.799997
PHY_EDGE_ROW_0_Left_19,VPWR,li1,6.2100,13.6000,1.799997
PHY_EDGE_ROW_18_Right_18,VPWR,li1,56.8100,62.5600,1.799999
PHY_EDGE_ROW_17_Right_17,VPWR,li1,56.8100,57.1200,1.799993
PHY_EDGE_ROW_16_Right_16,VPWR,li1,56.8100,57.1200,1.799993
PHY_EDGE_ROW_15_Right_15,VPWR,li1,56.8100,51.6800,1.799964
PHY_EDGE_ROW_14_Right_14,VPWR,li1,56.8100,51.6800,1.799964
PHY_EDGE_ROW_13_Right_13,VPWR,li1,56.8100,46.2400,1.799992
PHY_EDGE_ROW_12_Right_12,VPWR,li1,56.8100,46.2400,1.799992
PHY_EDGE_ROW_11_Right_11,VPWR,li1,56.8100,40.8000,1.799978
PHY_EDGE_ROW_10_Right_10,VPWR,li1,56.8100,40.8000,1.799978
PHY_EDGE_ROW_9_Right_9,VPWR,li1,56.8100,35.3600,1.799991
PHY_EDGE_ROW_8_Right_8,VPWR,li1,56.8100,35.3600,1.799991
PHY_EDGE_ROW_7_Right_7,VPWR,li1,56.8100,29.9200,1.799993
PHY_EDGE_ROW_6_Right_6,VPWR,li1,56.8100,29.9200,1.799993
PHY_EDGE_ROW_5_Right_5,VPWR,li1,56.8100,24.4800,1.799971
PHY_EDGE_ROW_4_Right_4,VPWR,li1,56.8100,24.4800,1.799971
PHY_EDGE_ROW_3_Right_3,VPWR,li1,56.8100,19.0400,1.799993
PHY_EDGE_ROW_2_Right_2,VPWR,li1,56.8100,19.0400,1.799993
PHY_EDGE_ROW_1_Right_1,VPWR,li1,56.8100,13.6000,1.799996
PHY_EDGE_ROW_0_Right_0,VPWR,li1,56.8100,13.6000,1.799996
_189_,VPWR,li1,28.5200,57.1200,1.799989
_188_,VPWR,li1,40.4800,29.9200,1.799987
_187_,VPWR,li1,39.1000,24.4800,1.799977
_186_,VPWR,li1,40.0200,19.0400,1.799991
_185_,VPWR,li1,35.4200,13.6000,1.799993
_184_,VPWR,li1,23.9200,19.0400,1.799991
_183_,VPWR,li1,22.5400,29.9200,1.799984
_182_,VPWR,li1,12.8800,29.9200,1.799986
_181_,VPWR,li1,13.3400,29.9200,1.799986
_180_,VPWR,li1,51.5200,35.3600,1.799991
_179_,VPWR,li1,51.5200,40.8000,1.799979
_178_,VPWR,li1,50.6000,40.8000,1.799979
_177_,VPWR,li1,48.3000,46.2400,1.799992
_176_,VPWR,li1,26.6800,51.6800,1.799970
_175_,VPWR,li1,40.4800,57.1200,1.799990
_174_,VPWR,li1,51.0600,51.6800,1.799964
_173_,VPWR,li1,43.7000,51.6800,1.799964
_172_,VPWR,li1,51.0600,24.4800,1.799971
_171_,VPWR,li1,48.3000,19.0400,1.799991
_170_,VPWR,li1,46.0000,13.6000,1.799993
_169_,VPWR,li1,32.6600,19.0400,1.799990
_168_,VPWR,li1,22.0800,13.6000,1.799994
_167_,VPWR,li1,27.6000,29.9200,1.799985
_166_,VPWR,li1,20.2400,29.9200,1.799983
_165_,VPWR,li1,18.4000,19.0400,1.799991
_164_,VPWR,li1,35.6500,29.9200,1.799985
_163_,VPWR,li1,17.4800,57.1200,1.799990
_162_,VPWR,li1,14.2600,51.6800,1.799973
_161_,VPWR,li1,12.4200,46.2400,1.799993
_160_,VPWR,li1,15.6400,40.8000,1.799984
_159_,VPWR,li1,24.8400,40.8000,1.799978
_158_,VPWR,li1,30.3600,35.3600,1.799991
_157_,VPWR,li1,37.2600,40.8000,1.799973
_156_,VPWR,li1,33.1200,62.5600,1.799998
_155_,VPWR,li1,45.7700,24.4800,1.799967
_154_,VPWR,li1,42.5500,24.4800,1.799970
_153_,VPWR,li1,30.1300,24.4800,1.799976
_152_,VPWR,li1,35.1900,29.9200,1.799985
_151_,VPWR,li1,40.2500,13.6000,1.799994
_150_,VPWR,li1,38.4100,24.4800,1.799977
_149_,VPWR,li1,30.1300,13.6000,1.799994
_148_,VPWR,li1,29.6700,19.0400,1.799991
_147_,VPWR,li1,26.4500,13.6000,1.799995
_146_,VPWR,li1,33.3500,24.4800,1.799977
_145_,VPWR,li1,23.2300,19.0400,1.799991
_144_,VPWR,li1,13.1100,24.4800,1.799984
_143_,VPWR,li1,13.5700,35.3600,1.799998
_142_,VPWR,li1,17.7100,35.3600,1.799997
_141_,VPWR,li1,11.2700,24.4800,1.799986
_140_,VPWR,li1,14.0300,24.4800,1.799984
_139_,VPWR,li1,48.3000,29.9200,1.799991
_138_,VPWR,li1,46.2300,35.3600,1.799991
_137_,VPWR,li1,40.2500,35.3600,1.799991
_136_,VPWR,li1,49.2200,35.3600,1.799991
_135_,VPWR,li1,46.2300,40.8000,1.799976
_134_,VPWR,li1,41.6300,40.8000,1.799974
_133_,VPWR,li1,45.0800,35.3600,1.799991
_132_,VPWR,li1,43.2400,40.8000,1.799974
_131_,VPWR,li1,39.3300,40.8000,1.799973
_130_,VPWR,li1,28.7500,57.1200,1.799989
_129_,VPWR,li1,29.2100,62.5600,1.799998
_128_,VPWR,li1,29.9000,51.6800,1.799971
_127_,VPWR,li1,38.8700,57.1200,1.799991
_126_,VPWR,li1,38.6400,51.6800,1.799974
_125_,VPWR,li1,48.9900,57.1200,1.799992
_124_,VPWR,li1,34.9600,57.1200,1.799990
_123_,VPWR,li1,50.1400,57.1200,1.799992
_122_,VPWR,li1,38.4100,51.6800,1.799974
_121_,VPWR,li1,50.3700,57.1200,1.799992
_120_,VPWR,li1,42.7800,57.1200,1.799990
_119_,VPWR,li1,35.8800,51.6800,1.799973
_118_,VPWR,li1,42.5500,35.3600,1.799991
_117_,VPWR,li1,46.2300,13.6000,1.799994
_116_,VPWR,li1,40.7100,13.6000,1.799994
_115_,VPWR,li1,33.3500,13.6000,1.799994
_114_,VPWR,li1,16.7900,19.0400,1.799991
_113_,VPWR,li1,27.8300,29.9200,1.799985
_112_,VPWR,li1,16.7900,35.3600,1.799997
_111_,VPWR,li1,13.1100,19.0400,1.799993
_110_,VPWR,li1,39.5600,35.3600,1.799991
_109_,VPWR,li1,28.5200,35.3600,1.799992
_108_,VPWR,li1,43.0100,29.9200,1.799988
_107_,VPWR,li1,54.9700,29.9200,1.799993
_106_,VPWR,li1,42.0900,35.3600,1.799991
_105_,VPWR,li1,13.5700,57.1200,1.799993
_104_,VPWR,li1,16.5600,57.1200,1.799990
_103_,VPWR,li1,23.6900,57.1200,1.799991
_102_,VPWR,li1,14.9500,51.6800,1.799973
_101_,VPWR,li1,19.7800,51.6800,1.799966
_100_,VPWR,li1,17.2500,51.6800,1.799969
_099_,VPWR,li1,12.1900,46.2400,1.799993
_098_,VPWR,li1,23.4600,46.2400,1.799993
_097_,VPWR,li1,14.4900,46.2400,1.799993
_096_,VPWR,li1,15.8700,40.8000,1.799984
_095_,VPWR,li1,24.8400,40.8000,1.799978
_094_,VPWR,li1,17.2500,46.2400,1.799993
_093_,VPWR,li1,37.2600,35.3600,1.799992
_092_,VPWR,li1,25.5300,35.3600,1.799994
_091_,VPWR,li1,23.0000,46.2400,1.799993
_090_,VPWR,li1,16.7900,46.2400,1.799993
_089_,VPWR,li1,35.1900,35.3600,1.799992
_088_,VPWR,li1,30.3600,46.2400,1.799992
_087_,VPWR,li1,27.3700,46.2400,1.799993
_086_,VPWR,li1,36.5700,35.3600,1.799992
_085_,VPWR,li1,35.4200,46.2400,1.799993
_084_,VPWR,li1,30.1300,40.8000,1.799967
_083_,VPWR,li1,35.6500,62.5600,1.799998
_082_,VPWR,li1,33.3500,51.6800,1.799972
_081_,VPWR,li1,39.1000,46.2400,1.799994
_080_,VPWR,li1,45.7700,40.8000,1.799975
_079_,VPWR,li1,29.4400,46.2400,1.799992
_078_,VPWR,li1,38.6400,35.3600,1.799991
