
===========================================================================
 report_power
============================================================================
======================= Fastest Corner ===================================

Group                  Internal  Switching    Leakage      Total
                          Power      Power      Power      Power (Watts)
----------------------------------------------------------------
Sequential             1.62e-04   7.42e-06   4.80e-10   1.69e-04  45.3%
Combinational          2.51e-05   2.05e-05   1.58e-09   4.56e-05  12.2%
Clock                  1.02e-04   5.68e-05   5.56e-10   1.59e-04  42.5%
Macro                  0.00e+00   0.00e+00   0.00e+00   0.00e+00   0.0%
Pad                    0.00e+00   0.00e+00   0.00e+00   0.00e+00   0.0%
----------------------------------------------------------------
Total                  2.89e-04   8.47e-05   2.61e-09   3.73e-04 100.0%
                          77.3%      22.7%       0.0%

======================= Slowest Corner ===================================

Group                  Internal  Switching    Leakage      Total
                          Power      Power      Power      Power (Watts)
----------------------------------------------------------------
Sequential             1.09e-04   4.81e-06   4.57e-07   1.14e-04  44.6%
Combinational          1.83e-05   1.34e-05   7.12e-07   3.24e-05  12.7%
Clock                  7.26e-05   3.63e-05   1.04e-07   1.09e-04  42.7%
Macro                  0.00e+00   0.00e+00   0.00e+00   0.00e+00   0.0%
Pad                    0.00e+00   0.00e+00   0.00e+00   0.00e+00   0.0%
----------------------------------------------------------------
Total                  1.99e-04   5.45e-05   1.27e-06   2.55e-04 100.0%
                          78.1%      21.4%       0.5%

======================= Typical Corner ===================================

Group                  Internal  Switching    Leakage      Total
                          Power      Power      Power      Power (Watts)
----------------------------------------------------------------
Sequential             1.39e-04   6.19e-06   2.69e-10   1.45e-04  45.2%
Combinational          2.26e-05   1.72e-05   6.17e-10   3.98e-05  12.4%
Clock                  8.92e-05   4.76e-05   2.91e-10   1.37e-04  42.5%
Macro                  0.00e+00   0.00e+00   0.00e+00   0.00e+00   0.0%
Pad                    0.00e+00   0.00e+00   0.00e+00   0.00e+00   0.0%
----------------------------------------------------------------
Total                  2.51e-04   7.10e-05   1.18e-09   3.22e-04 100.0%
                          78.0%      22.0%       0.0%

