
===========================================================================
report_checks -path_delay min (Hold)
============================================================================
======================= Typical Corner ===================================

Startpoint: _172_ (rising edge-triggered flip-flop clocked by clk)
Endpoint: _172_ (rising edge-triggered flip-flop clocked by clk)
Path Group: clk
Path Type: min

Fanout     Cap    Slew   Delay    Time   Description
-----------------------------------------------------------------------------
                  0.15    0.00    0.00   clock clk (rise edge)
                          0.00    0.00   clock network delay (ideal)
                  0.15    0.00    0.00 ^ _172_/CLK (sky130_fd_sc_hd__dfxtp_2)
     2    0.00    0.03    0.33    0.33 ^ _172_/Q (sky130_fd_sc_hd__dfxtp_2)
                                         rx_data[7] (net)
                  0.03    0.00    0.33 ^ _118_/A1 (sky130_fd_sc_hd__a22o_2)
     1    0.00    0.03    0.11    0.44 ^ _118_/X (sky130_fd_sc_hd__a22o_2)
                                         _015_ (net)
                  0.03    0.00    0.44 ^ _172_/D (sky130_fd_sc_hd__dfxtp_2)
                                  0.44   data arrival time

                  0.15    0.00    0.00   clock clk (rise edge)
                          0.00    0.00   clock network delay (ideal)
                          0.25    0.25   clock uncertainty
                          0.00    0.25   clock reconvergence pessimism
                                  0.25 ^ _172_/CLK (sky130_fd_sc_hd__dfxtp_2)
                         -0.01    0.24   library hold time
                                  0.24   data required time
-----------------------------------------------------------------------------
                                  0.24   data required time
                                 -0.44   data arrival time
-----------------------------------------------------------------------------
                                  0.20   slack (MET)


Startpoint: _171_ (rising edge-triggered flip-flop clocked by clk)
Endpoint: _171_ (rising edge-triggered flip-flop clocked by clk)
Path Group: clk
Path Type: min

Fanout     Cap    Slew   Delay    Time   Description
-----------------------------------------------------------------------------
                  0.15    0.00    0.00   clock clk (rise edge)
                          0.00    0.00   clock network delay (ideal)
                  0.15    0.00    0.00 ^ _171_/CLK (sky130_fd_sc_hd__dfxtp_2)
     2    0.00    0.03    0.33    0.33 ^ _171_/Q (sky130_fd_sc_hd__dfxtp_2)
                                         rx_data[6] (net)
                  0.03    0.00    0.33 ^ _117_/A1 (sky130_fd_sc_hd__a22o_2)
     1    0.00    0.03    0.11    0.44 ^ _117_/X (sky130_fd_sc_hd__a22o_2)
                                         _014_ (net)
                  0.03    0.00    0.44 ^ _171_/D (sky130_fd_sc_hd__dfxtp_2)
                                  0.44   data arrival time

                  0.15    0.00    0.00   clock clk (rise edge)
                          0.00    0.00   clock network delay (ideal)
                          0.25    0.25   clock uncertainty
                          0.00    0.25   clock reconvergence pessimism
                                  0.25 ^ _171_/CLK (sky130_fd_sc_hd__dfxtp_2)
                         -0.01    0.24   library hold time
                                  0.24   data required time
-----------------------------------------------------------------------------
                                  0.24   data required time
                                 -0.44   data arrival time
-----------------------------------------------------------------------------
                                  0.20   slack (MET)


Startpoint: _170_ (rising edge-triggered flip-flop clocked by clk)
Endpoint: _170_ (rising edge-triggered flip-flop clocked by clk)
Path Group: clk
Path Type: min

Fanout     Cap    Slew   Delay    Time   Description
-----------------------------------------------------------------------------
                  0.15    0.00    0.00   clock clk (rise edge)
                          0.00    0.00   clock network delay (ideal)
                  0.15    0.00    0.00 ^ _170_/CLK (sky130_fd_sc_hd__dfxtp_2)
     2    0.00    0.03    0.33    0.33 ^ _170_/Q (sky130_fd_sc_hd__dfxtp_2)
                                         rx_data[5] (net)
                  0.03    0.00    0.33 ^ _116_/A1 (sky130_fd_sc_hd__a22o_2)
     1    0.00    0.03    0.11    0.44 ^ _116_/X (sky130_fd_sc_hd__a22o_2)
                                         _013_ (net)
                  0.03    0.00    0.44 ^ _170_/D (sky130_fd_sc_hd__dfxtp_2)
                                  0.44   data arrival time

                  0.15    0.00    0.00   clock clk (rise edge)
                          0.00    0.00   clock network delay (ideal)
                          0.25    0.25   clock uncertainty
                          0.00    0.25   clock reconvergence pessimism
                                  0.25 ^ _170_/CLK (sky130_fd_sc_hd__dfxtp_2)
                         -0.01    0.24   library hold time
                                  0.24   data required time
-----------------------------------------------------------------------------
                                  0.24   data required time
                                 -0.44   data arrival time
-----------------------------------------------------------------------------
                                  0.20   slack (MET)


Startpoint: _169_ (rising edge-triggered flip-flop clocked by clk)
Endpoint: _169_ (rising edge-triggered flip-flop clocked by clk)
Path Group: clk
Path Type: min

Fanout     Cap    Slew   Delay    Time   Description
-----------------------------------------------------------------------------
                  0.15    0.00    0.00   clock clk (rise edge)
                          0.00    0.00   clock network delay (ideal)
                  0.15    0.00    0.00 ^ _169_/CLK (sky130_fd_sc_hd__dfxtp_2)
     2    0.00    0.03    0.33    0.33 ^ _169_/Q (sky130_fd_sc_hd__dfxtp_2)
                                         rx_data[4] (net)
                  0.03    0.00    0.33 ^ _115_/A1 (sky130_fd_sc_hd__a22o_2)
     1    0.00    0.03    0.11    0.44 ^ _115_/X (sky130_fd_sc_hd__a22o_2)
                                         _012_ (net)
                  0.03    0.00    0.44 ^ _169_/D (sky130_fd_sc_hd__dfxtp_2)
                                  0.44   data arrival time

                  0.15    0.00    0.00   clock clk (rise edge)
                          0.00    0.00   clock network delay (ideal)
                          0.25    0.25   clock uncertainty
                          0.00    0.25   clock reconvergence pessimism
                                  0.25 ^ _169_/CLK (sky130_fd_sc_hd__dfxtp_2)
                         -0.01    0.24   library hold time
                                  0.24   data required time
-----------------------------------------------------------------------------
                                  0.24   data required time
                                 -0.44   data arrival time
-----------------------------------------------------------------------------
                                  0.20   slack (MET)


Startpoint: _168_ (rising edge-triggered flip-flop clocked by clk)
Endpoint: _168_ (rising edge-triggered flip-flop clocked by clk)
Path Group: clk
Path Type: min

Fanout     Cap    Slew   Delay    Time   Description
-----------------------------------------------------------------------------
                  0.15    0.00    0.00   clock clk (rise edge)
                          0.00    0.00   clock network delay (ideal)
                  0.15    0.00    0.00 ^ _168_/CLK (sky130_fd_sc_hd__dfxtp_2)
     2    0.00    0.04    0.33    0.33 ^ _168_/Q (sky130_fd_sc_hd__dfxtp_2)
                                         rx_data[3] (net)
                  0.04    0.00    0.33 ^ _114_/A1 (sky130_fd_sc_hd__a22o_2)
     1    0.00    0.03    0.11    0.44 ^ _114_/X (sky130_fd_sc_hd__a22o_2)
                                         _011_ (net)
                  0.03    0.00    0.44 ^ _168_/D (sky130_fd_sc_hd__dfxtp_2)
                                  0.44   data arrival time

                  0.15    0.00    0.00   clock clk (rise edge)
                          0.00    0.00   clock network delay (ideal)
                          0.25    0.25   clock uncertainty
                          0.00    0.25   clock reconvergence pessimism
                                  0.25 ^ _168_/CLK (sky130_fd_sc_hd__dfxtp_2)
                         -0.01    0.24   library hold time
                                  0.24   data required time
-----------------------------------------------------------------------------
                                  0.24   data required time
                                 -0.44   data arrival time
-----------------------------------------------------------------------------
                                  0.20   slack (MET)


Startpoint: _165_ (rising edge-triggered flip-flop clocked by clk)
Endpoint: _165_ (rising edge-triggered flip-flop clocked by clk)
Path Group: clk
Path Type: min

Fanout     Cap    Slew   Delay    Time   Description
-----------------------------------------------------------------------------
                  0.15    0.00    0.00   clock clk (rise edge)
                          0.00    0.00   clock network delay (ideal)
                  0.15    0.00    0.00 ^ _165_/CLK (sky130_fd_sc_hd__dfxtp_2)
     2    0.00    0.03    0.33    0.33 ^ _165_/Q (sky130_fd_sc_hd__dfxtp_2)
                                         rx_data[0] (net)
                  0.03    0.00    0.33 ^ _111_/A1 (sky130_fd_sc_hd__a22o_2)
     1    0.00    0.03    0.11    0.44 ^ _111_/X (sky130_fd_sc_hd__a22o_2)
                                         _008_ (net)
                  0.03    0.00    0.44 ^ _165_/D (sky130_fd_sc_hd__dfxtp_2)
                                  0.44   data arrival time

                  0.15    0.00    0.00   clock clk (rise edge)
                          0.00    0.00   clock network delay (ideal)
                          0.25    0.25   clock uncertainty
                          0.00    0.25   clock reconvergence pessimism
                                  0.25 ^ _165_/CLK (sky130_fd_sc_hd__dfxtp_2)
                         -0.01    0.24   library hold time
                                  0.24   data required time
-----------------------------------------------------------------------------
                                  0.24   data required time
                                 -0.44   data arrival time
-----------------------------------------------------------------------------
                                  0.21   slack (MET)


Startpoint: _166_ (rising edge-triggered flip-flop clocked by clk)
Endpoint: _166_ (rising edge-triggered flip-flop clocked by clk)
Path Group: clk
Path Type: min

Fanout     Cap    Slew   Delay    Time   Description
-----------------------------------------------------------------------------
                  0.15    0.00    0.00   clock clk (rise edge)
                          0.00    0.00   clock network delay (ideal)
                  0.15    0.00    0.00 ^ _166_/CLK (sky130_fd_sc_hd__dfxtp_2)
     2    0.00    0.04    0.33    0.33 ^ _166_/Q (sky130_fd_sc_hd__dfxtp_2)
                                         rx_data[1] (net)
                  0.04    0.00    0.33 ^ _112_/A1 (sky130_fd_sc_hd__a22o_2)
     1    0.00    0.03    0.11    0.44 ^ _112_/X (sky130_fd_sc_hd__a22o_2)
                                         _009_ (net)
                  0.03    0.00    0.44 ^ _166_/D (sky130_fd_sc_hd__dfxtp_2)
                                  0.44   data arrival time

                  0.15    0.00    0.00   clock clk (rise edge)
                          0.00    0.00   clock network delay (ideal)
                          0.25    0.25   clock uncertainty
                          0.00    0.25   clock reconvergence pessimism
                                  0.25 ^ _166_/CLK (sky130_fd_sc_hd__dfxtp_2)
                         -0.01    0.24   library hold time
                                  0.24   data required time
-----------------------------------------------------------------------------
                                  0.24   data required time
                                 -0.44   data arrival time
-----------------------------------------------------------------------------
                                  0.21   slack (MET)


Startpoint: _167_ (rising edge-triggered flip-flop clocked by clk)
Endpoint: _167_ (rising edge-triggered flip-flop clocked by clk)
Path Group: clk
Path Type: min

Fanout     Cap    Slew   Delay    Time   Description
-----------------------------------------------------------------------------
                  0.15    0.00    0.00   clock clk (rise edge)
                          0.00    0.00   clock network delay (ideal)
                  0.15    0.00    0.00 ^ _167_/CLK (sky130_fd_sc_hd__dfxtp_2)
     2    0.00    0.04    0.33    0.33 ^ _167_/Q (sky130_fd_sc_hd__dfxtp_2)
                                         rx_data[2] (net)
                  0.04    0.00    0.33 ^ _113_/A1 (sky130_fd_sc_hd__a22o_2)
     1    0.00    0.03    0.11    0.44 ^ _113_/X (sky130_fd_sc_hd__a22o_2)
                                         _010_ (net)
                  0.03    0.00    0.44 ^ _167_/D (sky130_fd_sc_hd__dfxtp_2)
                                  0.44   data arrival time

                  0.15    0.00    0.00   clock clk (rise edge)
                          0.00    0.00   clock network delay (ideal)
                          0.25    0.25   clock uncertainty
                          0.00    0.25   clock reconvergence pessimism
                                  0.25 ^ _167_/CLK (sky130_fd_sc_hd__dfxtp_2)
                         -0.01    0.24   library hold time
                                  0.24   data required time
-----------------------------------------------------------------------------
                                  0.24   data required time
                                 -0.44   data arrival time
-----------------------------------------------------------------------------
                                  0.21   slack (MET)


Startpoint: _157_ (rising edge-triggered flip-flop clocked by clk)
Endpoint: _177_ (rising edge-triggered flip-flop clocked by clk)
Path Group: clk
Path Type: min

Fanout     Cap    Slew   Delay    Time   Description
-----------------------------------------------------------------------------
                  0.15    0.00    0.00   clock clk (rise edge)
                          0.00    0.00   clock network delay (ideal)
                  0.15    0.00    0.00 ^ _157_/CLK (sky130_fd_sc_hd__dfxtp_2)
     2    0.00    0.04    0.33    0.33 ^ _157_/Q (sky130_fd_sc_hd__dfxtp_2)
                                         tx_shift_reg[0] (net)
                  0.04    0.00    0.33 ^ _131_/A (sky130_fd_sc_hd__and3_2)
     1    0.00    0.04    0.14    0.47 ^ _131_/X (sky130_fd_sc_hd__and3_2)
                                         _020_ (net)
                  0.04    0.00    0.47 ^ _177_/D (sky130_fd_sc_hd__dfxtp_2)
                                  0.47   data arrival time

                  0.15    0.00    0.00   clock clk (rise edge)
                          0.00    0.00   clock network delay (ideal)
                          0.25    0.25   clock uncertainty
                          0.00    0.25   clock reconvergence pessimism
                                  0.25 ^ _177_/CLK (sky130_fd_sc_hd__dfxtp_2)
                         -0.02    0.23   library hold time
                                  0.23   data required time
-----------------------------------------------------------------------------
                                  0.23   data required time
                                 -0.47   data arrival time
-----------------------------------------------------------------------------
                                  0.23   slack (MET)


Startpoint: _175_ (rising edge-triggered flip-flop clocked by clk)
Endpoint: _175_ (rising edge-triggered flip-flop clocked by clk)
Path Group: clk
Path Type: min

Fanout     Cap    Slew   Delay    Time   Description
-----------------------------------------------------------------------------
                  0.15    0.00    0.00   clock clk (rise edge)
                          0.00    0.00   clock network delay (ideal)
                  0.15    0.00    0.00 ^ _175_/CLK (sky130_fd_sc_hd__dfxtp_2)
     2    0.01    0.05    0.34    0.34 ^ _175_/Q (sky130_fd_sc_hd__dfxtp_2)
                                         tx_bit_cnt[2] (net)
                  0.05    0.00    0.34 ^ _127_/A1 (sky130_fd_sc_hd__o221a_2)
     1    0.00    0.04    0.17    0.51 ^ _127_/X (sky130_fd_sc_hd__o221a_2)
                                         _018_ (net)
                  0.04    0.00    0.51 ^ _175_/D (sky130_fd_sc_hd__dfxtp_2)
                                  0.51   data arrival time

                  0.15    0.00    0.00   clock clk (rise edge)
                          0.00    0.00   clock network delay (ideal)
                          0.25    0.25   clock uncertainty
                          0.00    0.25   clock reconvergence pessimism
                                  0.25 ^ _175_/CLK (sky130_fd_sc_hd__dfxtp_2)
                         -0.02    0.23   library hold time
                                  0.23   data required time
-----------------------------------------------------------------------------
                                  0.23   data required time
                                 -0.51   data arrival time
-----------------------------------------------------------------------------
                                  0.27   slack (MET)


Startpoint: _176_ (rising edge-triggered flip-flop clocked by clk)
Endpoint: _176_ (rising edge-triggered flip-flop clocked by clk)
Path Group: clk
Path Type: min

Fanout     Cap    Slew   Delay    Time   Description
-----------------------------------------------------------------------------
                  0.15    0.00    0.00   clock clk (rise edge)
                          0.00    0.00   clock network delay (ideal)
                  0.15    0.00    0.00 ^ _176_/CLK (sky130_fd_sc_hd__dfxtp_2)
     2    0.00    0.04    0.33    0.33 ^ _176_/Q (sky130_fd_sc_hd__dfxtp_2)
                                         tx_shift_reg[7] (net)
                  0.04    0.00    0.33 ^ _130_/A1 (sky130_fd_sc_hd__o2111a_2)
     1    0.00    0.04    0.18    0.51 ^ _130_/X (sky130_fd_sc_hd__o2111a_2)
                                         _019_ (net)
                  0.04    0.00    0.51 ^ _176_/D (sky130_fd_sc_hd__dfxtp_2)
                                  0.51   data arrival time

                  0.15    0.00    0.00   clock clk (rise edge)
                          0.00    0.00   clock network delay (ideal)
                          0.25    0.25   clock uncertainty
                          0.00    0.25   clock reconvergence pessimism
                                  0.25 ^ _176_/CLK (sky130_fd_sc_hd__dfxtp_2)
                         -0.02    0.23   library hold time
                                  0.23   data required time
-----------------------------------------------------------------------------
                                  0.23   data required time
                                 -0.51   data arrival time
-----------------------------------------------------------------------------
                                  0.27   slack (MET)


Startpoint: _174_ (rising edge-triggered flip-flop clocked by clk)
Endpoint: _174_ (rising edge-triggered flip-flop clocked by clk)
Path Group: clk
Path Type: min

Fanout     Cap    Slew   Delay    Time   Description
-----------------------------------------------------------------------------
                  0.15    0.00    0.00   clock clk (rise edge)
                          0.00    0.00   clock network delay (ideal)
                  0.15    0.00    0.00 ^ _174_/CLK (sky130_fd_sc_hd__dfxtp_2)
     4    0.01    0.08    0.36    0.36 ^ _174_/Q (sky130_fd_sc_hd__dfxtp_2)
                                         tx_bit_cnt[1] (net)
                  0.08    0.00    0.36 ^ _123_/A1 (sky130_fd_sc_hd__o211a_2)
     1    0.00    0.04    0.16    0.52 ^ _123_/X (sky130_fd_sc_hd__o211a_2)
                                         _017_ (net)
                  0.04    0.00    0.52 ^ _174_/D (sky130_fd_sc_hd__dfxtp_2)
                                  0.52   data arrival time

                  0.15    0.00    0.00   clock clk (rise edge)
                          0.00    0.00   clock network delay (ideal)
                          0.25    0.25   clock uncertainty
                          0.00    0.25   clock reconvergence pessimism
                                  0.25 ^ _174_/CLK (sky130_fd_sc_hd__dfxtp_2)
                         -0.02    0.23   library hold time
                                  0.23   data required time
-----------------------------------------------------------------------------
                                  0.23   data required time
                                 -0.52   data arrival time
-----------------------------------------------------------------------------
                                  0.29   slack (MET)


Startpoint: _173_ (rising edge-triggered flip-flop clocked by clk)
Endpoint: _173_ (rising edge-triggered flip-flop clocked by clk)
Path Group: clk
Path Type: min

Fanout     Cap    Slew   Delay    Time   Description
-----------------------------------------------------------------------------
                  0.15    0.00    0.00   clock clk (rise edge)
                          0.00    0.00   clock network delay (ideal)
                  0.15    0.00    0.00 ^ _173_/CLK (sky130_fd_sc_hd__dfxtp_2)
     5    0.02    0.10    0.38    0.38 ^ _173_/Q (sky130_fd_sc_hd__dfxtp_2)
                                         tx_bit_cnt[0] (net)
                  0.10    0.00    0.38 ^ _119_/B1 (sky130_fd_sc_hd__o21ai_2)
     1    0.00    0.03    0.05    0.43 v _119_/Y (sky130_fd_sc_hd__o21ai_2)
                                         _041_ (net)
                  0.03    0.00    0.43 v _120_/C1 (sky130_fd_sc_hd__o211a_2)
     1    0.00    0.02    0.09    0.52 v _120_/X (sky130_fd_sc_hd__o211a_2)
                                         _016_ (net)
                  0.02    0.00    0.52 v _173_/D (sky130_fd_sc_hd__dfxtp_2)
                                  0.52   data arrival time

                  0.15    0.00    0.00   clock clk (rise edge)
                          0.00    0.00   clock network delay (ideal)
                          0.25    0.25   clock uncertainty
                          0.00    0.25   clock reconvergence pessimism
                                  0.25 ^ _173_/CLK (sky130_fd_sc_hd__dfxtp_2)
                         -0.01    0.24   library hold time
                                  0.24   data required time
-----------------------------------------------------------------------------
                                  0.24   data required time
                                 -0.52   data arrival time
-----------------------------------------------------------------------------
                                  0.29   slack (MET)


Startpoint: _179_ (rising edge-triggered flip-flop clocked by clk)
Endpoint: _179_ (rising edge-triggered flip-flop clocked by clk)
Path Group: clk
Path Type: min

Fanout     Cap    Slew   Delay    Time   Description
-----------------------------------------------------------------------------
                  0.15    0.00    0.00   clock clk (rise edge)
                          0.00    0.00   clock network delay (ideal)
                  0.15    0.00    0.00 ^ _179_/CLK (sky130_fd_sc_hd__dfxtp_2)
     5    0.01    0.08    0.37    0.37 ^ _179_/Q (sky130_fd_sc_hd__dfxtp_2)
                                         rx_bit_cnt[1] (net)
                  0.08    0.00    0.37 ^ _136_/A1 (sky130_fd_sc_hd__o211a_2)
     1    0.00    0.04    0.16    0.53 ^ _136_/X (sky130_fd_sc_hd__o211a_2)
                                         _022_ (net)
                  0.04    0.00    0.53 ^ _179_/D (sky130_fd_sc_hd__dfxtp_2)
                                  0.53   data arrival time

                  0.15    0.00    0.00   clock clk (rise edge)
                          0.00    0.00   clock network delay (ideal)
                          0.25    0.25   clock uncertainty
                          0.00    0.25   clock reconvergence pessimism
                                  0.25 ^ _179_/CLK (sky130_fd_sc_hd__dfxtp_2)
                         -0.02    0.23   library hold time
                                  0.23   data required time
-----------------------------------------------------------------------------
                                  0.23   data required time
                                 -0.53   data arrival time
-----------------------------------------------------------------------------
                                  0.29   slack (MET)


Startpoint: _178_ (rising edge-triggered flip-flop clocked by clk)
Endpoint: _178_ (rising edge-triggered flip-flop clocked by clk)
Path Group: clk
Path Type: min

Fanout     Cap    Slew   Delay    Time   Description
-----------------------------------------------------------------------------
                  0.15    0.00    0.00   clock clk (rise edge)
                          0.00    0.00   clock network delay (ideal)
                  0.15    0.00    0.00 ^ _178_/CLK (sky130_fd_sc_hd__dfxtp_2)
     6    0.02    0.11    0.38    0.38 ^ _178_/Q (sky130_fd_sc_hd__dfxtp_2)
                                         rx_bit_cnt[0] (net)
                  0.11    0.00    0.38 ^ _132_/B1 (sky130_fd_sc_hd__o21ai_2)
     1    0.00    0.02    0.06    0.44 v _132_/Y (sky130_fd_sc_hd__o21ai_2)
                                         _049_ (net)
                  0.02    0.00    0.44 v _133_/C1 (sky130_fd_sc_hd__o211a_2)
     1    0.00    0.02    0.09    0.53 v _133_/X (sky130_fd_sc_hd__o211a_2)
                                         _021_ (net)
                  0.02    0.00    0.53 v _178_/D (sky130_fd_sc_hd__dfxtp_2)
                                  0.53   data arrival time

                  0.15    0.00    0.00   clock clk (rise edge)
                          0.00    0.00   clock network delay (ideal)
                          0.25    0.25   clock uncertainty
                          0.00    0.25   clock reconvergence pessimism
                                  0.25 ^ _178_/CLK (sky130_fd_sc_hd__dfxtp_2)
                         -0.01    0.24   library hold time
                                  0.24   data required time
-----------------------------------------------------------------------------
                                  0.24   data required time
                                 -0.53   data arrival time
-----------------------------------------------------------------------------
                                  0.30   slack (MET)


Startpoint: _180_ (rising edge-triggered flip-flop clocked by clk)
Endpoint: _180_ (rising edge-triggered flip-flop clocked by clk)
Path Group: clk
Path Type: min

Fanout     Cap    Slew   Delay    Time   Description
-----------------------------------------------------------------------------
                  0.15    0.00    0.00   clock clk (rise edge)
                          0.00    0.00   clock network delay (ideal)
                  0.15    0.00    0.00 ^ _180_/CLK (sky130_fd_sc_hd__dfxtp_2)
     2    0.00    0.04    0.33    0.33 ^ _180_/Q (sky130_fd_sc_hd__dfxtp_2)
                                         rx_bit_cnt[2] (net)
                  0.04    0.00    0.33 ^ _138_/B1 (sky130_fd_sc_hd__a31o_2)
     1    0.00    0.03    0.08    0.41 ^ _138_/X (sky130_fd_sc_hd__a31o_2)
                                         _053_ (net)
                  0.03    0.00    0.41 ^ _139_/C1 (sky130_fd_sc_hd__o211a_2)
     1    0.00    0.04    0.13    0.55 ^ _139_/X (sky130_fd_sc_hd__o211a_2)
                                         _023_ (net)
                  0.04    0.00    0.55 ^ _180_/D (sky130_fd_sc_hd__dfxtp_2)
                                  0.55   data arrival time

                  0.15    0.00    0.00   clock clk (rise edge)
                          0.00    0.00   clock network delay (ideal)
                          0.25    0.25   clock uncertainty
                          0.00    0.25   clock reconvergence pessimism
                                  0.25 ^ _180_/CLK (sky130_fd_sc_hd__dfxtp_2)
                         -0.02    0.23   library hold time
                                  0.23   data required time
-----------------------------------------------------------------------------
                                  0.23   data required time
                                 -0.55   data arrival time
-----------------------------------------------------------------------------
                                  0.31   slack (MET)


Startpoint: _157_ (rising edge-triggered flip-flop clocked by clk)
Endpoint: _157_ (rising edge-triggered flip-flop clocked by clk)
Path Group: clk
Path Type: min

Fanout     Cap    Slew   Delay    Time   Description
-----------------------------------------------------------------------------
                  0.15    0.00    0.00   clock clk (rise edge)
                          0.00    0.00   clock network delay (ideal)
                  0.15    0.00    0.00 ^ _157_/CLK (sky130_fd_sc_hd__dfxtp_2)
     2    0.00    0.04    0.33    0.33 ^ _157_/Q (sky130_fd_sc_hd__dfxtp_2)
                                         tx_shift_reg[0] (net)
                  0.04    0.00    0.33 ^ _085_/B2 (sky130_fd_sc_hd__a221o_2)
     1    0.00    0.03    0.11    0.45 ^ _085_/X (sky130_fd_sc_hd__a221o_2)
                                         _068_ (net)
                  0.03    0.00    0.45 ^ _086_/B (sky130_fd_sc_hd__and2_2)
     1    0.00    0.03    0.11    0.56 ^ _086_/X (sky130_fd_sc_hd__and2_2)
                                         _000_ (net)
                  0.03    0.00    0.56 ^ _157_/D (sky130_fd_sc_hd__dfxtp_2)
                                  0.56   data arrival time

                  0.15    0.00    0.00   clock clk (rise edge)
                          0.00    0.00   clock network delay (ideal)
                          0.25    0.25   clock uncertainty
                          0.00    0.25   clock reconvergence pessimism
                                  0.25 ^ _157_/CLK (sky130_fd_sc_hd__dfxtp_2)
                         -0.01    0.24   library hold time
                                  0.24   data required time
-----------------------------------------------------------------------------
                                  0.24   data required time
                                 -0.56   data arrival time
-----------------------------------------------------------------------------
                                  0.32   slack (MET)


Startpoint: _159_ (rising edge-triggered flip-flop clocked by clk)
Endpoint: _159_ (rising edge-triggered flip-flop clocked by clk)
Path Group: clk
Path Type: min

Fanout     Cap    Slew   Delay    Time   Description
-----------------------------------------------------------------------------
                  0.15    0.00    0.00   clock clk (rise edge)
                          0.00    0.00   clock network delay (ideal)
                  0.15    0.00    0.00 ^ _159_/CLK (sky130_fd_sc_hd__dfxtp_2)
     2    0.00    0.04    0.33    0.33 ^ _159_/Q (sky130_fd_sc_hd__dfxtp_2)
                                         tx_shift_reg[2] (net)
                  0.04    0.00    0.33 ^ _091_/B2 (sky130_fd_sc_hd__a221o_2)
     1    0.00    0.03    0.11    0.44 ^ _091_/X (sky130_fd_sc_hd__a221o_2)
                                         _072_ (net)
                  0.03    0.00    0.44 ^ _092_/B (sky130_fd_sc_hd__and2_2)
     1    0.00    0.03    0.11    0.56 ^ _092_/X (sky130_fd_sc_hd__and2_2)
                                         _002_ (net)
                  0.03    0.00    0.56 ^ _159_/D (sky130_fd_sc_hd__dfxtp_2)
                                  0.56   data arrival time

                  0.15    0.00    0.00   clock clk (rise edge)
                          0.00    0.00   clock network delay (ideal)
                          0.25    0.25   clock uncertainty
                          0.00    0.25   clock reconvergence pessimism
                                  0.25 ^ _159_/CLK (sky130_fd_sc_hd__dfxtp_2)
                         -0.02    0.23   library hold time
                                  0.23   data required time
-----------------------------------------------------------------------------
                                  0.23   data required time
                                 -0.56   data arrival time
-----------------------------------------------------------------------------
                                  0.32   slack (MET)


Startpoint: _158_ (rising edge-triggered flip-flop clocked by clk)
Endpoint: _158_ (rising edge-triggered flip-flop clocked by clk)
Path Group: clk
Path Type: min

Fanout     Cap    Slew   Delay    Time   Description
-----------------------------------------------------------------------------
                  0.15    0.00    0.00   clock clk (rise edge)
                          0.00    0.00   clock network delay (ideal)
                  0.15    0.00    0.00 ^ _158_/CLK (sky130_fd_sc_hd__dfxtp_2)
     2    0.00    0.04    0.33    0.33 ^ _158_/Q (sky130_fd_sc_hd__dfxtp_2)
                                         tx_shift_reg[1] (net)
                  0.04    0.00    0.33 ^ _088_/B2 (sky130_fd_sc_hd__a221o_2)
     1    0.00    0.03    0.12    0.45 ^ _088_/X (sky130_fd_sc_hd__a221o_2)
                                         _070_ (net)
                  0.03    0.00    0.45 ^ _089_/B (sky130_fd_sc_hd__and2_2)
     1    0.00    0.03    0.11    0.56 ^ _089_/X (sky130_fd_sc_hd__and2_2)
                                         _001_ (net)
                  0.03    0.00    0.56 ^ _158_/D (sky130_fd_sc_hd__dfxtp_2)
                                  0.56   data arrival time

                  0.15    0.00    0.00   clock clk (rise edge)
                          0.00    0.00   clock network delay (ideal)
                          0.25    0.25   clock uncertainty
                          0.00    0.25   clock reconvergence pessimism
                                  0.25 ^ _158_/CLK (sky130_fd_sc_hd__dfxtp_2)
                         -0.01    0.24   library hold time
                                  0.24   data required time
-----------------------------------------------------------------------------
                                  0.24   data required time
                                 -0.56   data arrival time
-----------------------------------------------------------------------------
                                  0.32   slack (MET)


Startpoint: _181_ (rising edge-triggered flip-flop clocked by clk)
Endpoint: _181_ (rising edge-triggered flip-flop clocked by clk)
Path Group: clk
Path Type: min

Fanout     Cap    Slew   Delay    Time   Description
-----------------------------------------------------------------------------
                  0.15    0.00    0.00   clock clk (rise edge)
                          0.00    0.00   clock network delay (ideal)
                  0.15    0.00    0.00 ^ _181_/CLK (sky130_fd_sc_hd__dfxtp_2)
     2    0.01    0.04    0.34    0.34 ^ _181_/Q (sky130_fd_sc_hd__dfxtp_2)
                                         rx_shift_reg[0] (net)
                  0.04    0.00    0.34 ^ _140_/B2 (sky130_fd_sc_hd__a22o_2)
     1    0.00    0.03    0.11    0.44 ^ _140_/X (sky130_fd_sc_hd__a22o_2)
                                         _054_ (net)
                  0.03    0.00    0.44 ^ _141_/B (sky130_fd_sc_hd__and2_2)
     1    0.00    0.03    0.11    0.56 ^ _141_/X (sky130_fd_sc_hd__and2_2)
                                         _024_ (net)
                  0.03    0.00    0.56 ^ _181_/D (sky130_fd_sc_hd__dfxtp_2)
                                  0.56   data arrival time

                  0.15    0.00    0.00   clock clk (rise edge)
                          0.00    0.00   clock network delay (ideal)
                          0.25    0.25   clock uncertainty
                          0.00    0.25   clock reconvergence pessimism
                                  0.25 ^ _181_/CLK (sky130_fd_sc_hd__dfxtp_2)
                         -0.02    0.23   library hold time
                                  0.23   data required time
-----------------------------------------------------------------------------
                                  0.23   data required time
                                 -0.56   data arrival time
-----------------------------------------------------------------------------
                                  0.32   slack (MET)


Startpoint: _163_ (rising edge-triggered flip-flop clocked by clk)
Endpoint: _163_ (rising edge-triggered flip-flop clocked by clk)
Path Group: clk
Path Type: min

Fanout     Cap    Slew   Delay    Time   Description
-----------------------------------------------------------------------------
                  0.15    0.00    0.00   clock clk (rise edge)
                          0.00    0.00   clock network delay (ideal)
                  0.15    0.00    0.00 ^ _163_/CLK (sky130_fd_sc_hd__dfxtp_2)
     2    0.00    0.04    0.33    0.33 ^ _163_/Q (sky130_fd_sc_hd__dfxtp_2)
                                         tx_shift_reg[6] (net)
                  0.04    0.00    0.33 ^ _104_/B2 (sky130_fd_sc_hd__a221o_2)
     1    0.00    0.03    0.12    0.45 ^ _104_/X (sky130_fd_sc_hd__a221o_2)
                                         _036_ (net)
                  0.03    0.00    0.45 ^ _105_/B (sky130_fd_sc_hd__and2_2)
     1    0.00    0.03    0.11    0.56 ^ _105_/X (sky130_fd_sc_hd__and2_2)
                                         _006_ (net)
                  0.03    0.00    0.56 ^ _163_/D (sky130_fd_sc_hd__dfxtp_2)
                                  0.56   data arrival time

                  0.15    0.00    0.00   clock clk (rise edge)
                          0.00    0.00   clock network delay (ideal)
                          0.25    0.25   clock uncertainty
                          0.00    0.25   clock reconvergence pessimism
                                  0.25 ^ _163_/CLK (sky130_fd_sc_hd__dfxtp_2)
                         -0.02    0.23   library hold time
                                  0.23   data required time
-----------------------------------------------------------------------------
                                  0.23   data required time
                                 -0.56   data arrival time
-----------------------------------------------------------------------------
                                  0.32   slack (MET)


Startpoint: _160_ (rising edge-triggered flip-flop clocked by clk)
Endpoint: _160_ (rising edge-triggered flip-flop clocked by clk)
Path Group: clk
Path Type: min

Fanout     Cap    Slew   Delay    Time   Description
-----------------------------------------------------------------------------
                  0.15    0.00    0.00   clock clk (rise edge)
                          0.00    0.00   clock network delay (ideal)
                  0.15    0.00    0.00 ^ _160_/CLK (sky130_fd_sc_hd__dfxtp_2)
     2    0.00    0.04    0.33    0.33 ^ _160_/Q (sky130_fd_sc_hd__dfxtp_2)
                                         tx_shift_reg[3] (net)
                  0.04    0.00    0.33 ^ _095_/B2 (sky130_fd_sc_hd__a221o_2)
     1    0.00    0.03    0.12    0.45 ^ _095_/X (sky130_fd_sc_hd__a221o_2)
                                         _075_ (net)
                  0.03    0.00    0.45 ^ _096_/B (sky130_fd_sc_hd__and2_2)
     1    0.00    0.03    0.11    0.56 ^ _096_/X (sky130_fd_sc_hd__and2_2)
                                         _003_ (net)
                  0.03    0.00    0.56 ^ _160_/D (sky130_fd_sc_hd__dfxtp_2)
                                  0.56   data arrival time

                  0.15    0.00    0.00   clock clk (rise edge)
                          0.00    0.00   clock network delay (ideal)
                          0.25    0.25   clock uncertainty
                          0.00    0.25   clock reconvergence pessimism
                                  0.25 ^ _160_/CLK (sky130_fd_sc_hd__dfxtp_2)
                         -0.02    0.23   library hold time
                                  0.23   data required time
-----------------------------------------------------------------------------
                                  0.23   data required time
                                 -0.56   data arrival time
-----------------------------------------------------------------------------
                                  0.32   slack (MET)


Startpoint: _161_ (rising edge-triggered flip-flop clocked by clk)
Endpoint: _161_ (rising edge-triggered flip-flop clocked by clk)
Path Group: clk
Path Type: min

Fanout     Cap    Slew   Delay    Time   Description
-----------------------------------------------------------------------------
                  0.15    0.00    0.00   clock clk (rise edge)
                          0.00    0.00   clock network delay (ideal)
                  0.15    0.00    0.00 ^ _161_/CLK (sky130_fd_sc_hd__dfxtp_2)
     2    0.00    0.04    0.33    0.33 ^ _161_/Q (sky130_fd_sc_hd__dfxtp_2)
                                         tx_shift_reg[4] (net)
                  0.04    0.00    0.33 ^ _098_/B2 (sky130_fd_sc_hd__a221o_2)
     1    0.00    0.03    0.12    0.45 ^ _098_/X (sky130_fd_sc_hd__a221o_2)
                                         _077_ (net)
                  0.03    0.00    0.45 ^ _099_/B (sky130_fd_sc_hd__and2_2)
     1    0.00    0.03    0.11    0.56 ^ _099_/X (sky130_fd_sc_hd__and2_2)
                                         _004_ (net)
                  0.03    0.00    0.56 ^ _161_/D (sky130_fd_sc_hd__dfxtp_2)
                                  0.56   data arrival time

                  0.15    0.00    0.00   clock clk (rise edge)
                          0.00    0.00   clock network delay (ideal)
                          0.25    0.25   clock uncertainty
                          0.00    0.25   clock reconvergence pessimism
                                  0.25 ^ _161_/CLK (sky130_fd_sc_hd__dfxtp_2)
                         -0.01    0.24   library hold time
                                  0.24   data required time
-----------------------------------------------------------------------------
                                  0.24   data required time
                                 -0.56   data arrival time
-----------------------------------------------------------------------------
                                  0.32   slack (MET)


Startpoint: _162_ (rising edge-triggered flip-flop clocked by clk)
Endpoint: _162_ (rising edge-triggered flip-flop clocked by clk)
Path Group: clk
Path Type: min

Fanout     Cap    Slew   Delay    Time   Description
-----------------------------------------------------------------------------
                  0.15    0.00    0.00   clock clk (rise edge)
                          0.00    0.00   clock network delay (ideal)
                  0.15    0.00    0.00 ^ _162_/CLK (sky130_fd_sc_hd__dfxtp_2)
     2    0.00    0.04    0.33    0.33 ^ _162_/Q (sky130_fd_sc_hd__dfxtp_2)
                                         tx_shift_reg[5] (net)
                  0.04    0.00    0.33 ^ _101_/B2 (sky130_fd_sc_hd__a221o_2)
     1    0.00    0.03    0.12    0.45 ^ _101_/X (sky130_fd_sc_hd__a221o_2)
                                         _034_ (net)
                  0.03    0.00    0.45 ^ _102_/B (sky130_fd_sc_hd__and2_2)
     1    0.00    0.03    0.11    0.56 ^ _102_/X (sky130_fd_sc_hd__and2_2)
                                         _005_ (net)
                  0.03    0.00    0.56 ^ _162_/D (sky130_fd_sc_hd__dfxtp_2)
                                  0.56   data arrival time

                  0.15    0.00    0.00   clock clk (rise edge)
                          0.00    0.00   clock network delay (ideal)
                          0.25    0.25   clock uncertainty
                          0.00    0.25   clock reconvergence pessimism
                                  0.25 ^ _162_/CLK (sky130_fd_sc_hd__dfxtp_2)
                         -0.02    0.23   library hold time
                                  0.23   data required time
-----------------------------------------------------------------------------
                                  0.23   data required time
                                 -0.56   data arrival time
-----------------------------------------------------------------------------
                                  0.32   slack (MET)


Startpoint: _188_ (rising edge-triggered flip-flop clocked by clk)
Endpoint: _188_ (rising edge-triggered flip-flop clocked by clk)
Path Group: clk
Path Type: min

Fanout     Cap    Slew   Delay    Time   Description
-----------------------------------------------------------------------------
                  0.15    0.00    0.00   clock clk (rise edge)
                          0.00    0.00   clock network delay (ideal)
                  0.15    0.00    0.00 ^ _188_/CLK (sky130_fd_sc_hd__dfxtp_2)
     3    0.01    0.05    0.34    0.34 ^ _188_/Q (sky130_fd_sc_hd__dfxtp_2)
                                         rx_shift_reg[7] (net)
                  0.05    0.00    0.34 ^ _154_/B2 (sky130_fd_sc_hd__a22o_2)
     1    0.00    0.03    0.11    0.45 ^ _154_/X (sky130_fd_sc_hd__a22o_2)
                                         _061_ (net)
                  0.03    0.00    0.45 ^ _155_/B (sky130_fd_sc_hd__and2_2)
     1    0.00    0.03    0.11    0.57 ^ _155_/X (sky130_fd_sc_hd__and2_2)
                                         _031_ (net)
                  0.03    0.00    0.57 ^ _188_/D (sky130_fd_sc_hd__dfxtp_2)
                                  0.57   data arrival time

                  0.15    0.00    0.00   clock clk (rise edge)
                          0.00    0.00   clock network delay (ideal)
                          0.25    0.25   clock uncertainty
                          0.00    0.25   clock reconvergence pessimism
                                  0.25 ^ _188_/CLK (sky130_fd_sc_hd__dfxtp_2)
                         -0.01    0.24   library hold time
                                  0.24   data required time
-----------------------------------------------------------------------------
                                  0.24   data required time
                                 -0.57   data arrival time
-----------------------------------------------------------------------------
                                  0.33   slack (MET)


Startpoint: _183_ (rising edge-triggered flip-flop clocked by clk)
Endpoint: _183_ (rising edge-triggered flip-flop clocked by clk)
Path Group: clk
Path Type: min

Fanout     Cap    Slew   Delay    Time   Description
-----------------------------------------------------------------------------
                  0.15    0.00    0.00   clock clk (rise edge)
                          0.00    0.00   clock network delay (ideal)
                  0.15    0.00    0.00 ^ _183_/CLK (sky130_fd_sc_hd__dfxtp_2)
     3    0.01    0.05    0.34    0.34 ^ _183_/Q (sky130_fd_sc_hd__dfxtp_2)
                                         rx_shift_reg[2] (net)
                  0.05    0.00    0.34 ^ _144_/B2 (sky130_fd_sc_hd__a22o_2)
     1    0.00    0.03    0.11    0.45 ^ _144_/X (sky130_fd_sc_hd__a22o_2)
                                         _056_ (net)
                  0.03    0.00    0.45 ^ _145_/B (sky130_fd_sc_hd__and2_2)
     1    0.00    0.03    0.11    0.57 ^ _145_/X (sky130_fd_sc_hd__and2_2)
                                         _026_ (net)
                  0.03    0.00    0.57 ^ _183_/D (sky130_fd_sc_hd__dfxtp_2)
                                  0.57   data arrival time

                  0.15    0.00    0.00   clock clk (rise edge)
                          0.00    0.00   clock network delay (ideal)
                          0.25    0.25   clock uncertainty
                          0.00    0.25   clock reconvergence pessimism
                                  0.25 ^ _183_/CLK (sky130_fd_sc_hd__dfxtp_2)
                         -0.01    0.24   library hold time
                                  0.24   data required time
-----------------------------------------------------------------------------
                                  0.24   data required time
                                 -0.57   data arrival time
-----------------------------------------------------------------------------
                                  0.33   slack (MET)


Startpoint: _185_ (rising edge-triggered flip-flop clocked by clk)
Endpoint: _185_ (rising edge-triggered flip-flop clocked by clk)
Path Group: clk
Path Type: min

Fanout     Cap    Slew   Delay    Time   Description
-----------------------------------------------------------------------------
                  0.15    0.00    0.00   clock clk (rise edge)
                          0.00    0.00   clock network delay (ideal)
                  0.15    0.00    0.00 ^ _185_/CLK (sky130_fd_sc_hd__dfxtp_2)
     3    0.01    0.05    0.34    0.34 ^ _185_/Q (sky130_fd_sc_hd__dfxtp_2)
                                         rx_shift_reg[4] (net)
                  0.05    0.00    0.34 ^ _148_/B2 (sky130_fd_sc_hd__a22o_2)
     1    0.00    0.03    0.11    0.45 ^ _148_/X (sky130_fd_sc_hd__a22o_2)
                                         _058_ (net)
                  0.03    0.00    0.45 ^ _149_/B (sky130_fd_sc_hd__and2_2)
     1    0.00    0.03    0.11    0.57 ^ _149_/X (sky130_fd_sc_hd__and2_2)
                                         _028_ (net)
                  0.03    0.00    0.57 ^ _185_/D (sky130_fd_sc_hd__dfxtp_2)
                                  0.57   data arrival time

                  0.15    0.00    0.00   clock clk (rise edge)
                          0.00    0.00   clock network delay (ideal)
                          0.25    0.25   clock uncertainty
                          0.00    0.25   clock reconvergence pessimism
                                  0.25 ^ _185_/CLK (sky130_fd_sc_hd__dfxtp_2)
                         -0.01    0.24   library hold time
                                  0.24   data required time
-----------------------------------------------------------------------------
                                  0.24   data required time
                                 -0.57   data arrival time
-----------------------------------------------------------------------------
                                  0.33   slack (MET)


Startpoint: _186_ (rising edge-triggered flip-flop clocked by clk)
Endpoint: _186_ (rising edge-triggered flip-flop clocked by clk)
Path Group: clk
Path Type: min

Fanout     Cap    Slew   Delay    Time   Description
-----------------------------------------------------------------------------
                  0.15    0.00    0.00   clock clk (rise edge)
                          0.00    0.00   clock network delay (ideal)
                  0.15    0.00    0.00 ^ _186_/CLK (sky130_fd_sc_hd__dfxtp_2)
     3    0.01    0.05    0.34    0.34 ^ _186_/Q (sky130_fd_sc_hd__dfxtp_2)
                                         rx_shift_reg[5] (net)
                  0.05    0.00    0.34 ^ _150_/B2 (sky130_fd_sc_hd__a22o_2)
     1    0.00    0.03    0.11    0.45 ^ _150_/X (sky130_fd_sc_hd__a22o_2)
                                         _059_ (net)
                  0.03    0.00    0.45 ^ _151_/B (sky130_fd_sc_hd__and2_2)
     1    0.00    0.03    0.11    0.57 ^ _151_/X (sky130_fd_sc_hd__and2_2)
                                         _029_ (net)
                  0.03    0.00    0.57 ^ _186_/D (sky130_fd_sc_hd__dfxtp_2)
                                  0.57   data arrival time

                  0.15    0.00    0.00   clock clk (rise edge)
                          0.00    0.00   clock network delay (ideal)
                          0.25    0.25   clock uncertainty
                          0.00    0.25   clock reconvergence pessimism
                                  0.25 ^ _186_/CLK (sky130_fd_sc_hd__dfxtp_2)
                         -0.01    0.24   library hold time
                                  0.24   data required time
-----------------------------------------------------------------------------
                                  0.24   data required time
                                 -0.57   data arrival time
-----------------------------------------------------------------------------
                                  0.33   slack (MET)


Startpoint: _182_ (rising edge-triggered flip-flop clocked by clk)
Endpoint: _182_ (rising edge-triggered flip-flop clocked by clk)
Path Group: clk
Path Type: min

Fanout     Cap    Slew   Delay    Time   Description
-----------------------------------------------------------------------------
                  0.15    0.00    0.00   clock clk (rise edge)
                          0.00    0.00   clock network delay (ideal)
                  0.15    0.00    0.00 ^ _182_/CLK (sky130_fd_sc_hd__dfxtp_2)
     3    0.01    0.05    0.34    0.34 ^ _182_/Q (sky130_fd_sc_hd__dfxtp_2)
                                         rx_shift_reg[1] (net)
                  0.05    0.00    0.34 ^ _142_/B2 (sky130_fd_sc_hd__a22o_2)
     1    0.00    0.03    0.11    0.45 ^ _142_/X (sky130_fd_sc_hd__a22o_2)
                                         _055_ (net)
                  0.03    0.00    0.45 ^ _143_/B (sky130_fd_sc_hd__and2_2)
     1    0.00    0.03    0.11    0.57 ^ _143_/X (sky130_fd_sc_hd__and2_2)
                                         _025_ (net)
                  0.03    0.00    0.57 ^ _182_/D (sky130_fd_sc_hd__dfxtp_2)
                                  0.57   data arrival time

                  0.15    0.00    0.00   clock clk (rise edge)
                          0.00    0.00   clock network delay (ideal)
                          0.25    0.25   clock uncertainty
                          0.00    0.25   clock reconvergence pessimism
                                  0.25 ^ _182_/CLK (sky130_fd_sc_hd__dfxtp_2)
                         -0.01    0.24   library hold time
                                  0.24   data required time
-----------------------------------------------------------------------------
                                  0.24   data required time
                                 -0.57   data arrival time
-----------------------------------------------------------------------------
                                  0.33   slack (MET)


Startpoint: _187_ (rising edge-triggered flip-flop clocked by clk)
Endpoint: _187_ (rising edge-triggered flip-flop clocked by clk)
Path Group: clk
Path Type: min

Fanout     Cap    Slew   Delay    Time   Description
-----------------------------------------------------------------------------
                  0.15    0.00    0.00   clock clk (rise edge)
                          0.00    0.00   clock network delay (ideal)
                  0.15    0.00    0.00 ^ _187_/CLK (sky130_fd_sc_hd__dfxtp_2)
     3    0.01    0.06    0.35    0.35 ^ _187_/Q (sky130_fd_sc_hd__dfxtp_2)
                                         rx_shift_reg[6] (net)
                  0.06    0.00    0.35 ^ _152_/B2 (sky130_fd_sc_hd__a22o_2)
     1    0.00    0.03    0.11    0.46 ^ _152_/X (sky130_fd_sc_hd__a22o_2)
                                         _060_ (net)
                  0.03    0.00    0.46 ^ _153_/B (sky130_fd_sc_hd__and2_2)
     1    0.00    0.03    0.11    0.57 ^ _153_/X (sky130_fd_sc_hd__and2_2)
                                         _030_ (net)
                  0.03    0.00    0.57 ^ _187_/D (sky130_fd_sc_hd__dfxtp_2)
                                  0.57   data arrival time

                  0.15    0.00    0.00   clock clk (rise edge)
                          0.00    0.00   clock network delay (ideal)
                          0.25    0.25   clock uncertainty
                          0.00    0.25   clock reconvergence pessimism
                                  0.25 ^ _187_/CLK (sky130_fd_sc_hd__dfxtp_2)
                         -0.01    0.24   library hold time
                                  0.24   data required time
-----------------------------------------------------------------------------
                                  0.24   data required time
                                 -0.57   data arrival time
-----------------------------------------------------------------------------
                                  0.33   slack (MET)


Startpoint: _184_ (rising edge-triggered flip-flop clocked by clk)
Endpoint: _184_ (rising edge-triggered flip-flop clocked by clk)
Path Group: clk
Path Type: min

Fanout     Cap    Slew   Delay    Time   Description
-----------------------------------------------------------------------------
                  0.15    0.00    0.00   clock clk (rise edge)
                          0.00    0.00   clock network delay (ideal)
                  0.15    0.00    0.00 ^ _184_/CLK (sky130_fd_sc_hd__dfxtp_2)
     3    0.01    0.06    0.35    0.35 ^ _184_/Q (sky130_fd_sc_hd__dfxtp_2)
                                         rx_shift_reg[3] (net)
                  0.06    0.00    0.35 ^ _146_/B2 (sky130_fd_sc_hd__a22o_2)
     1    0.00    0.03    0.11    0.46 ^ _146_/X (sky130_fd_sc_hd__a22o_2)
                                         _057_ (net)
                  0.03    0.00    0.46 ^ _147_/B (sky130_fd_sc_hd__and2_2)
     1    0.00    0.03    0.11    0.57 ^ _147_/X (sky130_fd_sc_hd__and2_2)
                                         _027_ (net)
                  0.03    0.00    0.57 ^ _184_/D (sky130_fd_sc_hd__dfxtp_2)
                                  0.57   data arrival time

                  0.15    0.00    0.00   clock clk (rise edge)
                          0.00    0.00   clock network delay (ideal)
                          0.25    0.25   clock uncertainty
                          0.00    0.25   clock reconvergence pessimism
                                  0.25 ^ _184_/CLK (sky130_fd_sc_hd__dfxtp_2)
                         -0.02    0.23   library hold time
                                  0.23   data required time
-----------------------------------------------------------------------------
                                  0.23   data required time
                                 -0.57   data arrival time
-----------------------------------------------------------------------------
                                  0.34   slack (MET)


Startpoint: _175_ (rising edge-triggered flip-flop clocked by clk)
Endpoint: _189_ (rising edge-triggered flip-flop clocked by clk)
Path Group: clk
Path Type: min

Fanout     Cap    Slew   Delay    Time   Description
-----------------------------------------------------------------------------
                  0.15    0.00    0.00   clock clk (rise edge)
                          0.00    0.00   clock network delay (ideal)
                  0.15    0.00    0.00 ^ _175_/CLK (sky130_fd_sc_hd__dfxtp_2)
     2    0.01    0.03    0.33    0.33 v _175_/Q (sky130_fd_sc_hd__dfxtp_2)
                                         tx_bit_cnt[2] (net)
                  0.03    0.00    0.33 v _125_/A (sky130_fd_sc_hd__inv_2)
     1    0.00    0.02    0.03    0.37 ^ _125_/Y (sky130_fd_sc_hd__inv_2)
                                         _045_ (net)
                  0.02    0.00    0.37 ^ _126_/A1 (sky130_fd_sc_hd__o21a_2)
     2    0.01    0.04    0.12    0.48 ^ _126_/X (sky130_fd_sc_hd__o21a_2)
                                         _046_ (net)
                  0.04    0.00    0.48 ^ _156_/A2 (sky130_fd_sc_hd__o21a_2)
     1    0.00    0.03    0.09    0.58 ^ _156_/X (sky130_fd_sc_hd__o21a_2)
                                         _032_ (net)
                  0.03    0.00    0.58 ^ _189_/D (sky130_fd_sc_hd__dfxtp_2)
                                  0.58   data arrival time

                  0.15    0.00    0.00   clock clk (rise edge)
                          0.00    0.00   clock network delay (ideal)
                          0.25    0.25   clock uncertainty
                          0.00    0.25   clock reconvergence pessimism
                                  0.25 ^ _189_/CLK (sky130_fd_sc_hd__dfxtp_2)
                         -0.01    0.24   library hold time
                                  0.24   data required time
-----------------------------------------------------------------------------
                                  0.24   data required time
                                 -0.58   data arrival time
-----------------------------------------------------------------------------
                                  0.34   slack (MET)


Startpoint: _164_ (rising edge-triggered flip-flop clocked by clk)
Endpoint: _164_ (rising edge-triggered flip-flop clocked by clk)
Path Group: clk
Path Type: min

Fanout     Cap    Slew   Delay    Time   Description
-----------------------------------------------------------------------------
                  0.15    0.00    0.00   clock clk (rise edge)
                          0.00    0.00   clock network delay (ideal)
                  0.15    0.00    0.00 ^ _164_/CLK (sky130_fd_sc_hd__dfxtp_2)
     8    0.03    0.14    0.40    0.40 ^ _164_/Q (sky130_fd_sc_hd__dfxtp_2)
                                         rx_busy (net)
                  0.14    0.00    0.40 ^ _106_/A (sky130_fd_sc_hd__nor2_2)
    10    0.03    0.07    0.10    0.50 v _106_/Y (sky130_fd_sc_hd__nor2_2)
                                         _037_ (net)
                  0.07    0.00    0.50 v _109_/A_N (sky130_fd_sc_hd__and2b_2)
     1    0.00    0.03    0.19    0.70 ^ _109_/X (sky130_fd_sc_hd__and2b_2)
                                         _007_ (net)
                  0.03    0.00    0.70 ^ _164_/D (sky130_fd_sc_hd__dfxtp_2)
                                  0.70   data arrival time

                  0.15    0.00    0.00   clock clk (rise edge)
                          0.00    0.00   clock network delay (ideal)
                          0.25    0.25   clock uncertainty
                          0.00    0.25   clock reconvergence pessimism
                                  0.25 ^ _164_/CLK (sky130_fd_sc_hd__dfxtp_2)
                         -0.01    0.24   library hold time
                                  0.24   data required time
-----------------------------------------------------------------------------
                                  0.24   data required time
                                 -0.70   data arrival time
-----------------------------------------------------------------------------
                                  0.46   slack (MET)


Startpoint: _177_ (rising edge-triggered flip-flop clocked by clk)
Endpoint: Tx (output port clocked by clk)
Path Group: clk
Path Type: min

Fanout     Cap    Slew   Delay    Time   Description
-----------------------------------------------------------------------------
                  0.15    0.00    0.00   clock clk (rise edge)
                          0.00    0.00   clock network delay (ideal)
                  0.15    0.00    0.00 ^ _177_/CLK (sky130_fd_sc_hd__dfxtp_2)
     1    0.00    0.02    0.32    0.32 v _177_/Q (sky130_fd_sc_hd__dfxtp_2)
                                         Tx (net)
                  0.02    0.00    0.32 v Tx (out)
                                  0.32   data arrival time

                  0.15    0.00    0.00   clock clk (rise edge)
                          0.00    0.00   clock network delay (ideal)
                          0.25    0.25   clock uncertainty
                          0.00    0.25   clock reconvergence pessimism
                         -2.00   -1.75   output external delay
                                 -1.75   data required time
-----------------------------------------------------------------------------
                                 -1.75   data required time
                                 -0.32   data arrival time
-----------------------------------------------------------------------------
                                  2.07   slack (MET)


Startpoint: _172_ (rising edge-triggered flip-flop clocked by clk)
Endpoint: rx_data[7] (output port clocked by clk)
Path Group: clk
Path Type: min

Fanout     Cap    Slew   Delay    Time   Description
-----------------------------------------------------------------------------
                  0.15    0.00    0.00   clock clk (rise edge)
                          0.00    0.00   clock network delay (ideal)
                  0.15    0.00    0.00 ^ _172_/CLK (sky130_fd_sc_hd__dfxtp_2)
     2    0.00    0.02    0.32    0.32 v _172_/Q (sky130_fd_sc_hd__dfxtp_2)
                                         rx_data[7] (net)
                  0.02    0.00    0.32 v rx_data[7] (out)
                                  0.32   data arrival time

                  0.15    0.00    0.00   clock clk (rise edge)
                          0.00    0.00   clock network delay (ideal)
                          0.25    0.25   clock uncertainty
                          0.00    0.25   clock reconvergence pessimism
                         -2.00   -1.75   output external delay
                                 -1.75   data required time
-----------------------------------------------------------------------------
                                 -1.75   data required time
                                 -0.32   data arrival time
-----------------------------------------------------------------------------
                                  2.07   slack (MET)


Startpoint: _170_ (rising edge-triggered flip-flop clocked by clk)
Endpoint: rx_data[5] (output port clocked by clk)
Path Group: clk
Path Type: min

Fanout     Cap    Slew   Delay    Time   Description
-----------------------------------------------------------------------------
                  0.15    0.00    0.00   clock clk (rise edge)
                          0.00    0.00   clock network delay (ideal)
                  0.15    0.00    0.00 ^ _170_/CLK (sky130_fd_sc_hd__dfxtp_2)
     2    0.00    0.02    0.32    0.32 v _170_/Q (sky130_fd_sc_hd__dfxtp_2)
                                         rx_data[5] (net)
                  0.02    0.00    0.32 v rx_data[5] (out)
                                  0.32   data arrival time

                  0.15    0.00    0.00   clock clk (rise edge)
                          0.00    0.00   clock network delay (ideal)
                          0.25    0.25   clock uncertainty
                          0.00    0.25   clock reconvergence pessimism
                         -2.00   -1.75   output external delay
                                 -1.75   data required time
-----------------------------------------------------------------------------
                                 -1.75   data required time
                                 -0.32   data arrival time
-----------------------------------------------------------------------------
                                  2.07   slack (MET)


Startpoint: _168_ (rising edge-triggered flip-flop clocked by clk)
Endpoint: rx_data[3] (output port clocked by clk)
Path Group: clk
Path Type: min

Fanout     Cap    Slew   Delay    Time   Description
-----------------------------------------------------------------------------
                  0.15    0.00    0.00   clock clk (rise edge)
                          0.00    0.00   clock network delay (ideal)
                  0.15    0.00    0.00 ^ _168_/CLK (sky130_fd_sc_hd__dfxtp_2)
     2    0.00    0.03    0.32    0.32 v _168_/Q (sky130_fd_sc_hd__dfxtp_2)
                                         rx_data[3] (net)
                  0.03    0.00    0.32 v rx_data[3] (out)
                                  0.32   data arrival time

                  0.15    0.00    0.00   clock clk (rise edge)
                          0.00    0.00   clock network delay (ideal)
                          0.25    0.25   clock uncertainty
                          0.00    0.25   clock reconvergence pessimism
                         -2.00   -1.75   output external delay
                                 -1.75   data required time
-----------------------------------------------------------------------------
                                 -1.75   data required time
                                 -0.32   data arrival time
-----------------------------------------------------------------------------
                                  2.07   slack (MET)


Startpoint: _171_ (rising edge-triggered flip-flop clocked by clk)
Endpoint: rx_data[6] (output port clocked by clk)
Path Group: clk
Path Type: min

Fanout     Cap    Slew   Delay    Time   Description
-----------------------------------------------------------------------------
                  0.15    0.00    0.00   clock clk (rise edge)
                          0.00    0.00   clock network delay (ideal)
                  0.15    0.00    0.00 ^ _171_/CLK (sky130_fd_sc_hd__dfxtp_2)
     2    0.00    0.02    0.32    0.32 v _171_/Q (sky130_fd_sc_hd__dfxtp_2)
                                         rx_data[6] (net)
                  0.02    0.00    0.32 v rx_data[6] (out)
                                  0.32   data arrival time

                  0.15    0.00    0.00   clock clk (rise edge)
                          0.00    0.00   clock network delay (ideal)
                          0.25    0.25   clock uncertainty
                          0.00    0.25   clock reconvergence pessimism
                         -2.00   -1.75   output external delay
                                 -1.75   data required time
-----------------------------------------------------------------------------
                                 -1.75   data required time
                                 -0.32   data arrival time
-----------------------------------------------------------------------------
                                  2.07   slack (MET)


Startpoint: _169_ (rising edge-triggered flip-flop clocked by clk)
Endpoint: rx_data[4] (output port clocked by clk)
Path Group: clk
Path Type: min

Fanout     Cap    Slew   Delay    Time   Description
-----------------------------------------------------------------------------
                  0.15    0.00    0.00   clock clk (rise edge)
                          0.00    0.00   clock network delay (ideal)
                  0.15    0.00    0.00 ^ _169_/CLK (sky130_fd_sc_hd__dfxtp_2)
     2    0.00    0.02    0.32    0.32 v _169_/Q (sky130_fd_sc_hd__dfxtp_2)
                                         rx_data[4] (net)
                  0.02    0.00    0.32 v rx_data[4] (out)
                                  0.32   data arrival time

                  0.15    0.00    0.00   clock clk (rise edge)
                          0.00    0.00   clock network delay (ideal)
                          0.25    0.25   clock uncertainty
                          0.00    0.25   clock reconvergence pessimism
                         -2.00   -1.75   output external delay
                                 -1.75   data required time
-----------------------------------------------------------------------------
                                 -1.75   data required time
                                 -0.32   data arrival time
-----------------------------------------------------------------------------
                                  2.07   slack (MET)


Startpoint: _165_ (rising edge-triggered flip-flop clocked by clk)
Endpoint: rx_data[0] (output port clocked by clk)
Path Group: clk
Path Type: min

Fanout     Cap    Slew   Delay    Time   Description
-----------------------------------------------------------------------------
                  0.15    0.00    0.00   clock clk (rise edge)
                          0.00    0.00   clock network delay (ideal)
                  0.15    0.00    0.00 ^ _165_/CLK (sky130_fd_sc_hd__dfxtp_2)
     2    0.00    0.02    0.32    0.32 v _165_/Q (sky130_fd_sc_hd__dfxtp_2)
                                         rx_data[0] (net)
                  0.02    0.00    0.32 v rx_data[0] (out)
                                  0.32   data arrival time

                  0.15    0.00    0.00   clock clk (rise edge)
                          0.00    0.00   clock network delay (ideal)
                          0.25    0.25   clock uncertainty
                          0.00    0.25   clock reconvergence pessimism
                         -2.00   -1.75   output external delay
                                 -1.75   data required time
-----------------------------------------------------------------------------
                                 -1.75   data required time
                                 -0.32   data arrival time
-----------------------------------------------------------------------------
                                  2.07   slack (MET)


Startpoint: _166_ (rising edge-triggered flip-flop clocked by clk)
Endpoint: rx_data[1] (output port clocked by clk)
Path Group: clk
Path Type: min

Fanout     Cap    Slew   Delay    Time   Description
-----------------------------------------------------------------------------
                  0.15    0.00    0.00   clock clk (rise edge)
                          0.00    0.00   clock network delay (ideal)
                  0.15    0.00    0.00 ^ _166_/CLK (sky130_fd_sc_hd__dfxtp_2)
     2    0.00    0.03    0.33    0.33 v _166_/Q (sky130_fd_sc_hd__dfxtp_2)
                                         rx_data[1] (net)
                  0.03    0.00    0.33 v rx_data[1] (out)
                                  0.33   data arrival time

                  0.15    0.00    0.00   clock clk (rise edge)
                          0.00    0.00   clock network delay (ideal)
                          0.25    0.25   clock uncertainty
                          0.00    0.25   clock reconvergence pessimism
                         -2.00   -1.75   output external delay
                                 -1.75   data required time
-----------------------------------------------------------------------------
                                 -1.75   data required time
                                 -0.33   data arrival time
-----------------------------------------------------------------------------
                                  2.08   slack (MET)


Startpoint: _167_ (rising edge-triggered flip-flop clocked by clk)
Endpoint: rx_data[2] (output port clocked by clk)
Path Group: clk
Path Type: min

Fanout     Cap    Slew   Delay    Time   Description
-----------------------------------------------------------------------------
                  0.15    0.00    0.00   clock clk (rise edge)
                          0.00    0.00   clock network delay (ideal)
                  0.15    0.00    0.00 ^ _167_/CLK (sky130_fd_sc_hd__dfxtp_2)
     2    0.00    0.03    0.33    0.33 v _167_/Q (sky130_fd_sc_hd__dfxtp_2)
                                         rx_data[2] (net)
                  0.03    0.00    0.33 v rx_data[2] (out)
                                  0.33   data arrival time

                  0.15    0.00    0.00   clock clk (rise edge)
                          0.00    0.00   clock network delay (ideal)
                          0.25    0.25   clock uncertainty
                          0.00    0.25   clock reconvergence pessimism
                         -2.00   -1.75   output external delay
                                 -1.75   data required time
-----------------------------------------------------------------------------
                                 -1.75   data required time
                                 -0.33   data arrival time
-----------------------------------------------------------------------------
                                  2.08   slack (MET)


Startpoint: _189_ (rising edge-triggered flip-flop clocked by clk)
Endpoint: busy (output port clocked by clk)
Path Group: clk
Path Type: min

Fanout     Cap    Slew   Delay    Time   Description
-----------------------------------------------------------------------------
                  0.15    0.00    0.00   clock clk (rise edge)
                          0.00    0.00   clock network delay (ideal)
                  0.15    0.00    0.00 ^ _189_/CLK (sky130_fd_sc_hd__dfxtp_2)
     8    0.02    0.06    0.36    0.36 v _189_/Q (sky130_fd_sc_hd__dfxtp_2)
                                         tx_busy (net)
                  0.06    0.00    0.36 v _079_/A (sky130_fd_sc_hd__buf_1)
    10    0.03    0.17    0.19    0.55 v _079_/X (sky130_fd_sc_hd__buf_1)
                                         _063_ (net)
                  0.17    0.00    0.55 v _080_/B (sky130_fd_sc_hd__or2_2)
     1    0.00    0.05    0.29    0.84 v _080_/X (sky130_fd_sc_hd__or2_2)
                                         busy (net)
                  0.05    0.00    0.84 v busy (out)
                                  0.84   data arrival time

                  0.15    0.00    0.00   clock clk (rise edge)
                          0.00    0.00   clock network delay (ideal)
                          0.25    0.25   clock uncertainty
                          0.00    0.25   clock reconvergence pessimism
                         -2.00   -1.75   output external delay
                                 -1.75   data required time
-----------------------------------------------------------------------------
                                 -1.75   data required time
                                 -0.84   data arrival time
-----------------------------------------------------------------------------
                                  2.59   slack (MET)



worst slack corner Typical: 0.2001
