
===========================================================================
report_checks -path_delay min (Hold)
============================================================================
======================= Typical Corner ===================================

Startpoint: _181_ (rising edge-triggered flip-flop clocked by clk)
Endpoint: _165_ (rising edge-triggered flip-flop clocked by clk)
Path Group: clk
Path Type: min

Fanout     Cap    Slew   Delay    Time   Description
-----------------------------------------------------------------------------
                  0.15    0.00    0.00   clock clk (rise edge)
                          0.00    0.00   clock network delay (ideal)
                  0.15    0.00    0.00 ^ _181_/CLK (sky130_fd_sc_hd__dfxtp_1)
     2    0.01    0.07    0.34    0.34 ^ _181_/Q (sky130_fd_sc_hd__dfxtp_1)
                                         rx_shift_reg[0] (net)
                  0.07    0.00    0.34 ^ _111_/B2 (sky130_fd_sc_hd__a22o_1)
     1    0.00    0.04    0.11    0.45 ^ _111_/X (sky130_fd_sc_hd__a22o_1)
                                         _008_ (net)
                  0.04    0.00    0.45 ^ _165_/D (sky130_fd_sc_hd__dfxtp_1)
                                  0.45   data arrival time

                  0.15    0.00    0.00   clock clk (rise edge)
                          0.00    0.00   clock network delay (ideal)
                          0.25    0.25   clock uncertainty
                          0.00    0.25   clock reconvergence pessimism
                                  0.25 ^ _165_/CLK (sky130_fd_sc_hd__dfxtp_1)
                         -0.02    0.23   library hold time
                                  0.23   data required time
-----------------------------------------------------------------------------
                                  0.23   data required time
                                 -0.45   data arrival time
-----------------------------------------------------------------------------
                                  0.21   slack (MET)


Startpoint: _172_ (rising edge-triggered flip-flop clocked by clk)
Endpoint: _172_ (rising edge-triggered flip-flop clocked by clk)
Path Group: clk
Path Type: min

Fanout     Cap    Slew   Delay    Time   Description
-----------------------------------------------------------------------------
                  0.15    0.00    0.00   clock clk (rise edge)
                          0.00    0.00   clock network delay (ideal)
                  0.15    0.00    0.00 ^ _172_/CLK (sky130_fd_sc_hd__dfxtp_1)
     2    0.01    0.06    0.34    0.34 ^ _172_/Q (sky130_fd_sc_hd__dfxtp_1)
                                         net22 (net)
                  0.06    0.00    0.34 ^ _118_/A1 (sky130_fd_sc_hd__a22o_1)
     1    0.00    0.04    0.12    0.45 ^ _118_/X (sky130_fd_sc_hd__a22o_1)
                                         _015_ (net)
                  0.04    0.00    0.45 ^ _172_/D (sky130_fd_sc_hd__dfxtp_1)
                                  0.45   data arrival time

                  0.15    0.00    0.00   clock clk (rise edge)
                          0.00    0.00   clock network delay (ideal)
                          0.25    0.25   clock uncertainty
                          0.00    0.25   clock reconvergence pessimism
                                  0.25 ^ _172_/CLK (sky130_fd_sc_hd__dfxtp_1)
                         -0.02    0.23   library hold time
                                  0.23   data required time
-----------------------------------------------------------------------------
                                  0.23   data required time
                                 -0.45   data arrival time
-----------------------------------------------------------------------------
                                  0.22   slack (MET)


Startpoint: _157_ (rising edge-triggered flip-flop clocked by clk)
Endpoint: _177_ (rising edge-triggered flip-flop clocked by clk)
Path Group: clk
Path Type: min

Fanout     Cap    Slew   Delay    Time   Description
-----------------------------------------------------------------------------
                  0.15    0.00    0.00   clock clk (rise edge)
                          0.00    0.00   clock network delay (ideal)
                  0.15    0.00    0.00 ^ _157_/CLK (sky130_fd_sc_hd__dfxtp_1)
     2    0.00    0.03    0.32    0.32 v _157_/Q (sky130_fd_sc_hd__dfxtp_1)
                                         tx_shift_reg[0] (net)
                  0.03    0.00    0.32 v _131_/A (sky130_fd_sc_hd__and3_1)
     1    0.00    0.03    0.13    0.44 v _131_/X (sky130_fd_sc_hd__and3_1)
                                         _020_ (net)
                  0.03    0.00    0.44 v _177_/D (sky130_fd_sc_hd__dfxtp_1)
                                  0.44   data arrival time

                  0.15    0.00    0.00   clock clk (rise edge)
                          0.00    0.00   clock network delay (ideal)
                          0.25    0.25   clock uncertainty
                          0.00    0.25   clock reconvergence pessimism
                                  0.25 ^ _177_/CLK (sky130_fd_sc_hd__dfxtp_1)
                         -0.02    0.23   library hold time
                                  0.23   data required time
-----------------------------------------------------------------------------
                                  0.23   data required time
                                 -0.44   data arrival time
-----------------------------------------------------------------------------
                                  0.22   slack (MET)


Startpoint: _169_ (rising edge-triggered flip-flop clocked by clk)
Endpoint: _169_ (rising edge-triggered flip-flop clocked by clk)
Path Group: clk
Path Type: min

Fanout     Cap    Slew   Delay    Time   Description
-----------------------------------------------------------------------------
                  0.15    0.00    0.00   clock clk (rise edge)
                          0.00    0.00   clock network delay (ideal)
                  0.15    0.00    0.00 ^ _169_/CLK (sky130_fd_sc_hd__dfxtp_1)
     2    0.01    0.06    0.34    0.34 ^ _169_/Q (sky130_fd_sc_hd__dfxtp_1)
                                         net19 (net)
                  0.06    0.00    0.34 ^ _115_/A1 (sky130_fd_sc_hd__a22o_1)
     1    0.00    0.04    0.12    0.45 ^ _115_/X (sky130_fd_sc_hd__a22o_1)
                                         _012_ (net)
                  0.04    0.00    0.45 ^ _169_/D (sky130_fd_sc_hd__dfxtp_1)
                                  0.45   data arrival time

                  0.15    0.00    0.00   clock clk (rise edge)
                          0.00    0.00   clock network delay (ideal)
                          0.25    0.25   clock uncertainty
                          0.00    0.25   clock reconvergence pessimism
                                  0.25 ^ _169_/CLK (sky130_fd_sc_hd__dfxtp_1)
                         -0.02    0.23   library hold time
                                  0.23   data required time
-----------------------------------------------------------------------------
                                  0.23   data required time
                                 -0.45   data arrival time
-----------------------------------------------------------------------------
                                  0.22   slack (MET)


Startpoint: _171_ (rising edge-triggered flip-flop clocked by clk)
Endpoint: _171_ (rising edge-triggered flip-flop clocked by clk)
Path Group: clk
Path Type: min

Fanout     Cap    Slew   Delay    Time   Description
-----------------------------------------------------------------------------
                  0.15    0.00    0.00   clock clk (rise edge)
                          0.00    0.00   clock network delay (ideal)
                  0.15    0.00    0.00 ^ _171_/CLK (sky130_fd_sc_hd__dfxtp_1)
     2    0.01    0.07    0.34    0.34 ^ _171_/Q (sky130_fd_sc_hd__dfxtp_1)
                                         net21 (net)
                  0.07    0.00    0.34 ^ _117_/A1 (sky130_fd_sc_hd__a22o_1)
     1    0.00    0.04    0.12    0.45 ^ _117_/X (sky130_fd_sc_hd__a22o_1)
                                         _014_ (net)
                  0.04    0.00    0.45 ^ _171_/D (sky130_fd_sc_hd__dfxtp_1)
                                  0.45   data arrival time

                  0.15    0.00    0.00   clock clk (rise edge)
                          0.00    0.00   clock network delay (ideal)
                          0.25    0.25   clock uncertainty
                          0.00    0.25   clock reconvergence pessimism
                                  0.25 ^ _171_/CLK (sky130_fd_sc_hd__dfxtp_1)
                         -0.02    0.23   library hold time
                                  0.23   data required time
-----------------------------------------------------------------------------
                                  0.23   data required time
                                 -0.45   data arrival time
-----------------------------------------------------------------------------
                                  0.22   slack (MET)


Startpoint: _166_ (rising edge-triggered flip-flop clocked by clk)
Endpoint: _166_ (rising edge-triggered flip-flop clocked by clk)
Path Group: clk
Path Type: min

Fanout     Cap    Slew   Delay    Time   Description
-----------------------------------------------------------------------------
                  0.15    0.00    0.00   clock clk (rise edge)
                          0.00    0.00   clock network delay (ideal)
                  0.15    0.00    0.00 ^ _166_/CLK (sky130_fd_sc_hd__dfxtp_1)
     2    0.01    0.07    0.34    0.34 ^ _166_/Q (sky130_fd_sc_hd__dfxtp_1)
                                         net16 (net)
                  0.07    0.00    0.34 ^ _112_/A1 (sky130_fd_sc_hd__a22o_1)
     1    0.00    0.04    0.12    0.46 ^ _112_/X (sky130_fd_sc_hd__a22o_1)
                                         _009_ (net)
                  0.04    0.00    0.46 ^ _166_/D (sky130_fd_sc_hd__dfxtp_1)
                                  0.46   data arrival time

                  0.15    0.00    0.00   clock clk (rise edge)
                          0.00    0.00   clock network delay (ideal)
                          0.25    0.25   clock uncertainty
                          0.00    0.25   clock reconvergence pessimism
                                  0.25 ^ _166_/CLK (sky130_fd_sc_hd__dfxtp_1)
                         -0.02    0.23   library hold time
                                  0.23   data required time
-----------------------------------------------------------------------------
                                  0.23   data required time
                                 -0.46   data arrival time
-----------------------------------------------------------------------------
                                  0.22   slack (MET)


Startpoint: _168_ (rising edge-triggered flip-flop clocked by clk)
Endpoint: _168_ (rising edge-triggered flip-flop clocked by clk)
Path Group: clk
Path Type: min

Fanout     Cap    Slew   Delay    Time   Description
-----------------------------------------------------------------------------
                  0.15    0.00    0.00   clock clk (rise edge)
                          0.00    0.00   clock network delay (ideal)
                  0.15    0.00    0.00 ^ _168_/CLK (sky130_fd_sc_hd__dfxtp_1)
     2    0.01    0.07    0.34    0.34 ^ _168_/Q (sky130_fd_sc_hd__dfxtp_1)
                                         net18 (net)
                  0.07    0.00    0.34 ^ _114_/A1 (sky130_fd_sc_hd__a22o_1)
     1    0.00    0.04    0.12    0.46 ^ _114_/X (sky130_fd_sc_hd__a22o_1)
                                         _011_ (net)
                  0.04    0.00    0.46 ^ _168_/D (sky130_fd_sc_hd__dfxtp_1)
                                  0.46   data arrival time

                  0.15    0.00    0.00   clock clk (rise edge)
                          0.00    0.00   clock network delay (ideal)
                          0.25    0.25   clock uncertainty
                          0.00    0.25   clock reconvergence pessimism
                                  0.25 ^ _168_/CLK (sky130_fd_sc_hd__dfxtp_1)
                         -0.02    0.23   library hold time
                                  0.23   data required time
-----------------------------------------------------------------------------
                                  0.23   data required time
                                 -0.46   data arrival time
-----------------------------------------------------------------------------
                                  0.22   slack (MET)


Startpoint: _170_ (rising edge-triggered flip-flop clocked by clk)
Endpoint: _170_ (rising edge-triggered flip-flop clocked by clk)
Path Group: clk
Path Type: min

Fanout     Cap    Slew   Delay    Time   Description
-----------------------------------------------------------------------------
                  0.15    0.00    0.00   clock clk (rise edge)
                          0.00    0.00   clock network delay (ideal)
                  0.15    0.00    0.00 ^ _170_/CLK (sky130_fd_sc_hd__dfxtp_1)
     2    0.01    0.07    0.34    0.34 ^ _170_/Q (sky130_fd_sc_hd__dfxtp_1)
                                         net20 (net)
                  0.07    0.00    0.34 ^ _116_/A1 (sky130_fd_sc_hd__a22o_1)
     1    0.00    0.04    0.12    0.46 ^ _116_/X (sky130_fd_sc_hd__a22o_1)
                                         _013_ (net)
                  0.04    0.00    0.46 ^ _170_/D (sky130_fd_sc_hd__dfxtp_1)
                                  0.46   data arrival time

                  0.15    0.00    0.00   clock clk (rise edge)
                          0.00    0.00   clock network delay (ideal)
                          0.25    0.25   clock uncertainty
                          0.00    0.25   clock reconvergence pessimism
                                  0.25 ^ _170_/CLK (sky130_fd_sc_hd__dfxtp_1)
                         -0.02    0.23   library hold time
                                  0.23   data required time
-----------------------------------------------------------------------------
                                  0.23   data required time
                                 -0.46   data arrival time
-----------------------------------------------------------------------------
                                  0.22   slack (MET)


Startpoint: _167_ (rising edge-triggered flip-flop clocked by clk)
Endpoint: _167_ (rising edge-triggered flip-flop clocked by clk)
Path Group: clk
Path Type: min

Fanout     Cap    Slew   Delay    Time   Description
-----------------------------------------------------------------------------
                  0.15    0.00    0.00   clock clk (rise edge)
                          0.00    0.00   clock network delay (ideal)
                  0.15    0.00    0.00 ^ _167_/CLK (sky130_fd_sc_hd__dfxtp_1)
     2    0.01    0.07    0.34    0.34 ^ _167_/Q (sky130_fd_sc_hd__dfxtp_1)
                                         net17 (net)
                  0.07    0.00    0.34 ^ _113_/A1 (sky130_fd_sc_hd__a22o_1)
     1    0.00    0.04    0.12    0.46 ^ _113_/X (sky130_fd_sc_hd__a22o_1)
                                         _010_ (net)
                  0.04    0.00    0.46 ^ _167_/D (sky130_fd_sc_hd__dfxtp_1)
                                  0.46   data arrival time

                  0.15    0.00    0.00   clock clk (rise edge)
                          0.00    0.00   clock network delay (ideal)
                          0.25    0.25   clock uncertainty
                          0.00    0.25   clock reconvergence pessimism
                                  0.25 ^ _167_/CLK (sky130_fd_sc_hd__dfxtp_1)
                         -0.02    0.23   library hold time
                                  0.23   data required time
-----------------------------------------------------------------------------
                                  0.23   data required time
                                 -0.46   data arrival time
-----------------------------------------------------------------------------
                                  0.23   slack (MET)


Startpoint: _176_ (rising edge-triggered flip-flop clocked by clk)
Endpoint: _176_ (rising edge-triggered flip-flop clocked by clk)
Path Group: clk
Path Type: min

Fanout     Cap    Slew   Delay    Time   Description
-----------------------------------------------------------------------------
                  0.15    0.00    0.00   clock clk (rise edge)
                          0.00    0.00   clock network delay (ideal)
                  0.15    0.00    0.00 ^ _176_/CLK (sky130_fd_sc_hd__dfxtp_1)
     2    0.00    0.06    0.33    0.33 ^ _176_/Q (sky130_fd_sc_hd__dfxtp_1)
                                         tx_shift_reg[7] (net)
                  0.06    0.00    0.33 ^ _130_/A1 (sky130_fd_sc_hd__o2111a_1)
     1    0.00    0.04    0.17    0.51 ^ _130_/X (sky130_fd_sc_hd__o2111a_1)
                                         _019_ (net)
                  0.04    0.00    0.51 ^ _176_/D (sky130_fd_sc_hd__dfxtp_1)
                                  0.51   data arrival time

                  0.15    0.00    0.00   clock clk (rise edge)
                          0.00    0.00   clock network delay (ideal)
                          0.25    0.25   clock uncertainty
                          0.00    0.25   clock reconvergence pessimism
                                  0.25 ^ _176_/CLK (sky130_fd_sc_hd__dfxtp_1)
                         -0.02    0.23   library hold time
                                  0.23   data required time
-----------------------------------------------------------------------------
                                  0.23   data required time
                                 -0.51   data arrival time
-----------------------------------------------------------------------------
                                  0.27   slack (MET)


Startpoint: _173_ (rising edge-triggered flip-flop clocked by clk)
Endpoint: _174_ (rising edge-triggered flip-flop clocked by clk)
Path Group: clk
Path Type: min

Fanout     Cap    Slew   Delay    Time   Description
-----------------------------------------------------------------------------
                  0.15    0.00    0.00   clock clk (rise edge)
                          0.00    0.00   clock network delay (ideal)
                  0.15    0.00    0.00 ^ _173_/CLK (sky130_fd_sc_hd__dfxtp_1)
     5    0.01    0.14    0.39    0.39 ^ _173_/Q (sky130_fd_sc_hd__dfxtp_1)
                                         tx_bit_cnt[0] (net)
                  0.14    0.00    0.39 ^ _123_/A2 (sky130_fd_sc_hd__o211a_1)
     1    0.00    0.04    0.13    0.52 ^ _123_/X (sky130_fd_sc_hd__o211a_1)
                                         _017_ (net)
                  0.04    0.00    0.52 ^ _174_/D (sky130_fd_sc_hd__dfxtp_1)
                                  0.52   data arrival time

                  0.15    0.00    0.00   clock clk (rise edge)
                          0.00    0.00   clock network delay (ideal)
                          0.25    0.25   clock uncertainty
                          0.00    0.25   clock reconvergence pessimism
                                  0.25 ^ _174_/CLK (sky130_fd_sc_hd__dfxtp_1)
                         -0.02    0.23   library hold time
                                  0.23   data required time
-----------------------------------------------------------------------------
                                  0.23   data required time
                                 -0.52   data arrival time
-----------------------------------------------------------------------------
                                  0.29   slack (MET)


Startpoint: _175_ (rising edge-triggered flip-flop clocked by clk)
Endpoint: _175_ (rising edge-triggered flip-flop clocked by clk)
Path Group: clk
Path Type: min

Fanout     Cap    Slew   Delay    Time   Description
-----------------------------------------------------------------------------
                  0.15    0.00    0.00   clock clk (rise edge)
                          0.00    0.00   clock network delay (ideal)
                  0.15    0.00    0.00 ^ _175_/CLK (sky130_fd_sc_hd__dfxtp_1)
     2    0.01    0.09    0.35    0.35 ^ _175_/Q (sky130_fd_sc_hd__dfxtp_1)
                                         tx_bit_cnt[2] (net)
                  0.09    0.00    0.35 ^ _127_/A1 (sky130_fd_sc_hd__o221a_1)
     1    0.00    0.05    0.17    0.52 ^ _127_/X (sky130_fd_sc_hd__o221a_1)
                                         _018_ (net)
                  0.05    0.00    0.52 ^ _175_/D (sky130_fd_sc_hd__dfxtp_1)
                                  0.52   data arrival time

                  0.15    0.00    0.00   clock clk (rise edge)
                          0.00    0.00   clock network delay (ideal)
                          0.25    0.25   clock uncertainty
                          0.00    0.25   clock reconvergence pessimism
                                  0.25 ^ _175_/CLK (sky130_fd_sc_hd__dfxtp_1)
                         -0.02    0.23   library hold time
                                  0.23   data required time
-----------------------------------------------------------------------------
                                  0.23   data required time
                                 -0.52   data arrival time
-----------------------------------------------------------------------------
                                  0.29   slack (MET)


Startpoint: _180_ (rising edge-triggered flip-flop clocked by clk)
Endpoint: _180_ (rising edge-triggered flip-flop clocked by clk)
Path Group: clk
Path Type: min

Fanout     Cap    Slew   Delay    Time   Description
-----------------------------------------------------------------------------
                  0.15    0.00    0.00   clock clk (rise edge)
                          0.00    0.00   clock network delay (ideal)
                  0.15    0.00    0.00 ^ _180_/CLK (sky130_fd_sc_hd__dfxtp_1)
     2    0.01    0.06    0.34    0.34 ^ _180_/Q (sky130_fd_sc_hd__dfxtp_1)
                                         rx_bit_cnt[2] (net)
                  0.06    0.00    0.34 ^ _138_/B1 (sky130_fd_sc_hd__a31o_1)
     1    0.00    0.04    0.09    0.42 ^ _138_/X (sky130_fd_sc_hd__a31o_1)
                                         _053_ (net)
                  0.04    0.00    0.42 ^ _139_/C1 (sky130_fd_sc_hd__o211a_1)
     1    0.00    0.04    0.11    0.54 ^ _139_/X (sky130_fd_sc_hd__o211a_1)
                                         _023_ (net)
                  0.04    0.00    0.54 ^ _180_/D (sky130_fd_sc_hd__dfxtp_1)
                                  0.54   data arrival time

                  0.15    0.00    0.00   clock clk (rise edge)
                          0.00    0.00   clock network delay (ideal)
                          0.25    0.25   clock uncertainty
                          0.00    0.25   clock reconvergence pessimism
                                  0.25 ^ _180_/CLK (sky130_fd_sc_hd__dfxtp_1)
                         -0.02    0.23   library hold time
                                  0.23   data required time
-----------------------------------------------------------------------------
                                  0.23   data required time
                                 -0.54   data arrival time
-----------------------------------------------------------------------------
                                  0.30   slack (MET)


Startpoint: _179_ (rising edge-triggered flip-flop clocked by clk)
Endpoint: _179_ (rising edge-triggered flip-flop clocked by clk)
Path Group: clk
Path Type: min

Fanout     Cap    Slew   Delay    Time   Description
-----------------------------------------------------------------------------
                  0.15    0.00    0.00   clock clk (rise edge)
                          0.00    0.00   clock network delay (ideal)
                  0.15    0.00    0.00 ^ _179_/CLK (sky130_fd_sc_hd__dfxtp_1)
     5    0.01    0.13    0.38    0.38 ^ _179_/Q (sky130_fd_sc_hd__dfxtp_1)
                                         rx_bit_cnt[1] (net)
                  0.13    0.00    0.38 ^ _136_/A1 (sky130_fd_sc_hd__o211a_1)
     1    0.00    0.04    0.15    0.54 ^ _136_/X (sky130_fd_sc_hd__o211a_1)
                                         _022_ (net)
                  0.04    0.00    0.54 ^ _179_/D (sky130_fd_sc_hd__dfxtp_1)
                                  0.54   data arrival time

                  0.15    0.00    0.00   clock clk (rise edge)
                          0.00    0.00   clock network delay (ideal)
                          0.25    0.25   clock uncertainty
                          0.00    0.25   clock reconvergence pessimism
                                  0.25 ^ _179_/CLK (sky130_fd_sc_hd__dfxtp_1)
                         -0.02    0.23   library hold time
                                  0.23   data required time
-----------------------------------------------------------------------------
                                  0.23   data required time
                                 -0.54   data arrival time
-----------------------------------------------------------------------------
                                  0.30   slack (MET)


Startpoint: _173_ (rising edge-triggered flip-flop clocked by clk)
Endpoint: _173_ (rising edge-triggered flip-flop clocked by clk)
Path Group: clk
Path Type: min

Fanout     Cap    Slew   Delay    Time   Description
-----------------------------------------------------------------------------
                  0.15    0.00    0.00   clock clk (rise edge)
                          0.00    0.00   clock network delay (ideal)
                  0.15    0.00    0.00 ^ _173_/CLK (sky130_fd_sc_hd__dfxtp_1)
     5    0.01    0.14    0.39    0.39 ^ _173_/Q (sky130_fd_sc_hd__dfxtp_1)
                                         tx_bit_cnt[0] (net)
                  0.14    0.00    0.39 ^ _120_/A1 (sky130_fd_sc_hd__o211a_1)
     1    0.00    0.04    0.15    0.54 ^ _120_/X (sky130_fd_sc_hd__o211a_1)
                                         _016_ (net)
                  0.04    0.00    0.54 ^ _173_/D (sky130_fd_sc_hd__dfxtp_1)
                                  0.54   data arrival time

                  0.15    0.00    0.00   clock clk (rise edge)
                          0.00    0.00   clock network delay (ideal)
                          0.25    0.25   clock uncertainty
                          0.00    0.25   clock reconvergence pessimism
                                  0.25 ^ _173_/CLK (sky130_fd_sc_hd__dfxtp_1)
                         -0.02    0.23   library hold time
                                  0.23   data required time
-----------------------------------------------------------------------------
                                  0.23   data required time
                                 -0.54   data arrival time
-----------------------------------------------------------------------------
                                  0.31   slack (MET)


Startpoint: _181_ (rising edge-triggered flip-flop clocked by clk)
Endpoint: _181_ (rising edge-triggered flip-flop clocked by clk)
Path Group: clk
Path Type: min

Fanout     Cap    Slew   Delay    Time   Description
-----------------------------------------------------------------------------
                  0.15    0.00    0.00   clock clk (rise edge)
                          0.00    0.00   clock network delay (ideal)
                  0.15    0.00    0.00 ^ _181_/CLK (sky130_fd_sc_hd__dfxtp_1)
     2    0.01    0.07    0.34    0.34 ^ _181_/Q (sky130_fd_sc_hd__dfxtp_1)
                                         rx_shift_reg[0] (net)
                  0.07    0.00    0.34 ^ _140_/B2 (sky130_fd_sc_hd__a22o_1)
     1    0.00    0.04    0.11    0.45 ^ _140_/X (sky130_fd_sc_hd__a22o_1)
                                         _054_ (net)
                  0.04    0.00    0.45 ^ _141_/B (sky130_fd_sc_hd__and2_1)
     1    0.00    0.04    0.10    0.55 ^ _141_/X (sky130_fd_sc_hd__and2_1)
                                         _024_ (net)
                  0.04    0.00    0.55 ^ _181_/D (sky130_fd_sc_hd__dfxtp_1)
                                  0.55   data arrival time

                  0.15    0.00    0.00   clock clk (rise edge)
                          0.00    0.00   clock network delay (ideal)
                          0.25    0.25   clock uncertainty
                          0.00    0.25   clock reconvergence pessimism
                                  0.25 ^ _181_/CLK (sky130_fd_sc_hd__dfxtp_1)
                         -0.02    0.23   library hold time
                                  0.23   data required time
-----------------------------------------------------------------------------
                                  0.23   data required time
                                 -0.55   data arrival time
-----------------------------------------------------------------------------
                                  0.31   slack (MET)


Startpoint: _163_ (rising edge-triggered flip-flop clocked by clk)
Endpoint: _163_ (rising edge-triggered flip-flop clocked by clk)
Path Group: clk
Path Type: min

Fanout     Cap    Slew   Delay    Time   Description
-----------------------------------------------------------------------------
                  0.15    0.00    0.00   clock clk (rise edge)
                          0.00    0.00   clock network delay (ideal)
                  0.15    0.00    0.00 ^ _163_/CLK (sky130_fd_sc_hd__dfxtp_1)
     2    0.00    0.06    0.33    0.33 ^ _163_/Q (sky130_fd_sc_hd__dfxtp_1)
                                         tx_shift_reg[6] (net)
                  0.06    0.00    0.33 ^ _104_/B2 (sky130_fd_sc_hd__a221o_1)
     1    0.00    0.03    0.12    0.45 ^ _104_/X (sky130_fd_sc_hd__a221o_1)
                                         _036_ (net)
                  0.03    0.00    0.45 ^ _105_/B (sky130_fd_sc_hd__and2_1)
     1    0.00    0.04    0.10    0.55 ^ _105_/X (sky130_fd_sc_hd__and2_1)
                                         _006_ (net)
                  0.04    0.00    0.55 ^ _163_/D (sky130_fd_sc_hd__dfxtp_1)
                                  0.55   data arrival time

                  0.15    0.00    0.00   clock clk (rise edge)
                          0.00    0.00   clock network delay (ideal)
                          0.25    0.25   clock uncertainty
                          0.00    0.25   clock reconvergence pessimism
                                  0.25 ^ _163_/CLK (sky130_fd_sc_hd__dfxtp_1)
                         -0.02    0.23   library hold time
                                  0.23   data required time
-----------------------------------------------------------------------------
                                  0.23   data required time
                                 -0.55   data arrival time
-----------------------------------------------------------------------------
                                  0.32   slack (MET)


Startpoint: _159_ (rising edge-triggered flip-flop clocked by clk)
Endpoint: _159_ (rising edge-triggered flip-flop clocked by clk)
Path Group: clk
Path Type: min

Fanout     Cap    Slew   Delay    Time   Description
-----------------------------------------------------------------------------
                  0.15    0.00    0.00   clock clk (rise edge)
                          0.00    0.00   clock network delay (ideal)
                  0.15    0.00    0.00 ^ _159_/CLK (sky130_fd_sc_hd__dfxtp_1)
     2    0.00    0.06    0.33    0.33 ^ _159_/Q (sky130_fd_sc_hd__dfxtp_1)
                                         tx_shift_reg[2] (net)
                  0.06    0.00    0.33 ^ _091_/B2 (sky130_fd_sc_hd__a221o_1)
     1    0.00    0.04    0.12    0.45 ^ _091_/X (sky130_fd_sc_hd__a221o_1)
                                         _072_ (net)
                  0.04    0.00    0.45 ^ _092_/B (sky130_fd_sc_hd__and2_1)
     1    0.00    0.04    0.10    0.55 ^ _092_/X (sky130_fd_sc_hd__and2_1)
                                         _002_ (net)
                  0.04    0.00    0.55 ^ _159_/D (sky130_fd_sc_hd__dfxtp_1)
                                  0.55   data arrival time

                  0.15    0.00    0.00   clock clk (rise edge)
                          0.00    0.00   clock network delay (ideal)
                          0.25    0.25   clock uncertainty
                          0.00    0.25   clock reconvergence pessimism
                                  0.25 ^ _159_/CLK (sky130_fd_sc_hd__dfxtp_1)
                         -0.02    0.23   library hold time
                                  0.23   data required time
-----------------------------------------------------------------------------
                                  0.23   data required time
                                 -0.55   data arrival time
-----------------------------------------------------------------------------
                                  0.32   slack (MET)


Startpoint: _160_ (rising edge-triggered flip-flop clocked by clk)
Endpoint: _160_ (rising edge-triggered flip-flop clocked by clk)
Path Group: clk
Path Type: min

Fanout     Cap    Slew   Delay    Time   Description
-----------------------------------------------------------------------------
                  0.15    0.00    0.00   clock clk (rise edge)
                          0.00    0.00   clock network delay (ideal)
                  0.15    0.00    0.00 ^ _160_/CLK (sky130_fd_sc_hd__dfxtp_1)
     2    0.00    0.06    0.33    0.33 ^ _160_/Q (sky130_fd_sc_hd__dfxtp_1)
                                         tx_shift_reg[3] (net)
                  0.06    0.00    0.33 ^ _095_/B2 (sky130_fd_sc_hd__a221o_1)
     1    0.00    0.04    0.12    0.45 ^ _095_/X (sky130_fd_sc_hd__a221o_1)
                                         _075_ (net)
                  0.04    0.00    0.45 ^ _096_/B (sky130_fd_sc_hd__and2_1)
     1    0.00    0.04    0.10    0.55 ^ _096_/X (sky130_fd_sc_hd__and2_1)
                                         _003_ (net)
                  0.04    0.00    0.55 ^ _160_/D (sky130_fd_sc_hd__dfxtp_1)
                                  0.55   data arrival time

                  0.15    0.00    0.00   clock clk (rise edge)
                          0.00    0.00   clock network delay (ideal)
                          0.25    0.25   clock uncertainty
                          0.00    0.25   clock reconvergence pessimism
                                  0.25 ^ _160_/CLK (sky130_fd_sc_hd__dfxtp_1)
                         -0.02    0.23   library hold time
                                  0.23   data required time
-----------------------------------------------------------------------------
                                  0.23   data required time
                                 -0.55   data arrival time
-----------------------------------------------------------------------------
                                  0.32   slack (MET)


Startpoint: _162_ (rising edge-triggered flip-flop clocked by clk)
Endpoint: _162_ (rising edge-triggered flip-flop clocked by clk)
Path Group: clk
Path Type: min

Fanout     Cap    Slew   Delay    Time   Description
-----------------------------------------------------------------------------
                  0.15    0.00    0.00   clock clk (rise edge)
                          0.00    0.00   clock network delay (ideal)
                  0.15    0.00    0.00 ^ _162_/CLK (sky130_fd_sc_hd__dfxtp_1)
     2    0.00    0.06    0.33    0.33 ^ _162_/Q (sky130_fd_sc_hd__dfxtp_1)
                                         tx_shift_reg[5] (net)
                  0.06    0.00    0.33 ^ _101_/B2 (sky130_fd_sc_hd__a221o_1)
     1    0.00    0.04    0.12    0.45 ^ _101_/X (sky130_fd_sc_hd__a221o_1)
                                         _034_ (net)
                  0.04    0.00    0.45 ^ _102_/B (sky130_fd_sc_hd__and2_1)
     1    0.00    0.04    0.10    0.55 ^ _102_/X (sky130_fd_sc_hd__and2_1)
                                         _005_ (net)
                  0.04    0.00    0.55 ^ _162_/D (sky130_fd_sc_hd__dfxtp_1)
                                  0.55   data arrival time

                  0.15    0.00    0.00   clock clk (rise edge)
                          0.00    0.00   clock network delay (ideal)
                          0.25    0.25   clock uncertainty
                          0.00    0.25   clock reconvergence pessimism
                                  0.25 ^ _162_/CLK (sky130_fd_sc_hd__dfxtp_1)
                         -0.02    0.23   library hold time
                                  0.23   data required time
-----------------------------------------------------------------------------
                                  0.23   data required time
                                 -0.55   data arrival time
-----------------------------------------------------------------------------
                                  0.32   slack (MET)


Startpoint: _161_ (rising edge-triggered flip-flop clocked by clk)
Endpoint: _161_ (rising edge-triggered flip-flop clocked by clk)
Path Group: clk
Path Type: min

Fanout     Cap    Slew   Delay    Time   Description
-----------------------------------------------------------------------------
                  0.15    0.00    0.00   clock clk (rise edge)
                          0.00    0.00   clock network delay (ideal)
                  0.15    0.00    0.00 ^ _161_/CLK (sky130_fd_sc_hd__dfxtp_1)
     2    0.00    0.06    0.33    0.33 ^ _161_/Q (sky130_fd_sc_hd__dfxtp_1)
                                         tx_shift_reg[4] (net)
                  0.06    0.00    0.33 ^ _098_/B2 (sky130_fd_sc_hd__a221o_1)
     1    0.00    0.04    0.12    0.45 ^ _098_/X (sky130_fd_sc_hd__a221o_1)
                                         _077_ (net)
                  0.04    0.00    0.45 ^ _099_/B (sky130_fd_sc_hd__and2_1)
     1    0.00    0.04    0.10    0.55 ^ _099_/X (sky130_fd_sc_hd__and2_1)
                                         _004_ (net)
                  0.04    0.00    0.55 ^ _161_/D (sky130_fd_sc_hd__dfxtp_1)
                                  0.55   data arrival time

                  0.15    0.00    0.00   clock clk (rise edge)
                          0.00    0.00   clock network delay (ideal)
                          0.25    0.25   clock uncertainty
                          0.00    0.25   clock reconvergence pessimism
                                  0.25 ^ _161_/CLK (sky130_fd_sc_hd__dfxtp_1)
                         -0.02    0.23   library hold time
                                  0.23   data required time
-----------------------------------------------------------------------------
                                  0.23   data required time
                                 -0.55   data arrival time
-----------------------------------------------------------------------------
                                  0.32   slack (MET)


Startpoint: _158_ (rising edge-triggered flip-flop clocked by clk)
Endpoint: _158_ (rising edge-triggered flip-flop clocked by clk)
Path Group: clk
Path Type: min

Fanout     Cap    Slew   Delay    Time   Description
-----------------------------------------------------------------------------
                  0.15    0.00    0.00   clock clk (rise edge)
                          0.00    0.00   clock network delay (ideal)
                  0.15    0.00    0.00 ^ _158_/CLK (sky130_fd_sc_hd__dfxtp_1)
     2    0.00    0.06    0.33    0.33 ^ _158_/Q (sky130_fd_sc_hd__dfxtp_1)
                                         tx_shift_reg[1] (net)
                  0.06    0.00    0.33 ^ _088_/B2 (sky130_fd_sc_hd__a221o_1)
     1    0.00    0.04    0.12    0.45 ^ _088_/X (sky130_fd_sc_hd__a221o_1)
                                         _070_ (net)
                  0.04    0.00    0.45 ^ _089_/B (sky130_fd_sc_hd__and2_1)
     1    0.00    0.04    0.10    0.55 ^ _089_/X (sky130_fd_sc_hd__and2_1)
                                         _001_ (net)
                  0.04    0.00    0.55 ^ _158_/D (sky130_fd_sc_hd__dfxtp_1)
                                  0.55   data arrival time

                  0.15    0.00    0.00   clock clk (rise edge)
                          0.00    0.00   clock network delay (ideal)
                          0.25    0.25   clock uncertainty
                          0.00    0.25   clock reconvergence pessimism
                                  0.25 ^ _158_/CLK (sky130_fd_sc_hd__dfxtp_1)
                         -0.02    0.23   library hold time
                                  0.23   data required time
-----------------------------------------------------------------------------
                                  0.23   data required time
                                 -0.55   data arrival time
-----------------------------------------------------------------------------
                                  0.32   slack (MET)


Startpoint: _178_ (rising edge-triggered flip-flop clocked by clk)
Endpoint: _178_ (rising edge-triggered flip-flop clocked by clk)
Path Group: clk
Path Type: min

Fanout     Cap    Slew   Delay    Time   Description
-----------------------------------------------------------------------------
                  0.15    0.00    0.00   clock clk (rise edge)
                          0.00    0.00   clock network delay (ideal)
                  0.15    0.00    0.00 ^ _178_/CLK (sky130_fd_sc_hd__dfxtp_1)
     6    0.01    0.08    0.36    0.36 v _178_/Q (sky130_fd_sc_hd__dfxtp_1)
                                         rx_bit_cnt[0] (net)
                  0.08    0.00    0.36 v _132_/B1 (sky130_fd_sc_hd__o21ai_1)
     1    0.00    0.08    0.08    0.43 ^ _132_/Y (sky130_fd_sc_hd__o21ai_1)
                                         _049_ (net)
                  0.08    0.00    0.43 ^ _133_/C1 (sky130_fd_sc_hd__o211a_1)
     1    0.00    0.03    0.12    0.56 ^ _133_/X (sky130_fd_sc_hd__o211a_1)
                                         _021_ (net)
                  0.03    0.00    0.56 ^ _178_/D (sky130_fd_sc_hd__dfxtp_1)
                                  0.56   data arrival time

                  0.15    0.00    0.00   clock clk (rise edge)
                          0.00    0.00   clock network delay (ideal)
                          0.25    0.25   clock uncertainty
                          0.00    0.25   clock reconvergence pessimism
                                  0.25 ^ _178_/CLK (sky130_fd_sc_hd__dfxtp_1)
                         -0.02    0.23   library hold time
                                  0.23   data required time
-----------------------------------------------------------------------------
                                  0.23   data required time
                                 -0.56   data arrival time
-----------------------------------------------------------------------------
                                  0.32   slack (MET)


Startpoint: _157_ (rising edge-triggered flip-flop clocked by clk)
Endpoint: _157_ (rising edge-triggered flip-flop clocked by clk)
Path Group: clk
Path Type: min

Fanout     Cap    Slew   Delay    Time   Description
-----------------------------------------------------------------------------
                  0.15    0.00    0.00   clock clk (rise edge)
                          0.00    0.00   clock network delay (ideal)
                  0.15    0.00    0.00 ^ _157_/CLK (sky130_fd_sc_hd__dfxtp_1)
     2    0.00    0.06    0.33    0.33 ^ _157_/Q (sky130_fd_sc_hd__dfxtp_1)
                                         tx_shift_reg[0] (net)
                  0.06    0.00    0.33 ^ _085_/B2 (sky130_fd_sc_hd__a221o_1)
     1    0.00    0.04    0.12    0.45 ^ _085_/X (sky130_fd_sc_hd__a221o_1)
                                         _068_ (net)
                  0.04    0.00    0.45 ^ _086_/B (sky130_fd_sc_hd__and2_1)
     1    0.00    0.04    0.10    0.55 ^ _086_/X (sky130_fd_sc_hd__and2_1)
                                         _000_ (net)
                  0.04    0.00    0.55 ^ _157_/D (sky130_fd_sc_hd__dfxtp_1)
                                  0.55   data arrival time

                  0.15    0.00    0.00   clock clk (rise edge)
                          0.00    0.00   clock network delay (ideal)
                          0.25    0.25   clock uncertainty
                          0.00    0.25   clock reconvergence pessimism
                                  0.25 ^ _157_/CLK (sky130_fd_sc_hd__dfxtp_1)
                         -0.02    0.23   library hold time
                                  0.23   data required time
-----------------------------------------------------------------------------
                                  0.23   data required time
                                 -0.55   data arrival time
-----------------------------------------------------------------------------
                                  0.32   slack (MET)


Startpoint: _186_ (rising edge-triggered flip-flop clocked by clk)
Endpoint: _186_ (rising edge-triggered flip-flop clocked by clk)
Path Group: clk
Path Type: min

Fanout     Cap    Slew   Delay    Time   Description
-----------------------------------------------------------------------------
                  0.15    0.00    0.00   clock clk (rise edge)
                          0.00    0.00   clock network delay (ideal)
                  0.15    0.00    0.00 ^ _186_/CLK (sky130_fd_sc_hd__dfxtp_1)
     3    0.01    0.09    0.35    0.35 ^ _186_/Q (sky130_fd_sc_hd__dfxtp_1)
                                         rx_shift_reg[5] (net)
                  0.09    0.00    0.35 ^ _150_/B2 (sky130_fd_sc_hd__a22o_1)
     1    0.00    0.04    0.12    0.47 ^ _150_/X (sky130_fd_sc_hd__a22o_1)
                                         _059_ (net)
                  0.04    0.00    0.47 ^ _151_/B (sky130_fd_sc_hd__and2_1)
     1    0.00    0.04    0.10    0.57 ^ _151_/X (sky130_fd_sc_hd__and2_1)
                                         _029_ (net)
                  0.04    0.00    0.57 ^ _186_/D (sky130_fd_sc_hd__dfxtp_1)
                                  0.57   data arrival time

                  0.15    0.00    0.00   clock clk (rise edge)
                          0.00    0.00   clock network delay (ideal)
                          0.25    0.25   clock uncertainty
                          0.00    0.25   clock reconvergence pessimism
                                  0.25 ^ _186_/CLK (sky130_fd_sc_hd__dfxtp_1)
                         -0.02    0.23   library hold time
                                  0.23   data required time
-----------------------------------------------------------------------------
                                  0.23   data required time
                                 -0.57   data arrival time
-----------------------------------------------------------------------------
                                  0.34   slack (MET)


Startpoint: _183_ (rising edge-triggered flip-flop clocked by clk)
Endpoint: _183_ (rising edge-triggered flip-flop clocked by clk)
Path Group: clk
Path Type: min

Fanout     Cap    Slew   Delay    Time   Description
-----------------------------------------------------------------------------
                  0.15    0.00    0.00   clock clk (rise edge)
                          0.00    0.00   clock network delay (ideal)
                  0.15    0.00    0.00 ^ _183_/CLK (sky130_fd_sc_hd__dfxtp_1)
     3    0.01    0.10    0.36    0.36 ^ _183_/Q (sky130_fd_sc_hd__dfxtp_1)
                                         rx_shift_reg[2] (net)
                  0.10    0.00    0.36 ^ _144_/B2 (sky130_fd_sc_hd__a22o_1)
     1    0.00    0.04    0.11    0.47 ^ _144_/X (sky130_fd_sc_hd__a22o_1)
                                         _056_ (net)
                  0.04    0.00    0.47 ^ _145_/B (sky130_fd_sc_hd__and2_1)
     1    0.00    0.04    0.10    0.57 ^ _145_/X (sky130_fd_sc_hd__and2_1)
                                         _026_ (net)
                  0.04    0.00    0.57 ^ _183_/D (sky130_fd_sc_hd__dfxtp_1)
                                  0.57   data arrival time

                  0.15    0.00    0.00   clock clk (rise edge)
                          0.00    0.00   clock network delay (ideal)
                          0.25    0.25   clock uncertainty
                          0.00    0.25   clock reconvergence pessimism
                                  0.25 ^ _183_/CLK (sky130_fd_sc_hd__dfxtp_1)
                         -0.02    0.23   library hold time
                                  0.23   data required time
-----------------------------------------------------------------------------
                                  0.23   data required time
                                 -0.57   data arrival time
-----------------------------------------------------------------------------
                                  0.34   slack (MET)


Startpoint: _184_ (rising edge-triggered flip-flop clocked by clk)
Endpoint: _184_ (rising edge-triggered flip-flop clocked by clk)
Path Group: clk
Path Type: min

Fanout     Cap    Slew   Delay    Time   Description
-----------------------------------------------------------------------------
                  0.15    0.00    0.00   clock clk (rise edge)
                          0.00    0.00   clock network delay (ideal)
                  0.15    0.00    0.00 ^ _184_/CLK (sky130_fd_sc_hd__dfxtp_1)
     3    0.01    0.09    0.36    0.36 ^ _184_/Q (sky130_fd_sc_hd__dfxtp_1)
                                         rx_shift_reg[3] (net)
                  0.09    0.00    0.36 ^ _146_/B2 (sky130_fd_sc_hd__a22o_1)
     1    0.00    0.04    0.11    0.47 ^ _146_/X (sky130_fd_sc_hd__a22o_1)
                                         _057_ (net)
                  0.04    0.00    0.47 ^ _147_/B (sky130_fd_sc_hd__and2_1)
     1    0.00    0.04    0.10    0.57 ^ _147_/X (sky130_fd_sc_hd__and2_1)
                                         _027_ (net)
                  0.04    0.00    0.57 ^ _184_/D (sky130_fd_sc_hd__dfxtp_1)
                                  0.57   data arrival time

                  0.15    0.00    0.00   clock clk (rise edge)
                          0.00    0.00   clock network delay (ideal)
                          0.25    0.25   clock uncertainty
                          0.00    0.25   clock reconvergence pessimism
                                  0.25 ^ _184_/CLK (sky130_fd_sc_hd__dfxtp_1)
                         -0.02    0.23   library hold time
                                  0.23   data required time
-----------------------------------------------------------------------------
                                  0.23   data required time
                                 -0.57   data arrival time
-----------------------------------------------------------------------------
                                  0.34   slack (MET)


Startpoint: _182_ (rising edge-triggered flip-flop clocked by clk)
Endpoint: _182_ (rising edge-triggered flip-flop clocked by clk)
Path Group: clk
Path Type: min

Fanout     Cap    Slew   Delay    Time   Description
-----------------------------------------------------------------------------
                  0.15    0.00    0.00   clock clk (rise edge)
                          0.00    0.00   clock network delay (ideal)
                  0.15    0.00    0.00 ^ _182_/CLK (sky130_fd_sc_hd__dfxtp_1)
     3    0.01    0.09    0.36    0.36 ^ _182_/Q (sky130_fd_sc_hd__dfxtp_1)
                                         rx_shift_reg[1] (net)
                  0.09    0.00    0.36 ^ _142_/B2 (sky130_fd_sc_hd__a22o_1)
     1    0.00    0.04    0.12    0.47 ^ _142_/X (sky130_fd_sc_hd__a22o_1)
                                         _055_ (net)
                  0.04    0.00    0.47 ^ _143_/B (sky130_fd_sc_hd__and2_1)
     1    0.00    0.04    0.10    0.57 ^ _143_/X (sky130_fd_sc_hd__and2_1)
                                         _025_ (net)
                  0.04    0.00    0.57 ^ _182_/D (sky130_fd_sc_hd__dfxtp_1)
                                  0.57   data arrival time

                  0.15    0.00    0.00   clock clk (rise edge)
                          0.00    0.00   clock network delay (ideal)
                          0.25    0.25   clock uncertainty
                          0.00    0.25   clock reconvergence pessimism
                                  0.25 ^ _182_/CLK (sky130_fd_sc_hd__dfxtp_1)
                         -0.02    0.23   library hold time
                                  0.23   data required time
-----------------------------------------------------------------------------
                                  0.23   data required time
                                 -0.57   data arrival time
-----------------------------------------------------------------------------
                                  0.34   slack (MET)


Startpoint: _187_ (rising edge-triggered flip-flop clocked by clk)
Endpoint: _187_ (rising edge-triggered flip-flop clocked by clk)
Path Group: clk
Path Type: min

Fanout     Cap    Slew   Delay    Time   Description
-----------------------------------------------------------------------------
                  0.15    0.00    0.00   clock clk (rise edge)
                          0.00    0.00   clock network delay (ideal)
                  0.15    0.00    0.00 ^ _187_/CLK (sky130_fd_sc_hd__dfxtp_1)
     3    0.01    0.10    0.36    0.36 ^ _187_/Q (sky130_fd_sc_hd__dfxtp_1)
                                         rx_shift_reg[6] (net)
                  0.10    0.00    0.36 ^ _152_/B2 (sky130_fd_sc_hd__a22o_1)
     1    0.00    0.04    0.12    0.48 ^ _152_/X (sky130_fd_sc_hd__a22o_1)
                                         _060_ (net)
                  0.04    0.00    0.48 ^ _153_/B (sky130_fd_sc_hd__and2_1)
     1    0.00    0.04    0.10    0.58 ^ _153_/X (sky130_fd_sc_hd__and2_1)
                                         _030_ (net)
                  0.04    0.00    0.58 ^ _187_/D (sky130_fd_sc_hd__dfxtp_1)
                                  0.58   data arrival time

                  0.15    0.00    0.00   clock clk (rise edge)
                          0.00    0.00   clock network delay (ideal)
                          0.25    0.25   clock uncertainty
                          0.00    0.25   clock reconvergence pessimism
                                  0.25 ^ _187_/CLK (sky130_fd_sc_hd__dfxtp_1)
                         -0.02    0.23   library hold time
                                  0.23   data required time
-----------------------------------------------------------------------------
                                  0.23   data required time
                                 -0.58   data arrival time
-----------------------------------------------------------------------------
                                  0.34   slack (MET)


Startpoint: _188_ (rising edge-triggered flip-flop clocked by clk)
Endpoint: _188_ (rising edge-triggered flip-flop clocked by clk)
Path Group: clk
Path Type: min

Fanout     Cap    Slew   Delay    Time   Description
-----------------------------------------------------------------------------
                  0.15    0.00    0.00   clock clk (rise edge)
                          0.00    0.00   clock network delay (ideal)
                  0.15    0.00    0.00 ^ _188_/CLK (sky130_fd_sc_hd__dfxtp_1)
     3    0.01    0.09    0.36    0.36 ^ _188_/Q (sky130_fd_sc_hd__dfxtp_1)
                                         rx_shift_reg[7] (net)
                  0.09    0.00    0.36 ^ _154_/B2 (sky130_fd_sc_hd__a22o_1)
     1    0.00    0.04    0.12    0.47 ^ _154_/X (sky130_fd_sc_hd__a22o_1)
                                         _061_ (net)
                  0.04    0.00    0.47 ^ _155_/B (sky130_fd_sc_hd__and2_1)
     1    0.00    0.04    0.10    0.58 ^ _155_/X (sky130_fd_sc_hd__and2_1)
                                         _031_ (net)
                  0.04    0.00    0.58 ^ _188_/D (sky130_fd_sc_hd__dfxtp_1)
                                  0.58   data arrival time

                  0.15    0.00    0.00   clock clk (rise edge)
                          0.00    0.00   clock network delay (ideal)
                          0.25    0.25   clock uncertainty
                          0.00    0.25   clock reconvergence pessimism
                                  0.25 ^ _188_/CLK (sky130_fd_sc_hd__dfxtp_1)
                         -0.02    0.23   library hold time
                                  0.23   data required time
-----------------------------------------------------------------------------
                                  0.23   data required time
                                 -0.58   data arrival time
-----------------------------------------------------------------------------
                                  0.34   slack (MET)


Startpoint: _185_ (rising edge-triggered flip-flop clocked by clk)
Endpoint: _185_ (rising edge-triggered flip-flop clocked by clk)
Path Group: clk
Path Type: min

Fanout     Cap    Slew   Delay    Time   Description
-----------------------------------------------------------------------------
                  0.15    0.00    0.00   clock clk (rise edge)
                          0.00    0.00   clock network delay (ideal)
                  0.15    0.00    0.00 ^ _185_/CLK (sky130_fd_sc_hd__dfxtp_1)
     3    0.01    0.09    0.36    0.36 ^ _185_/Q (sky130_fd_sc_hd__dfxtp_1)
                                         rx_shift_reg[4] (net)
                  0.09    0.00    0.36 ^ _148_/B2 (sky130_fd_sc_hd__a22o_1)
     1    0.00    0.04    0.12    0.48 ^ _148_/X (sky130_fd_sc_hd__a22o_1)
                                         _058_ (net)
                  0.04    0.00    0.48 ^ _149_/B (sky130_fd_sc_hd__and2_1)
     1    0.00    0.04    0.10    0.58 ^ _149_/X (sky130_fd_sc_hd__and2_1)
                                         _028_ (net)
                  0.04    0.00    0.58 ^ _185_/D (sky130_fd_sc_hd__dfxtp_1)
                                  0.58   data arrival time

                  0.15    0.00    0.00   clock clk (rise edge)
                          0.00    0.00   clock network delay (ideal)
                          0.25    0.25   clock uncertainty
                          0.00    0.25   clock reconvergence pessimism
                                  0.25 ^ _185_/CLK (sky130_fd_sc_hd__dfxtp_1)
                         -0.02    0.23   library hold time
                                  0.23   data required time
-----------------------------------------------------------------------------
                                  0.23   data required time
                                 -0.58   data arrival time
-----------------------------------------------------------------------------
                                  0.34   slack (MET)


Startpoint: _175_ (rising edge-triggered flip-flop clocked by clk)
Endpoint: _189_ (rising edge-triggered flip-flop clocked by clk)
Path Group: clk
Path Type: min

Fanout     Cap    Slew   Delay    Time   Description
-----------------------------------------------------------------------------
                  0.15    0.00    0.00   clock clk (rise edge)
                          0.00    0.00   clock network delay (ideal)
                  0.15    0.00    0.00 ^ _175_/CLK (sky130_fd_sc_hd__dfxtp_1)
     2    0.01    0.04    0.33    0.33 v _175_/Q (sky130_fd_sc_hd__dfxtp_1)
                                         tx_bit_cnt[2] (net)
                  0.04    0.00    0.33 v _125_/A (sky130_fd_sc_hd__inv_2)
     1    0.00    0.03    0.04    0.37 ^ _125_/Y (sky130_fd_sc_hd__inv_2)
                                         _045_ (net)
                  0.03    0.00    0.37 ^ _126_/A1 (sky130_fd_sc_hd__o21a_1)
     2    0.01    0.07    0.12    0.49 ^ _126_/X (sky130_fd_sc_hd__o21a_1)
                                         _046_ (net)
                  0.07    0.00    0.49 ^ _156_/A2 (sky130_fd_sc_hd__o21a_1)
     1    0.00    0.03    0.09    0.59 ^ _156_/X (sky130_fd_sc_hd__o21a_1)
                                         _032_ (net)
                  0.03    0.00    0.59 ^ _189_/D (sky130_fd_sc_hd__dfxtp_1)
                                  0.59   data arrival time

                  0.15    0.00    0.00   clock clk (rise edge)
                          0.00    0.00   clock network delay (ideal)
                          0.25    0.25   clock uncertainty
                          0.00    0.25   clock reconvergence pessimism
                                  0.25 ^ _189_/CLK (sky130_fd_sc_hd__dfxtp_1)
                         -0.02    0.23   library hold time
                                  0.23   data required time
-----------------------------------------------------------------------------
                                  0.23   data required time
                                 -0.59   data arrival time
-----------------------------------------------------------------------------
                                  0.35   slack (MET)


Startpoint: _164_ (rising edge-triggered flip-flop clocked by clk)
Endpoint: _164_ (rising edge-triggered flip-flop clocked by clk)
Path Group: clk
Path Type: min

Fanout     Cap    Slew   Delay    Time   Description
-----------------------------------------------------------------------------
                  0.15    0.00    0.00   clock clk (rise edge)
                          0.00    0.00   clock network delay (ideal)
                  0.15    0.00    0.00 ^ _164_/CLK (sky130_fd_sc_hd__dfxtp_2)
     8    0.03    0.16    0.42    0.42 ^ _164_/Q (sky130_fd_sc_hd__dfxtp_2)
                                         rx_busy (net)
                  0.16    0.00    0.42 ^ _108_/A1 (sky130_fd_sc_hd__a21boi_4)
    10    0.03    0.06    0.11    0.52 v _108_/Y (sky130_fd_sc_hd__a21boi_4)
                                         _039_ (net)
                  0.06    0.00    0.52 v _109_/B (sky130_fd_sc_hd__and2b_1)
     1    0.00    0.03    0.15    0.67 v _109_/X (sky130_fd_sc_hd__and2b_1)
                                         _007_ (net)
                  0.03    0.00    0.67 v _164_/D (sky130_fd_sc_hd__dfxtp_2)
                                  0.67   data arrival time

                  0.15    0.00    0.00   clock clk (rise edge)
                          0.00    0.00   clock network delay (ideal)
                          0.25    0.25   clock uncertainty
                          0.00    0.25   clock reconvergence pessimism
                                  0.25 ^ _164_/CLK (sky130_fd_sc_hd__dfxtp_2)
                         -0.02    0.23   library hold time
                                  0.23   data required time
-----------------------------------------------------------------------------
                                  0.23   data required time
                                 -0.67   data arrival time
-----------------------------------------------------------------------------
                                  0.44   slack (MET)


Startpoint: _177_ (rising edge-triggered flip-flop clocked by clk)
Endpoint: Tx (output port clocked by clk)
Path Group: clk
Path Type: min

Fanout     Cap    Slew   Delay    Time   Description
-----------------------------------------------------------------------------
                  0.15    0.00    0.00   clock clk (rise edge)
                          0.00    0.00   clock network delay (ideal)
                  0.15    0.00    0.00 ^ _177_/CLK (sky130_fd_sc_hd__dfxtp_1)
     1    0.00    0.03    0.31    0.31 v _177_/Q (sky130_fd_sc_hd__dfxtp_1)
                                         net13 (net)
                  0.03    0.00    0.31 v output13/A (sky130_fd_sc_hd__buf_1)
     1    0.00    0.01    0.06    0.37 v output13/X (sky130_fd_sc_hd__buf_1)
                                         Tx (net)
                  0.01    0.00    0.37 v Tx (out)
                                  0.37   data arrival time

                  0.15    0.00    0.00   clock clk (rise edge)
                          0.00    0.00   clock network delay (ideal)
                          0.25    0.25   clock uncertainty
                          0.00    0.25   clock reconvergence pessimism
                         -2.00   -1.75   output external delay
                                 -1.75   data required time
-----------------------------------------------------------------------------
                                 -1.75   data required time
                                 -0.37   data arrival time
-----------------------------------------------------------------------------
                                  2.12   slack (MET)


Startpoint: _172_ (rising edge-triggered flip-flop clocked by clk)
Endpoint: rx_data[7] (output port clocked by clk)
Path Group: clk
Path Type: min

Fanout     Cap    Slew   Delay    Time   Description
-----------------------------------------------------------------------------
                  0.15    0.00    0.00   clock clk (rise edge)
                          0.00    0.00   clock network delay (ideal)
                  0.15    0.00    0.00 ^ _172_/CLK (sky130_fd_sc_hd__dfxtp_1)
     2    0.00    0.04    0.32    0.32 v _172_/Q (sky130_fd_sc_hd__dfxtp_1)
                                         net22 (net)
                  0.04    0.00    0.32 v output22/A (sky130_fd_sc_hd__buf_1)
     1    0.00    0.01    0.07    0.39 v output22/X (sky130_fd_sc_hd__buf_1)
                                         rx_data[7] (net)
                  0.01    0.00    0.39 v rx_data[7] (out)
                                  0.39   data arrival time

                  0.15    0.00    0.00   clock clk (rise edge)
                          0.00    0.00   clock network delay (ideal)
                          0.25    0.25   clock uncertainty
                          0.00    0.25   clock reconvergence pessimism
                         -2.00   -1.75   output external delay
                                 -1.75   data required time
-----------------------------------------------------------------------------
                                 -1.75   data required time
                                 -0.39   data arrival time
-----------------------------------------------------------------------------
                                  2.14   slack (MET)


Startpoint: _169_ (rising edge-triggered flip-flop clocked by clk)
Endpoint: rx_data[4] (output port clocked by clk)
Path Group: clk
Path Type: min

Fanout     Cap    Slew   Delay    Time   Description
-----------------------------------------------------------------------------
                  0.15    0.00    0.00   clock clk (rise edge)
                          0.00    0.00   clock network delay (ideal)
                  0.15    0.00    0.00 ^ _169_/CLK (sky130_fd_sc_hd__dfxtp_1)
     2    0.00    0.04    0.32    0.32 v _169_/Q (sky130_fd_sc_hd__dfxtp_1)
                                         net19 (net)
                  0.04    0.00    0.32 v output19/A (sky130_fd_sc_hd__buf_1)
     1    0.00    0.02    0.07    0.39 v output19/X (sky130_fd_sc_hd__buf_1)
                                         rx_data[4] (net)
                  0.02    0.00    0.39 v rx_data[4] (out)
                                  0.39   data arrival time

                  0.15    0.00    0.00   clock clk (rise edge)
                          0.00    0.00   clock network delay (ideal)
                          0.25    0.25   clock uncertainty
                          0.00    0.25   clock reconvergence pessimism
                         -2.00   -1.75   output external delay
                                 -1.75   data required time
-----------------------------------------------------------------------------
                                 -1.75   data required time
                                 -0.39   data arrival time
-----------------------------------------------------------------------------
                                  2.14   slack (MET)


Startpoint: _166_ (rising edge-triggered flip-flop clocked by clk)
Endpoint: rx_data[1] (output port clocked by clk)
Path Group: clk
Path Type: min

Fanout     Cap    Slew   Delay    Time   Description
-----------------------------------------------------------------------------
                  0.15    0.00    0.00   clock clk (rise edge)
                          0.00    0.00   clock network delay (ideal)
                  0.15    0.00    0.00 ^ _166_/CLK (sky130_fd_sc_hd__dfxtp_1)
     2    0.01    0.04    0.32    0.32 v _166_/Q (sky130_fd_sc_hd__dfxtp_1)
                                         net16 (net)
                  0.04    0.00    0.32 v output16/A (sky130_fd_sc_hd__buf_1)
     1    0.00    0.01    0.07    0.39 v output16/X (sky130_fd_sc_hd__buf_1)
                                         rx_data[1] (net)
                  0.01    0.00    0.39 v rx_data[1] (out)
                                  0.39   data arrival time

                  0.15    0.00    0.00   clock clk (rise edge)
                          0.00    0.00   clock network delay (ideal)
                          0.25    0.25   clock uncertainty
                          0.00    0.25   clock reconvergence pessimism
                         -2.00   -1.75   output external delay
                                 -1.75   data required time
-----------------------------------------------------------------------------
                                 -1.75   data required time
                                 -0.39   data arrival time
-----------------------------------------------------------------------------
                                  2.14   slack (MET)


Startpoint: _171_ (rising edge-triggered flip-flop clocked by clk)
Endpoint: rx_data[6] (output port clocked by clk)
Path Group: clk
Path Type: min

Fanout     Cap    Slew   Delay    Time   Description
-----------------------------------------------------------------------------
                  0.15    0.00    0.00   clock clk (rise edge)
                          0.00    0.00   clock network delay (ideal)
                  0.15    0.00    0.00 ^ _171_/CLK (sky130_fd_sc_hd__dfxtp_1)
     2    0.01    0.04    0.32    0.32 v _171_/Q (sky130_fd_sc_hd__dfxtp_1)
                                         net21 (net)
                  0.04    0.00    0.32 v output21/A (sky130_fd_sc_hd__buf_1)
     1    0.00    0.02    0.07    0.39 v output21/X (sky130_fd_sc_hd__buf_1)
                                         rx_data[6] (net)
                  0.02    0.00    0.39 v rx_data[6] (out)
                                  0.39   data arrival time

                  0.15    0.00    0.00   clock clk (rise edge)
                          0.00    0.00   clock network delay (ideal)
                          0.25    0.25   clock uncertainty
                          0.00    0.25   clock reconvergence pessimism
                         -2.00   -1.75   output external delay
                                 -1.75   data required time
-----------------------------------------------------------------------------
                                 -1.75   data required time
                                 -0.39   data arrival time
-----------------------------------------------------------------------------
                                  2.14   slack (MET)


Startpoint: _165_ (rising edge-triggered flip-flop clocked by clk)
Endpoint: rx_data[0] (output port clocked by clk)
Path Group: clk
Path Type: min

Fanout     Cap    Slew   Delay    Time   Description
-----------------------------------------------------------------------------
                  0.15    0.00    0.00   clock clk (rise edge)
                          0.00    0.00   clock network delay (ideal)
                  0.15    0.00    0.00 ^ _165_/CLK (sky130_fd_sc_hd__dfxtp_1)
     2    0.01    0.04    0.32    0.32 v _165_/Q (sky130_fd_sc_hd__dfxtp_1)
                                         net15 (net)
                  0.04    0.00    0.32 v output15/A (sky130_fd_sc_hd__buf_1)
     1    0.00    0.02    0.07    0.39 v output15/X (sky130_fd_sc_hd__buf_1)
                                         rx_data[0] (net)
                  0.02    0.00    0.39 v rx_data[0] (out)
                                  0.39   data arrival time

                  0.15    0.00    0.00   clock clk (rise edge)
                          0.00    0.00   clock network delay (ideal)
                          0.25    0.25   clock uncertainty
                          0.00    0.25   clock reconvergence pessimism
                         -2.00   -1.75   output external delay
                                 -1.75   data required time
-----------------------------------------------------------------------------
                                 -1.75   data required time
                                 -0.39   data arrival time
-----------------------------------------------------------------------------
                                  2.14   slack (MET)


Startpoint: _168_ (rising edge-triggered flip-flop clocked by clk)
Endpoint: rx_data[3] (output port clocked by clk)
Path Group: clk
Path Type: min

Fanout     Cap    Slew   Delay    Time   Description
-----------------------------------------------------------------------------
                  0.15    0.00    0.00   clock clk (rise edge)
                          0.00    0.00   clock network delay (ideal)
                  0.15    0.00    0.00 ^ _168_/CLK (sky130_fd_sc_hd__dfxtp_1)
     2    0.01    0.04    0.32    0.32 v _168_/Q (sky130_fd_sc_hd__dfxtp_1)
                                         net18 (net)
                  0.04    0.00    0.32 v output18/A (sky130_fd_sc_hd__buf_1)
     1    0.00    0.02    0.07    0.39 v output18/X (sky130_fd_sc_hd__buf_1)
                                         rx_data[3] (net)
                  0.02    0.00    0.39 v rx_data[3] (out)
                                  0.39   data arrival time

                  0.15    0.00    0.00   clock clk (rise edge)
                          0.00    0.00   clock network delay (ideal)
                          0.25    0.25   clock uncertainty
                          0.00    0.25   clock reconvergence pessimism
                         -2.00   -1.75   output external delay
                                 -1.75   data required time
-----------------------------------------------------------------------------
                                 -1.75   data required time
                                 -0.39   data arrival time
-----------------------------------------------------------------------------
                                  2.14   slack (MET)


Startpoint: _170_ (rising edge-triggered flip-flop clocked by clk)
Endpoint: rx_data[5] (output port clocked by clk)
Path Group: clk
Path Type: min

Fanout     Cap    Slew   Delay    Time   Description
-----------------------------------------------------------------------------
                  0.15    0.00    0.00   clock clk (rise edge)
                          0.00    0.00   clock network delay (ideal)
                  0.15    0.00    0.00 ^ _170_/CLK (sky130_fd_sc_hd__dfxtp_1)
     2    0.01    0.04    0.32    0.32 v _170_/Q (sky130_fd_sc_hd__dfxtp_1)
                                         net20 (net)
                  0.04    0.00    0.32 v output20/A (sky130_fd_sc_hd__buf_1)
     1    0.00    0.01    0.07    0.39 v output20/X (sky130_fd_sc_hd__buf_1)
                                         rx_data[5] (net)
                  0.01    0.00    0.39 v rx_data[5] (out)
                                  0.39   data arrival time

                  0.15    0.00    0.00   clock clk (rise edge)
                          0.00    0.00   clock network delay (ideal)
                          0.25    0.25   clock uncertainty
                          0.00    0.25   clock reconvergence pessimism
                         -2.00   -1.75   output external delay
                                 -1.75   data required time
-----------------------------------------------------------------------------
                                 -1.75   data required time
                                 -0.39   data arrival time
-----------------------------------------------------------------------------
                                  2.14   slack (MET)


Startpoint: _167_ (rising edge-triggered flip-flop clocked by clk)
Endpoint: rx_data[2] (output port clocked by clk)
Path Group: clk
Path Type: min

Fanout     Cap    Slew   Delay    Time   Description
-----------------------------------------------------------------------------
                  0.15    0.00    0.00   clock clk (rise edge)
                          0.00    0.00   clock network delay (ideal)
                  0.15    0.00    0.00 ^ _167_/CLK (sky130_fd_sc_hd__dfxtp_1)
     2    0.01    0.04    0.33    0.33 v _167_/Q (sky130_fd_sc_hd__dfxtp_1)
                                         net17 (net)
                  0.04    0.00    0.33 v output17/A (sky130_fd_sc_hd__buf_1)
     1    0.00    0.02    0.07    0.40 v output17/X (sky130_fd_sc_hd__buf_1)
                                         rx_data[2] (net)
                  0.02    0.00    0.40 v rx_data[2] (out)
                                  0.40   data arrival time

                  0.15    0.00    0.00   clock clk (rise edge)
                          0.00    0.00   clock network delay (ideal)
                          0.25    0.25   clock uncertainty
                          0.00    0.25   clock reconvergence pessimism
                         -2.00   -1.75   output external delay
                                 -1.75   data required time
-----------------------------------------------------------------------------
                                 -1.75   data required time
                                 -0.40   data arrival time
-----------------------------------------------------------------------------
                                  2.15   slack (MET)


Startpoint: _164_ (rising edge-triggered flip-flop clocked by clk)
Endpoint: busy (output port clocked by clk)
Path Group: clk
Path Type: min

Fanout     Cap    Slew   Delay    Time   Description
-----------------------------------------------------------------------------
                  0.15    0.00    0.00   clock clk (rise edge)
                          0.00    0.00   clock network delay (ideal)
                  0.15    0.00    0.00 ^ _164_/CLK (sky130_fd_sc_hd__dfxtp_2)
     8    0.03    0.16    0.42    0.42 ^ _164_/Q (sky130_fd_sc_hd__dfxtp_2)
                                         rx_busy (net)
                  0.16    0.00    0.42 ^ _078_/A (sky130_fd_sc_hd__buf_2)
    10    0.03    0.15    0.21    0.62 ^ _078_/X (sky130_fd_sc_hd__buf_2)
                                         _062_ (net)
                  0.15    0.00    0.62 ^ _080_/A (sky130_fd_sc_hd__or2_1)
     1    0.00    0.04    0.12    0.74 ^ _080_/X (sky130_fd_sc_hd__or2_1)
                                         net14 (net)
                  0.04    0.00    0.74 ^ output14/A (sky130_fd_sc_hd__buf_1)
     1    0.00    0.02    0.06    0.80 ^ output14/X (sky130_fd_sc_hd__buf_1)
                                         busy (net)
                  0.02    0.00    0.80 ^ busy (out)
                                  0.80   data arrival time

                  0.15    0.00    0.00   clock clk (rise edge)
                          0.00    0.00   clock network delay (ideal)
                          0.25    0.25   clock uncertainty
                          0.00    0.25   clock reconvergence pessimism
                         -2.00   -1.75   output external delay
                                 -1.75   data required time
-----------------------------------------------------------------------------
                                 -1.75   data required time
                                 -0.80   data arrival time
-----------------------------------------------------------------------------
                                  2.55   slack (MET)



worst slack corner Typical: 0.2145
